[2024-11-12T04:29:07.896+0000] {local_task_job_runner.py:120} INFO - ::group::Pre task execution logs
[2024-11-12T04:29:07.915+0000] {taskinstance.py:2076} INFO - Dependencies all met for dep_context=non-requeueable deps ti=<TaskInstance: BuildELT_dbt.dbt_run manual__2024-11-12T04:29:06.675653+00:00 [queued]>
[2024-11-12T04:29:07.918+0000] {taskinstance.py:2076} INFO - Dependencies all met for dep_context=requeueable deps ti=<TaskInstance: BuildELT_dbt.dbt_run manual__2024-11-12T04:29:06.675653+00:00 [queued]>
[2024-11-12T04:29:07.918+0000] {taskinstance.py:2306} INFO - Starting attempt 1 of 1
[2024-11-12T04:29:07.923+0000] {taskinstance.py:2330} INFO - Executing <Task(BashOperator): dbt_run> on 2024-11-12 04:29:06.675653+00:00
[2024-11-12T04:29:07.927+0000] {logging_mixin.py:188} WARNING - /home/***/.local/lib/python3.12/site-packages/***/task/task_runner/standard_task_runner.py:61 DeprecationWarning: This process (pid=2296) is multi-threaded, use of fork() may lead to deadlocks in the child.
[2024-11-12T04:29:07.926+0000] {standard_task_runner.py:90} INFO - Running: ['***', 'tasks', 'run', 'BuildELT_dbt', 'dbt_run', 'manual__2024-11-12T04:29:06.675653+00:00', '--job-id', '256', '--raw', '--subdir', 'DAGS_FOLDER/build_elt_with_dbt.py', '--cfg-path', '/tmp/tmp1pfeleb8']
[2024-11-12T04:29:07.928+0000] {standard_task_runner.py:91} INFO - Job 256: Subtask dbt_run
[2024-11-12T04:29:07.928+0000] {standard_task_runner.py:63} INFO - Started process 2302 to run task
[2024-11-12T04:29:07.949+0000] {task_command.py:426} INFO - Running <TaskInstance: BuildELT_dbt.dbt_run manual__2024-11-12T04:29:06.675653+00:00 [running]> on host c4dbd180ae41
[2024-11-12T04:29:07.981+0000] {taskinstance.py:2648} INFO - Exporting env vars: AIRFLOW_CTX_DAG_OWNER='***' AIRFLOW_CTX_DAG_ID='BuildELT_dbt' AIRFLOW_CTX_TASK_ID='dbt_run' AIRFLOW_CTX_EXECUTION_DATE='2024-11-12T04:29:06.675653+00:00' AIRFLOW_CTX_TRY_NUMBER='1' AIRFLOW_CTX_DAG_RUN_ID='manual__2024-11-12T04:29:06.675653+00:00'
[2024-11-12T04:29:07.981+0000] {taskinstance.py:430} INFO - ::endgroup::
[2024-11-12T04:29:07.989+0000] {subprocess.py:63} INFO - Tmp dir root location: /tmp
[2024-11-12T04:29:07.990+0000] {subprocess.py:75} INFO - Running command: ['/usr/bin/bash', '-c', '/home/***/.local/bin/dbt run --profiles-dir /opt/***/lab --project-dir /opt/***/lab']
[2024-11-12T04:29:07.993+0000] {subprocess.py:86} INFO - Output:
[2024-11-12T04:29:09.126+0000] {subprocess.py:93} INFO - [0m04:29:09  Running with dbt=1.8.7
[2024-11-12T04:29:09.611+0000] {subprocess.py:93} INFO - [0m04:29:09  Registered adapter: snowflake=1.8.4
[2024-11-12T04:29:09.799+0000] {subprocess.py:93} INFO - [0m04:29:09  Found 3 models, 1 test, 1 snapshot, 2 sources, 459 macros
[2024-11-12T04:29:09.800+0000] {subprocess.py:93} INFO - [0m04:29:09
[2024-11-12T04:29:11.798+0000] {subprocess.py:93} INFO - [0m04:29:11  Concurrency: 1 threads (target='dev')
[2024-11-12T04:29:11.803+0000] {subprocess.py:93} INFO - [0m04:29:11
[2024-11-12T04:29:11.818+0000] {subprocess.py:93} INFO - [0m04:29:11  1 of 2 START sql table model stock.RSI_Calculation ............................. [RUN]
[2024-11-12T04:29:13.315+0000] {subprocess.py:93} INFO - [0m04:29:13  1 of 2 OK created sql table model stock.RSI_Calculation ........................ [[32mSUCCESS 1[0m in 1.49s]
[2024-11-12T04:29:13.325+0000] {subprocess.py:93} INFO - [0m04:29:13  2 of 2 START sql table model stock.macd_calculation ............................ [RUN]
[2024-11-12T04:29:14.944+0000] {subprocess.py:93} INFO - [0m04:29:14  2 of 2 OK created sql table model stock.macd_calculation ....................... [[32mSUCCESS 1[0m in 1.61s]
[2024-11-12T04:29:14.950+0000] {subprocess.py:93} INFO - [0m04:29:14
[2024-11-12T04:29:14.951+0000] {subprocess.py:93} INFO - [0m04:29:14  Finished running 2 table models in 0 hours 0 minutes and 5.15 seconds (5.15s).
[2024-11-12T04:29:14.990+0000] {subprocess.py:93} INFO - [0m04:29:14
[2024-11-12T04:29:14.991+0000] {subprocess.py:93} INFO - [0m04:29:14  [32mCompleted successfully[0m
[2024-11-12T04:29:14.991+0000] {subprocess.py:93} INFO - [0m04:29:14
[2024-11-12T04:29:14.992+0000] {subprocess.py:93} INFO - [0m04:29:14  Done. PASS=2 WARN=0 ERROR=0 SKIP=0 TOTAL=2
[2024-11-12T04:29:15.735+0000] {subprocess.py:97} INFO - Command exited with return code 0
[2024-11-12T04:29:15.737+0000] {taskinstance.py:441} INFO - ::group::Post task execution logs
[2024-11-12T04:29:15.759+0000] {taskinstance.py:1206} INFO - Marking task as SUCCESS. dag_id=BuildELT_dbt, task_id=dbt_run, run_id=manual__2024-11-12T04:29:06.675653+00:00, execution_date=20241112T042906, start_date=20241112T042907, end_date=20241112T042915
[2024-11-12T04:29:15.794+0000] {local_task_job_runner.py:240} INFO - Task exited with return code 0
[2024-11-12T04:29:15.808+0000] {taskinstance.py:3498} INFO - 1 downstream tasks scheduled from follow-on schedule check
[2024-11-12T04:29:15.809+0000] {local_task_job_runner.py:222} INFO - ::endgroup::
