[2024-11-12T19:34:07.432+0000] {local_task_job_runner.py:120} INFO - ::group::Pre task execution logs
[2024-11-12T19:34:07.443+0000] {taskinstance.py:2076} INFO - Dependencies all met for dep_context=non-requeueable deps ti=<TaskInstance: BuildELT_dbt.dbt_snapshot manual__2024-11-12T19:33:52.386301+00:00 [queued]>
[2024-11-12T19:34:07.446+0000] {taskinstance.py:2076} INFO - Dependencies all met for dep_context=requeueable deps ti=<TaskInstance: BuildELT_dbt.dbt_snapshot manual__2024-11-12T19:33:52.386301+00:00 [queued]>
[2024-11-12T19:34:07.446+0000] {taskinstance.py:2306} INFO - Starting attempt 1 of 1
[2024-11-12T19:34:07.450+0000] {taskinstance.py:2330} INFO - Executing <Task(BashOperator): dbt_snapshot> on 2024-11-12 19:33:52.386301+00:00
[2024-11-12T19:34:07.453+0000] {standard_task_runner.py:90} INFO - Running: ['***', 'tasks', 'run', 'BuildELT_dbt', 'dbt_snapshot', 'manual__2024-11-12T19:33:52.386301+00:00', '--job-id', '274', '--raw', '--subdir', 'DAGS_FOLDER/build_elt_with_dbt.py', '--cfg-path', '/tmp/tmp102b2yk_']
[2024-11-12T19:34:07.455+0000] {standard_task_runner.py:91} INFO - Job 274: Subtask dbt_snapshot
[2024-11-12T19:34:07.454+0000] {logging_mixin.py:188} WARNING - /home/***/.local/lib/python3.12/site-packages/***/task/task_runner/standard_task_runner.py:61 DeprecationWarning: This process (pid=460) is multi-threaded, use of fork() may lead to deadlocks in the child.
[2024-11-12T19:34:07.455+0000] {standard_task_runner.py:63} INFO - Started process 461 to run task
[2024-11-12T19:34:07.471+0000] {task_command.py:426} INFO - Running <TaskInstance: BuildELT_dbt.dbt_snapshot manual__2024-11-12T19:33:52.386301+00:00 [running]> on host 1d275d47a176
[2024-11-12T19:34:07.500+0000] {taskinstance.py:2648} INFO - Exporting env vars: AIRFLOW_CTX_DAG_OWNER='***' AIRFLOW_CTX_DAG_ID='BuildELT_dbt' AIRFLOW_CTX_TASK_ID='dbt_snapshot' AIRFLOW_CTX_EXECUTION_DATE='2024-11-12T19:33:52.386301+00:00' AIRFLOW_CTX_TRY_NUMBER='1' AIRFLOW_CTX_DAG_RUN_ID='manual__2024-11-12T19:33:52.386301+00:00'
[2024-11-12T19:34:07.500+0000] {taskinstance.py:430} INFO - ::endgroup::
[2024-11-12T19:34:07.506+0000] {subprocess.py:63} INFO - Tmp dir root location: /tmp
[2024-11-12T19:34:07.506+0000] {subprocess.py:75} INFO - Running command: ['/usr/bin/bash', '-c', '/home/***/.local/bin/dbt snapshot --profiles-dir /opt/***/lab --project-dir /opt/***/lab']
[2024-11-12T19:34:07.509+0000] {subprocess.py:86} INFO - Output:
[2024-11-12T19:34:08.419+0000] {subprocess.py:93} INFO - [0m19:34:08  Running with dbt=1.8.7
[2024-11-12T19:34:08.832+0000] {subprocess.py:93} INFO - [0m19:34:08  Registered adapter: snowflake=1.8.4
[2024-11-12T19:34:09.013+0000] {subprocess.py:93} INFO - [0m19:34:09  Found 3 models, 1 test, 1 snapshot, 2 sources, 459 macros
[2024-11-12T19:34:09.015+0000] {subprocess.py:93} INFO - [0m19:34:09
[2024-11-12T19:34:11.134+0000] {subprocess.py:93} INFO - [0m19:34:11  Concurrency: 1 threads (target='dev')
[2024-11-12T19:34:11.135+0000] {subprocess.py:93} INFO - [0m19:34:11
[2024-11-12T19:34:11.152+0000] {subprocess.py:93} INFO - [0m19:34:11  1 of 1 START snapshot snapshot.snapshot_macd_calculation ....................... [RUN]
[2024-11-12T19:34:15.572+0000] {subprocess.py:93} INFO - [0m19:34:15  1 of 1 OK snapshotted snapshot.snapshot_macd_calculation ....................... [[32mSUCCESS 0[0m in 4.41s]
[2024-11-12T19:34:15.579+0000] {subprocess.py:93} INFO - [0m19:34:15
[2024-11-12T19:34:15.580+0000] {subprocess.py:93} INFO - [0m19:34:15  Finished running 1 snapshot in 0 hours 0 minutes and 6.56 seconds (6.56s).
[2024-11-12T19:34:15.611+0000] {subprocess.py:93} INFO - [0m19:34:15
[2024-11-12T19:34:15.612+0000] {subprocess.py:93} INFO - [0m19:34:15  [32mCompleted successfully[0m
[2024-11-12T19:34:15.612+0000] {subprocess.py:93} INFO - [0m19:34:15
[2024-11-12T19:34:15.612+0000] {subprocess.py:93} INFO - [0m19:34:15  Done. PASS=1 WARN=0 ERROR=0 SKIP=0 TOTAL=1
[2024-11-12T19:34:16.229+0000] {subprocess.py:97} INFO - Command exited with return code 0
[2024-11-12T19:34:16.230+0000] {taskinstance.py:441} INFO - ::group::Post task execution logs
[2024-11-12T19:34:16.258+0000] {taskinstance.py:1206} INFO - Marking task as SUCCESS. dag_id=BuildELT_dbt, task_id=dbt_snapshot, run_id=manual__2024-11-12T19:33:52.386301+00:00, execution_date=20241112T193352, start_date=20241112T193407, end_date=20241112T193416
[2024-11-12T19:34:16.311+0000] {local_task_job_runner.py:240} INFO - Task exited with return code 0
[2024-11-12T19:34:16.320+0000] {taskinstance.py:3498} INFO - 0 downstream tasks scheduled from follow-on schedule check
[2024-11-12T19:34:16.321+0000] {local_task_job_runner.py:222} INFO - ::endgroup::
