[2024-11-12T04:27:37.079+0000] {local_task_job_runner.py:120} INFO - ::group::Pre task execution logs
[2024-11-12T04:27:37.103+0000] {taskinstance.py:2076} INFO - Dependencies all met for dep_context=non-requeueable deps ti=<TaskInstance: BuildELT_dbt.dbt_run manual__2024-11-12T04:27:36.421509+00:00 [queued]>
[2024-11-12T04:27:37.110+0000] {taskinstance.py:2076} INFO - Dependencies all met for dep_context=requeueable deps ti=<TaskInstance: BuildELT_dbt.dbt_run manual__2024-11-12T04:27:36.421509+00:00 [queued]>
[2024-11-12T04:27:37.111+0000] {taskinstance.py:2306} INFO - Starting attempt 1 of 1
[2024-11-12T04:27:37.120+0000] {taskinstance.py:2330} INFO - Executing <Task(BashOperator): dbt_run> on 2024-11-12 04:27:36.421509+00:00
[2024-11-12T04:27:37.124+0000] {standard_task_runner.py:90} INFO - Running: ['***', 'tasks', 'run', 'BuildELT_dbt', 'dbt_run', 'manual__2024-11-12T04:27:36.421509+00:00', '--job-id', '253', '--raw', '--subdir', 'DAGS_FOLDER/build_elt_with_dbt.py', '--cfg-path', '/tmp/tmpj9yscdf2']
[2024-11-12T04:27:37.127+0000] {standard_task_runner.py:91} INFO - Job 253: Subtask dbt_run
[2024-11-12T04:27:37.129+0000] {logging_mixin.py:188} WARNING - /home/***/.local/lib/python3.12/site-packages/***/task/task_runner/standard_task_runner.py:61 DeprecationWarning: This process (pid=2128) is multi-threaded, use of fork() may lead to deadlocks in the child.
[2024-11-12T04:27:37.129+0000] {standard_task_runner.py:63} INFO - Started process 2144 to run task
[2024-11-12T04:27:37.158+0000] {task_command.py:426} INFO - Running <TaskInstance: BuildELT_dbt.dbt_run manual__2024-11-12T04:27:36.421509+00:00 [running]> on host c4dbd180ae41
[2024-11-12T04:27:37.221+0000] {taskinstance.py:2648} INFO - Exporting env vars: AIRFLOW_CTX_DAG_OWNER='***' AIRFLOW_CTX_DAG_ID='BuildELT_dbt' AIRFLOW_CTX_TASK_ID='dbt_run' AIRFLOW_CTX_EXECUTION_DATE='2024-11-12T04:27:36.421509+00:00' AIRFLOW_CTX_TRY_NUMBER='1' AIRFLOW_CTX_DAG_RUN_ID='manual__2024-11-12T04:27:36.421509+00:00'
[2024-11-12T04:27:37.222+0000] {taskinstance.py:430} INFO - ::endgroup::
[2024-11-12T04:27:37.236+0000] {subprocess.py:63} INFO - Tmp dir root location: /tmp
[2024-11-12T04:27:37.237+0000] {subprocess.py:75} INFO - Running command: ['/usr/bin/bash', '-c', '/home/***/.local/bin/dbt run --profiles-dir /opt/***/lab --project-dir /opt/***/lab']
[2024-11-12T04:27:37.242+0000] {subprocess.py:86} INFO - Output:
[2024-11-12T04:27:38.297+0000] {subprocess.py:93} INFO - [0m04:27:38  Running with dbt=1.8.7
[2024-11-12T04:27:38.798+0000] {subprocess.py:93} INFO - [0m04:27:38  Registered adapter: snowflake=1.8.4
[2024-11-12T04:27:39.068+0000] {subprocess.py:93} INFO - [0m04:27:39  Found 3 models, 1 test, 1 snapshot, 2 sources, 459 macros
[2024-11-12T04:27:39.069+0000] {subprocess.py:93} INFO - [0m04:27:39
[2024-11-12T04:27:41.496+0000] {subprocess.py:93} INFO - [0m04:27:41  Concurrency: 1 threads (target='dev')
[2024-11-12T04:27:41.499+0000] {subprocess.py:93} INFO - [0m04:27:41
[2024-11-12T04:27:41.514+0000] {subprocess.py:93} INFO - [0m04:27:41  1 of 2 START sql table model stock.RSI_Calculation ............................. [RUN]
[2024-11-12T04:27:43.068+0000] {subprocess.py:93} INFO - [0m04:27:43  1 of 2 OK created sql table model stock.RSI_Calculation ........................ [[32mSUCCESS 1[0m in 1.55s]
[2024-11-12T04:27:43.078+0000] {subprocess.py:93} INFO - [0m04:27:43  2 of 2 START sql table model stock.macd_calculation ............................ [RUN]
[2024-11-12T04:27:44.520+0000] {subprocess.py:93} INFO - [0m04:27:44  2 of 2 OK created sql table model stock.macd_calculation ....................... [[32mSUCCESS 1[0m in 1.44s]
[2024-11-12T04:27:44.525+0000] {subprocess.py:93} INFO - [0m04:27:44
[2024-11-12T04:27:44.526+0000] {subprocess.py:93} INFO - [0m04:27:44  Finished running 2 table models in 0 hours 0 minutes and 5.46 seconds (5.46s).
[2024-11-12T04:27:44.559+0000] {subprocess.py:93} INFO - [0m04:27:44
[2024-11-12T04:27:44.559+0000] {subprocess.py:93} INFO - [0m04:27:44  [32mCompleted successfully[0m
[2024-11-12T04:27:44.560+0000] {subprocess.py:93} INFO - [0m04:27:44
[2024-11-12T04:27:44.560+0000] {subprocess.py:93} INFO - [0m04:27:44  Done. PASS=2 WARN=0 ERROR=0 SKIP=0 TOTAL=2
[2024-11-12T04:27:45.318+0000] {subprocess.py:97} INFO - Command exited with return code 0
[2024-11-12T04:27:45.320+0000] {taskinstance.py:441} INFO - ::group::Post task execution logs
[2024-11-12T04:27:45.345+0000] {taskinstance.py:1206} INFO - Marking task as SUCCESS. dag_id=BuildELT_dbt, task_id=dbt_run, run_id=manual__2024-11-12T04:27:36.421509+00:00, execution_date=20241112T042736, start_date=20241112T042737, end_date=20241112T042745
[2024-11-12T04:27:45.363+0000] {local_task_job_runner.py:240} INFO - Task exited with return code 0
[2024-11-12T04:27:45.376+0000] {taskinstance.py:3498} INFO - 1 downstream tasks scheduled from follow-on schedule check
[2024-11-12T04:27:45.377+0000] {local_task_job_runner.py:222} INFO - ::endgroup::
