[2024-11-12T20:14:10.514+0000] {local_task_job_runner.py:120} INFO - ::group::Pre task execution logs
[2024-11-12T20:14:10.532+0000] {taskinstance.py:2076} INFO - Dependencies all met for dep_context=non-requeueable deps ti=<TaskInstance: BuildELT_dbt.dbt_run manual__2024-11-12T20:14:09.882640+00:00 [queued]>
[2024-11-12T20:14:10.535+0000] {taskinstance.py:2076} INFO - Dependencies all met for dep_context=requeueable deps ti=<TaskInstance: BuildELT_dbt.dbt_run manual__2024-11-12T20:14:09.882640+00:00 [queued]>
[2024-11-12T20:14:10.535+0000] {taskinstance.py:2306} INFO - Starting attempt 1 of 1
[2024-11-12T20:14:10.540+0000] {taskinstance.py:2330} INFO - Executing <Task(BashOperator): dbt_run> on 2024-11-12 20:14:09.882640+00:00
[2024-11-12T20:14:10.544+0000] {standard_task_runner.py:90} INFO - Running: ['***', 'tasks', 'run', 'BuildELT_dbt', 'dbt_run', 'manual__2024-11-12T20:14:09.882640+00:00', '--job-id', '293', '--raw', '--subdir', 'DAGS_FOLDER/build_elt_with_dbt.py', '--cfg-path', '/tmp/tmp7loth0bt']
[2024-11-12T20:14:10.546+0000] {standard_task_runner.py:91} INFO - Job 293: Subtask dbt_run
[2024-11-12T20:14:10.546+0000] {logging_mixin.py:188} WARNING - /home/***/.local/lib/python3.12/site-packages/***/task/task_runner/standard_task_runner.py:61 DeprecationWarning: This process (pid=2295) is multi-threaded, use of fork() may lead to deadlocks in the child.
[2024-11-12T20:14:10.547+0000] {standard_task_runner.py:63} INFO - Started process 2296 to run task
[2024-11-12T20:14:10.572+0000] {task_command.py:426} INFO - Running <TaskInstance: BuildELT_dbt.dbt_run manual__2024-11-12T20:14:09.882640+00:00 [running]> on host ff1b9c31ae4f
[2024-11-12T20:14:10.620+0000] {taskinstance.py:2648} INFO - Exporting env vars: AIRFLOW_CTX_DAG_OWNER='***' AIRFLOW_CTX_DAG_ID='BuildELT_dbt' AIRFLOW_CTX_TASK_ID='dbt_run' AIRFLOW_CTX_EXECUTION_DATE='2024-11-12T20:14:09.882640+00:00' AIRFLOW_CTX_TRY_NUMBER='1' AIRFLOW_CTX_DAG_RUN_ID='manual__2024-11-12T20:14:09.882640+00:00'
[2024-11-12T20:14:10.620+0000] {taskinstance.py:430} INFO - ::endgroup::
[2024-11-12T20:14:10.633+0000] {subprocess.py:63} INFO - Tmp dir root location: /tmp
[2024-11-12T20:14:10.634+0000] {subprocess.py:75} INFO - Running command: ['/usr/bin/bash', '-c', '/home/***/.local/bin/dbt run --profiles-dir /opt/***/lab --project-dir /opt/***/lab']
[2024-11-12T20:14:10.638+0000] {subprocess.py:86} INFO - Output:
[2024-11-12T20:14:11.625+0000] {subprocess.py:93} INFO - [0m20:14:11  Running with dbt=1.8.7
[2024-11-12T20:14:12.080+0000] {subprocess.py:93} INFO - [0m20:14:12  Registered adapter: snowflake=1.8.4
[2024-11-12T20:14:12.415+0000] {subprocess.py:93} INFO - [0m20:14:12  Found 3 models, 1 test, 2 snapshots, 2 sources, 459 macros
[2024-11-12T20:14:12.416+0000] {subprocess.py:93} INFO - [0m20:14:12
[2024-11-12T20:14:14.822+0000] {subprocess.py:93} INFO - [0m20:14:14  Concurrency: 1 threads (target='dev')
[2024-11-12T20:14:14.824+0000] {subprocess.py:93} INFO - [0m20:14:14
[2024-11-12T20:14:14.833+0000] {subprocess.py:93} INFO - [0m20:14:14  1 of 2 START sql table model stock.RSI_Calculation ............................. [RUN]
[2024-11-12T20:14:16.889+0000] {subprocess.py:93} INFO - [0m20:14:16  1 of 2 OK created sql table model stock.RSI_Calculation ........................ [[32mSUCCESS 1[0m in 2.05s]
[2024-11-12T20:14:16.900+0000] {subprocess.py:93} INFO - [0m20:14:16  2 of 2 START sql table model stock.macd_calculation ............................ [RUN]
[2024-11-12T20:14:19.183+0000] {subprocess.py:93} INFO - [0m20:14:19  2 of 2 OK created sql table model stock.macd_calculation ....................... [[32mSUCCESS 1[0m in 2.28s]
[2024-11-12T20:14:19.189+0000] {subprocess.py:93} INFO - [0m20:14:19
[2024-11-12T20:14:19.190+0000] {subprocess.py:93} INFO - [0m20:14:19  Finished running 2 table models in 0 hours 0 minutes and 6.77 seconds (6.77s).
[2024-11-12T20:14:19.223+0000] {subprocess.py:93} INFO - [0m20:14:19
[2024-11-12T20:14:19.224+0000] {subprocess.py:93} INFO - [0m20:14:19  [32mCompleted successfully[0m
[2024-11-12T20:14:19.224+0000] {subprocess.py:93} INFO - [0m20:14:19
[2024-11-12T20:14:19.224+0000] {subprocess.py:93} INFO - [0m20:14:19  Done. PASS=2 WARN=0 ERROR=0 SKIP=0 TOTAL=2
[2024-11-12T20:14:19.844+0000] {subprocess.py:97} INFO - Command exited with return code 0
[2024-11-12T20:14:19.845+0000] {taskinstance.py:441} INFO - ::group::Post task execution logs
[2024-11-12T20:14:19.861+0000] {taskinstance.py:1206} INFO - Marking task as SUCCESS. dag_id=BuildELT_dbt, task_id=dbt_run, run_id=manual__2024-11-12T20:14:09.882640+00:00, execution_date=20241112T201409, start_date=20241112T201410, end_date=20241112T201419
[2024-11-12T20:14:19.888+0000] {local_task_job_runner.py:240} INFO - Task exited with return code 0
[2024-11-12T20:14:19.902+0000] {taskinstance.py:3498} INFO - 1 downstream tasks scheduled from follow-on schedule check
[2024-11-12T20:14:19.903+0000] {local_task_job_runner.py:222} INFO - ::endgroup::
