[2024-11-12T19:22:02.672+0000] {local_task_job_runner.py:120} INFO - ::group::Pre task execution logs
[2024-11-12T19:22:02.715+0000] {taskinstance.py:2076} INFO - Dependencies all met for dep_context=non-requeueable deps ti=<TaskInstance: BuildELT_dbt.dbt_run manual__2024-11-12T19:22:01.846566+00:00 [queued]>
[2024-11-12T19:22:02.722+0000] {taskinstance.py:2076} INFO - Dependencies all met for dep_context=requeueable deps ti=<TaskInstance: BuildELT_dbt.dbt_run manual__2024-11-12T19:22:01.846566+00:00 [queued]>
[2024-11-12T19:22:02.722+0000] {taskinstance.py:2306} INFO - Starting attempt 1 of 1
[2024-11-12T19:22:02.735+0000] {taskinstance.py:2330} INFO - Executing <Task(BashOperator): dbt_run> on 2024-11-12 19:22:01.846566+00:00
[2024-11-12T19:22:02.747+0000] {standard_task_runner.py:90} INFO - Running: ['***', 'tasks', 'run', 'BuildELT_dbt', 'dbt_run', 'manual__2024-11-12T19:22:01.846566+00:00', '--job-id', '266', '--raw', '--subdir', 'DAGS_FOLDER/build_elt_with_dbt.py', '--cfg-path', '/tmp/tmp_2ske0e7']
[2024-11-12T19:22:02.753+0000] {standard_task_runner.py:91} INFO - Job 266: Subtask dbt_run
[2024-11-12T19:22:02.753+0000] {logging_mixin.py:188} WARNING - /home/***/.local/lib/python3.12/site-packages/***/task/task_runner/standard_task_runner.py:61 DeprecationWarning: This process (pid=464) is multi-threaded, use of fork() may lead to deadlocks in the child.
[2024-11-12T19:22:02.757+0000] {standard_task_runner.py:63} INFO - Started process 465 to run task
[2024-11-12T19:22:02.818+0000] {task_command.py:426} INFO - Running <TaskInstance: BuildELT_dbt.dbt_run manual__2024-11-12T19:22:01.846566+00:00 [running]> on host 7e37cfc765ee
[2024-11-12T19:22:02.932+0000] {taskinstance.py:2648} INFO - Exporting env vars: AIRFLOW_CTX_DAG_OWNER='***' AIRFLOW_CTX_DAG_ID='BuildELT_dbt' AIRFLOW_CTX_TASK_ID='dbt_run' AIRFLOW_CTX_EXECUTION_DATE='2024-11-12T19:22:01.846566+00:00' AIRFLOW_CTX_TRY_NUMBER='1' AIRFLOW_CTX_DAG_RUN_ID='manual__2024-11-12T19:22:01.846566+00:00'
[2024-11-12T19:22:02.935+0000] {taskinstance.py:430} INFO - ::endgroup::
[2024-11-12T19:22:02.957+0000] {subprocess.py:63} INFO - Tmp dir root location: /tmp
[2024-11-12T19:22:02.959+0000] {subprocess.py:75} INFO - Running command: ['/usr/bin/bash', '-c', '/home/***/.local/bin/dbt run --profiles-dir /opt/***/lab --project-dir /opt/***/lab']
[2024-11-12T19:22:02.978+0000] {subprocess.py:86} INFO - Output:
[2024-11-12T19:22:04.294+0000] {subprocess.py:93} INFO - [0m19:22:04  Running with dbt=1.8.7
[2024-11-12T19:22:04.839+0000] {subprocess.py:93} INFO - [0m19:22:04  Registered adapter: snowflake=1.8.4
[2024-11-12T19:22:05.035+0000] {subprocess.py:93} INFO - [0m19:22:05  Found 3 models, 1 test, 1 snapshot, 2 sources, 459 macros
[2024-11-12T19:22:05.037+0000] {subprocess.py:93} INFO - [0m19:22:05
[2024-11-12T19:22:08.337+0000] {subprocess.py:93} INFO - [0m19:22:08  Concurrency: 1 threads (target='dev')
[2024-11-12T19:22:08.339+0000] {subprocess.py:93} INFO - [0m19:22:08
[2024-11-12T19:22:08.353+0000] {subprocess.py:93} INFO - [0m19:22:08  1 of 2 START sql table model stock.RSI_Calculation ............................. [RUN]
[2024-11-12T19:22:10.914+0000] {subprocess.py:93} INFO - [0m19:22:10  1 of 2 OK created sql table model stock.RSI_Calculation ........................ [[32mSUCCESS 1[0m in 2.56s]
[2024-11-12T19:22:10.921+0000] {subprocess.py:93} INFO - [0m19:22:10  2 of 2 START sql table model stock.macd_calculation ............................ [RUN]
[2024-11-12T19:22:12.933+0000] {subprocess.py:93} INFO - [0m19:22:12  2 of 2 OK created sql table model stock.macd_calculation ....................... [[32mSUCCESS 1[0m in 2.01s]
[2024-11-12T19:22:12.940+0000] {subprocess.py:93} INFO - [0m19:22:12
[2024-11-12T19:22:12.940+0000] {subprocess.py:93} INFO - [0m19:22:12  Finished running 2 table models in 0 hours 0 minutes and 7.90 seconds (7.90s).
[2024-11-12T19:22:12.975+0000] {subprocess.py:93} INFO - [0m19:22:12
[2024-11-12T19:22:12.976+0000] {subprocess.py:93} INFO - [0m19:22:12  [32mCompleted successfully[0m
[2024-11-12T19:22:12.976+0000] {subprocess.py:93} INFO - [0m19:22:12
[2024-11-12T19:22:12.977+0000] {subprocess.py:93} INFO - [0m19:22:12  Done. PASS=2 WARN=0 ERROR=0 SKIP=0 TOTAL=2
[2024-11-12T19:22:13.678+0000] {subprocess.py:97} INFO - Command exited with return code 0
[2024-11-12T19:22:13.679+0000] {taskinstance.py:441} INFO - ::group::Post task execution logs
[2024-11-12T19:22:13.700+0000] {taskinstance.py:1206} INFO - Marking task as SUCCESS. dag_id=BuildELT_dbt, task_id=dbt_run, run_id=manual__2024-11-12T19:22:01.846566+00:00, execution_date=20241112T192201, start_date=20241112T192202, end_date=20241112T192213
[2024-11-12T19:22:13.718+0000] {local_task_job_runner.py:240} INFO - Task exited with return code 0
[2024-11-12T19:22:13.731+0000] {taskinstance.py:3498} INFO - 1 downstream tasks scheduled from follow-on schedule check
[2024-11-12T19:22:13.732+0000] {local_task_job_runner.py:222} INFO - ::endgroup::
