[2024-11-12T04:32:04.351+0000] {local_task_job_runner.py:120} INFO - ::group::Pre task execution logs
[2024-11-12T04:32:04.368+0000] {taskinstance.py:2076} INFO - Dependencies all met for dep_context=non-requeueable deps ti=<TaskInstance: BuildELT_dbt.dbt_snapshot manual__2024-11-12T04:31:50.428154+00:00 [queued]>
[2024-11-12T04:32:04.371+0000] {taskinstance.py:2076} INFO - Dependencies all met for dep_context=requeueable deps ti=<TaskInstance: BuildELT_dbt.dbt_snapshot manual__2024-11-12T04:31:50.428154+00:00 [queued]>
[2024-11-12T04:32:04.371+0000] {taskinstance.py:2306} INFO - Starting attempt 1 of 1
[2024-11-12T04:32:04.376+0000] {taskinstance.py:2330} INFO - Executing <Task(BashOperator): dbt_snapshot> on 2024-11-12 04:31:50.428154+00:00
[2024-11-12T04:32:04.379+0000] {standard_task_runner.py:90} INFO - Running: ['***', 'tasks', 'run', 'BuildELT_dbt', 'dbt_snapshot', 'manual__2024-11-12T04:31:50.428154+00:00', '--job-id', '264', '--raw', '--subdir', 'DAGS_FOLDER/build_elt_with_dbt.py', '--cfg-path', '/tmp/tmply5dki7o']
[2024-11-12T04:32:04.381+0000] {standard_task_runner.py:91} INFO - Job 264: Subtask dbt_snapshot
[2024-11-12T04:32:04.381+0000] {logging_mixin.py:188} WARNING - /home/***/.local/lib/python3.12/site-packages/***/task/task_runner/standard_task_runner.py:61 DeprecationWarning: This process (pid=2690) is multi-threaded, use of fork() may lead to deadlocks in the child.
[2024-11-12T04:32:04.382+0000] {standard_task_runner.py:63} INFO - Started process 2691 to run task
[2024-11-12T04:32:04.401+0000] {task_command.py:426} INFO - Running <TaskInstance: BuildELT_dbt.dbt_snapshot manual__2024-11-12T04:31:50.428154+00:00 [running]> on host c4dbd180ae41
[2024-11-12T04:32:04.431+0000] {taskinstance.py:2648} INFO - Exporting env vars: AIRFLOW_CTX_DAG_OWNER='***' AIRFLOW_CTX_DAG_ID='BuildELT_dbt' AIRFLOW_CTX_TASK_ID='dbt_snapshot' AIRFLOW_CTX_EXECUTION_DATE='2024-11-12T04:31:50.428154+00:00' AIRFLOW_CTX_TRY_NUMBER='1' AIRFLOW_CTX_DAG_RUN_ID='manual__2024-11-12T04:31:50.428154+00:00'
[2024-11-12T04:32:04.431+0000] {taskinstance.py:430} INFO - ::endgroup::
[2024-11-12T04:32:04.438+0000] {subprocess.py:63} INFO - Tmp dir root location: /tmp
[2024-11-12T04:32:04.439+0000] {subprocess.py:75} INFO - Running command: ['/usr/bin/bash', '-c', '/home/***/.local/bin/dbt snapshot --profiles-dir /opt/***/lab --project-dir /opt/***/lab']
[2024-11-12T04:32:04.443+0000] {subprocess.py:86} INFO - Output:
[2024-11-12T04:32:05.416+0000] {subprocess.py:93} INFO - [0m04:32:05  Running with dbt=1.8.7
[2024-11-12T04:32:05.883+0000] {subprocess.py:93} INFO - [0m04:32:05  Registered adapter: snowflake=1.8.4
[2024-11-12T04:32:06.071+0000] {subprocess.py:93} INFO - [0m04:32:06  Found 3 models, 1 test, 1 snapshot, 2 sources, 459 macros
[2024-11-12T04:32:06.072+0000] {subprocess.py:93} INFO - [0m04:32:06
[2024-11-12T04:32:08.180+0000] {subprocess.py:93} INFO - [0m04:32:08  Concurrency: 1 threads (target='dev')
[2024-11-12T04:32:08.182+0000] {subprocess.py:93} INFO - [0m04:32:08
[2024-11-12T04:32:08.197+0000] {subprocess.py:93} INFO - [0m04:32:08  1 of 1 START snapshot snapshot.snapshot_macd_calculation ....................... [RUN]
[2024-11-12T04:32:09.878+0000] {subprocess.py:93} INFO - [0m04:32:09  1 of 1 OK snapshotted snapshot.snapshot_macd_calculation ....................... [[32mSUCCESS 1[0m in 1.67s]
[2024-11-12T04:32:09.887+0000] {subprocess.py:93} INFO - [0m04:32:09
[2024-11-12T04:32:09.888+0000] {subprocess.py:93} INFO - [0m04:32:09  Finished running 1 snapshot in 0 hours 0 minutes and 3.81 seconds (3.81s).
[2024-11-12T04:32:09.925+0000] {subprocess.py:93} INFO - [0m04:32:09
[2024-11-12T04:32:09.925+0000] {subprocess.py:93} INFO - [0m04:32:09  [32mCompleted successfully[0m
[2024-11-12T04:32:09.926+0000] {subprocess.py:93} INFO - [0m04:32:09
[2024-11-12T04:32:09.926+0000] {subprocess.py:93} INFO - [0m04:32:09  Done. PASS=1 WARN=0 ERROR=0 SKIP=0 TOTAL=1
[2024-11-12T04:32:10.554+0000] {subprocess.py:97} INFO - Command exited with return code 0
[2024-11-12T04:32:10.555+0000] {taskinstance.py:441} INFO - ::group::Post task execution logs
[2024-11-12T04:32:10.582+0000] {taskinstance.py:1206} INFO - Marking task as SUCCESS. dag_id=BuildELT_dbt, task_id=dbt_snapshot, run_id=manual__2024-11-12T04:31:50.428154+00:00, execution_date=20241112T043150, start_date=20241112T043204, end_date=20241112T043210
[2024-11-12T04:32:10.630+0000] {local_task_job_runner.py:240} INFO - Task exited with return code 0
[2024-11-12T04:32:10.640+0000] {taskinstance.py:3498} INFO - 0 downstream tasks scheduled from follow-on schedule check
[2024-11-12T04:32:10.641+0000] {local_task_job_runner.py:222} INFO - ::endgroup::
