[2024-11-12T00:13:38.377+0000] {local_task_job_runner.py:120} INFO - ::group::Pre task execution logs
[2024-11-12T00:13:38.404+0000] {taskinstance.py:2076} INFO - Dependencies all met for dep_context=non-requeueable deps ti=<TaskInstance: Pipeline_STOCK_ETL.create_load_incremental scheduled__2024-11-11T00:00:00+00:00 [queued]>
[2024-11-12T00:13:38.414+0000] {taskinstance.py:2076} INFO - Dependencies all met for dep_context=requeueable deps ti=<TaskInstance: Pipeline_STOCK_ETL.create_load_incremental scheduled__2024-11-11T00:00:00+00:00 [queued]>
[2024-11-12T00:13:38.415+0000] {taskinstance.py:2306} INFO - Starting attempt 1 of 1
[2024-11-12T00:13:38.426+0000] {taskinstance.py:2330} INFO - Executing <Task(_PythonDecoratedOperator): create_load_incremental> on 2024-11-11 00:00:00+00:00
[2024-11-12T00:13:38.449+0000] {logging_mixin.py:188} WARNING - /home/***/.local/lib/python3.12/site-packages/***/task/task_runner/standard_task_runner.py:61 DeprecationWarning: This process (pid=8700) is multi-threaded, use of fork() may lead to deadlocks in the child.
[2024-11-12T00:13:38.450+0000] {standard_task_runner.py:63} INFO - Started process 8703 to run task
[2024-11-12T00:13:38.446+0000] {standard_task_runner.py:90} INFO - Running: ['***', 'tasks', 'run', 'Pipeline_STOCK_ETL', 'create_load_incremental', 'scheduled__2024-11-11T00:00:00+00:00', '--job-id', '195', '--raw', '--subdir', 'DAGS_FOLDER/stock_pipeline_ETL_Lab2.py', '--cfg-path', '/tmp/tmpgxxozs6i']
[2024-11-12T00:13:38.453+0000] {standard_task_runner.py:91} INFO - Job 195: Subtask create_load_incremental
[2024-11-12T00:13:38.518+0000] {task_command.py:426} INFO - Running <TaskInstance: Pipeline_STOCK_ETL.create_load_incremental scheduled__2024-11-11T00:00:00+00:00 [running]> on host 4a66d1a109be
[2024-11-12T00:13:38.580+0000] {taskinstance.py:2648} INFO - Exporting env vars: AIRFLOW_CTX_DAG_OWNER='***' AIRFLOW_CTX_DAG_ID='Pipeline_STOCK_ETL' AIRFLOW_CTX_TASK_ID='create_load_incremental' AIRFLOW_CTX_EXECUTION_DATE='2024-11-11T00:00:00+00:00' AIRFLOW_CTX_TRY_NUMBER='1' AIRFLOW_CTX_DAG_RUN_ID='scheduled__2024-11-11T00:00:00+00:00'
[2024-11-12T00:13:38.581+0000] {taskinstance.py:430} INFO - ::endgroup::
[2024-11-12T00:13:38.586+0000] {base.py:84} INFO - Using connection ID 'snowflake_conn' for task execution.
[2024-11-12T00:13:38.587+0000] {connection.py:399} INFO - Snowflake Connector for Python Version: 3.10.0, Python Version: 3.12.3, Platform: Linux-6.10.4-linuxkit-aarch64-with-glibc2.36
[2024-11-12T00:13:38.588+0000] {connection.py:1239} INFO - This connection is in OCSP Fail Open Mode. TLS Certificates would be checked for validity and revocation status. Any other Certificate Revocation related exceptions or OCSP Responder failures would be disregarded in favor of connectivity.
[2024-11-12T00:13:39.591+0000] {cursor.py:1149} INFO - Number of results in first chunk: 1
[2024-11-12T00:13:39.951+0000] {cursor.py:1149} INFO - Number of results in first chunk: 1
[2024-11-12T00:16:05.689+0000] {cursor.py:1149} INFO - Number of results in first chunk: 1
[2024-11-12T00:16:06.883+0000] {cursor.py:1149} INFO - Number of results in first chunk: 1
[2024-11-12T00:16:06.885+0000] {logging_mixin.py:188} INFO - Stage Table dev.stock.stock_price_stage, Target table create 'dev.stock.stock_price_analysis', Data loaded successfully in both the tables using Incremental Load 
[2024-11-12T00:16:06.886+0000] {python.py:237} INFO - Done. Returned value was: None
[2024-11-12T00:16:06.887+0000] {taskinstance.py:441} INFO - ::group::Post task execution logs
[2024-11-12T00:16:06.916+0000] {taskinstance.py:1206} INFO - Marking task as SUCCESS. dag_id=Pipeline_STOCK_ETL, task_id=create_load_incremental, run_id=scheduled__2024-11-11T00:00:00+00:00, execution_date=20241111T000000, start_date=20241112T001338, end_date=20241112T001606
[2024-11-12T00:16:06.962+0000] {local_task_job_runner.py:240} INFO - Task exited with return code 0
[2024-11-12T00:16:06.984+0000] {taskinstance.py:3498} INFO - 1 downstream tasks scheduled from follow-on schedule check
[2024-11-12T00:16:06.985+0000] {local_task_job_runner.py:222} INFO - ::endgroup::
