[2024-11-11T21:04:02.840+0000] {local_task_job_runner.py:120} INFO - ::group::Pre task execution logs
[2024-11-11T21:04:02.863+0000] {taskinstance.py:2076} INFO - Dependencies all met for dep_context=non-requeueable deps ti=<TaskInstance: Pipeline_STOCK_ETL.trigger_pipeline_continuation manual__2024-11-11T21:01:56.284182+00:00 [queued]>
[2024-11-11T21:04:02.867+0000] {taskinstance.py:2076} INFO - Dependencies all met for dep_context=requeueable deps ti=<TaskInstance: Pipeline_STOCK_ETL.trigger_pipeline_continuation manual__2024-11-11T21:01:56.284182+00:00 [queued]>
[2024-11-11T21:04:02.867+0000] {taskinstance.py:2306} INFO - Starting attempt 1 of 1
[2024-11-11T21:04:02.873+0000] {taskinstance.py:2330} INFO - Executing <Task(TriggerDagRunOperator): trigger_pipeline_continuation> on 2024-11-11 21:01:56.284182+00:00
[2024-11-11T21:04:02.886+0000] {logging_mixin.py:188} WARNING - /home/***/.local/lib/python3.12/site-packages/***/task/task_runner/standard_task_runner.py:61 DeprecationWarning: This process (pid=943) is multi-threaded, use of fork() may lead to deadlocks in the child.
[2024-11-11T21:04:02.886+0000] {standard_task_runner.py:63} INFO - Started process 946 to run task
[2024-11-11T21:04:02.884+0000] {standard_task_runner.py:90} INFO - Running: ['***', 'tasks', 'run', 'Pipeline_STOCK_ETL', 'trigger_pipeline_continuation', 'manual__2024-11-11T21:01:56.284182+00:00', '--job-id', '187', '--raw', '--subdir', 'DAGS_FOLDER/stock_pipeline_ETL_Lab2.py', '--cfg-path', '/tmp/tmpcedamko7']
[2024-11-11T21:04:02.887+0000] {standard_task_runner.py:91} INFO - Job 187: Subtask trigger_pipeline_continuation
[2024-11-11T21:04:02.923+0000] {task_command.py:426} INFO - Running <TaskInstance: Pipeline_STOCK_ETL.trigger_pipeline_continuation manual__2024-11-11T21:01:56.284182+00:00 [running]> on host e028a737bff6
[2024-11-11T21:04:02.970+0000] {taskinstance.py:2648} INFO - Exporting env vars: AIRFLOW_CTX_DAG_OWNER='***' AIRFLOW_CTX_DAG_ID='Pipeline_STOCK_ETL' AIRFLOW_CTX_TASK_ID='trigger_pipeline_continuation' AIRFLOW_CTX_EXECUTION_DATE='2024-11-11T21:01:56.284182+00:00' AIRFLOW_CTX_TRY_NUMBER='1' AIRFLOW_CTX_DAG_RUN_ID='manual__2024-11-11T21:01:56.284182+00:00'
[2024-11-11T21:04:02.971+0000] {taskinstance.py:430} INFO - ::endgroup::
[2024-11-11T21:04:02.978+0000] {taskinstance.py:441} INFO - ::group::Post task execution logs
[2024-11-11T21:04:02.980+0000] {taskinstance.py:2905} ERROR - Task failed with exception
Traceback (most recent call last):
  File "/home/airflow/.local/lib/python3.12/site-packages/airflow/models/taskinstance.py", line 465, in _execute_task
    result = _execute_callable(context=context, **execute_callable_kwargs)
             ^^^^^^^^^^^^^^^^^^^^^^^^^^^^^^^^^^^^^^^^^^^^^^^^^^^^^^^^^^^^^
  File "/home/airflow/.local/lib/python3.12/site-packages/airflow/models/taskinstance.py", line 432, in _execute_callable
    return execute_callable(context=context, **execute_callable_kwargs)
           ^^^^^^^^^^^^^^^^^^^^^^^^^^^^^^^^^^^^^^^^^^^^^^^^^^^^^^^^^^^^
  File "/home/airflow/.local/lib/python3.12/site-packages/airflow/models/baseoperator.py", line 400, in wrapper
    return func(self, *args, **kwargs)
           ^^^^^^^^^^^^^^^^^^^^^^^^^^^
  File "/home/airflow/.local/lib/python3.12/site-packages/airflow/operators/trigger_dagrun.py", line 177, in execute
    dag_run = trigger_dag(
              ^^^^^^^^^^^^
  File "/home/airflow/.local/lib/python3.12/site-packages/airflow/api/common/trigger_dag.py", line 126, in trigger_dag
    triggers = _trigger_dag(
               ^^^^^^^^^^^^^
  File "/home/airflow/.local/lib/python3.12/site-packages/airflow/api/common/trigger_dag.py", line 56, in _trigger_dag
    raise DagNotFound(f"Dag id {dag_id} not found")
airflow.exceptions.DagNotFound: Dag id BuildELT_dbt not found
[2024-11-11T21:04:02.983+0000] {taskinstance.py:1206} INFO - Marking task as FAILED. dag_id=Pipeline_STOCK_ETL, task_id=trigger_pipeline_continuation, run_id=manual__2024-11-11T21:01:56.284182+00:00, execution_date=20241111T210156, start_date=20241111T210402, end_date=20241111T210402
[2024-11-11T21:04:02.989+0000] {standard_task_runner.py:110} ERROR - Failed to execute job 187 for task trigger_pipeline_continuation (Dag id BuildELT_dbt not found; 946)
[2024-11-11T21:04:03.028+0000] {local_task_job_runner.py:240} INFO - Task exited with return code 1
[2024-11-11T21:04:03.035+0000] {taskinstance.py:3498} INFO - 0 downstream tasks scheduled from follow-on schedule check
[2024-11-11T21:04:03.036+0000] {local_task_job_runner.py:222} INFO - ::endgroup::
