[2024-11-12T04:25:02.778+0000] {local_task_job_runner.py:120} INFO - ::group::Pre task execution logs
[2024-11-12T04:25:02.839+0000] {taskinstance.py:2076} INFO - Dependencies all met for dep_context=non-requeueable deps ti=<TaskInstance: BuildELT_dbt.dbt_run manual__2024-11-12T04:25:02.296746+00:00 [queued]>
[2024-11-12T04:25:02.843+0000] {taskinstance.py:2076} INFO - Dependencies all met for dep_context=requeueable deps ti=<TaskInstance: BuildELT_dbt.dbt_run manual__2024-11-12T04:25:02.296746+00:00 [queued]>
[2024-11-12T04:25:02.844+0000] {taskinstance.py:2306} INFO - Starting attempt 1 of 1
[2024-11-12T04:25:02.852+0000] {taskinstance.py:2330} INFO - Executing <Task(BashOperator): dbt_run> on 2024-11-12 04:25:02.296746+00:00
[2024-11-12T04:25:02.858+0000] {standard_task_runner.py:90} INFO - Running: ['***', 'tasks', 'run', 'BuildELT_dbt', 'dbt_run', 'manual__2024-11-12T04:25:02.296746+00:00', '--job-id', '250', '--raw', '--subdir', 'DAGS_FOLDER/build_elt_with_dbt.py', '--cfg-path', '/tmp/tmpxa_b9frs']
[2024-11-12T04:25:02.860+0000] {standard_task_runner.py:91} INFO - Job 250: Subtask dbt_run
[2024-11-12T04:25:02.859+0000] {logging_mixin.py:188} WARNING - /home/***/.local/lib/python3.12/site-packages/***/task/task_runner/standard_task_runner.py:61 DeprecationWarning: This process (pid=1856) is multi-threaded, use of fork() may lead to deadlocks in the child.
[2024-11-12T04:25:02.861+0000] {standard_task_runner.py:63} INFO - Started process 1860 to run task
[2024-11-12T04:25:02.893+0000] {task_command.py:426} INFO - Running <TaskInstance: BuildELT_dbt.dbt_run manual__2024-11-12T04:25:02.296746+00:00 [running]> on host c4dbd180ae41
[2024-11-12T04:25:02.930+0000] {taskinstance.py:2648} INFO - Exporting env vars: AIRFLOW_CTX_DAG_OWNER='***' AIRFLOW_CTX_DAG_ID='BuildELT_dbt' AIRFLOW_CTX_TASK_ID='dbt_run' AIRFLOW_CTX_EXECUTION_DATE='2024-11-12T04:25:02.296746+00:00' AIRFLOW_CTX_TRY_NUMBER='1' AIRFLOW_CTX_DAG_RUN_ID='manual__2024-11-12T04:25:02.296746+00:00'
[2024-11-12T04:25:02.930+0000] {taskinstance.py:430} INFO - ::endgroup::
[2024-11-12T04:25:02.937+0000] {subprocess.py:63} INFO - Tmp dir root location: /tmp
[2024-11-12T04:25:02.938+0000] {subprocess.py:75} INFO - Running command: ['/usr/bin/bash', '-c', '/home/***/.local/bin/dbt run --profiles-dir /opt/***/lab --project-dir /opt/***/lab']
[2024-11-12T04:25:02.942+0000] {subprocess.py:86} INFO - Output:
[2024-11-12T04:25:03.999+0000] {subprocess.py:93} INFO - [0m04:25:03  Running with dbt=1.8.7
[2024-11-12T04:25:04.451+0000] {subprocess.py:93} INFO - [0m04:25:04  Registered adapter: snowflake=1.8.4
[2024-11-12T04:25:04.730+0000] {subprocess.py:93} INFO - [0m04:25:04  Found 3 models, 1 test, 1 snapshot, 2 sources, 459 macros
[2024-11-12T04:25:04.731+0000] {subprocess.py:93} INFO - [0m04:25:04
[2024-11-12T04:25:06.766+0000] {subprocess.py:93} INFO - [0m04:25:06  Concurrency: 1 threads (target='dev')
[2024-11-12T04:25:06.768+0000] {subprocess.py:93} INFO - [0m04:25:06
[2024-11-12T04:25:06.780+0000] {subprocess.py:93} INFO - [0m04:25:06  1 of 2 START sql table model stock.RSI_Calculation ............................. [RUN]
[2024-11-12T04:25:08.164+0000] {subprocess.py:93} INFO - [0m04:25:08  1 of 2 OK created sql table model stock.RSI_Calculation ........................ [[32mSUCCESS 1[0m in 1.38s]
[2024-11-12T04:25:08.169+0000] {subprocess.py:93} INFO - [0m04:25:08  2 of 2 START sql table model stock.macd_calculation ............................ [RUN]
[2024-11-12T04:25:09.691+0000] {subprocess.py:93} INFO - [0m04:25:09  2 of 2 OK created sql table model stock.macd_calculation ....................... [[32mSUCCESS 1[0m in 1.52s]
[2024-11-12T04:25:09.699+0000] {subprocess.py:93} INFO - [0m04:25:09
[2024-11-12T04:25:09.700+0000] {subprocess.py:93} INFO - [0m04:25:09  Finished running 2 table models in 0 hours 0 minutes and 4.97 seconds (4.97s).
[2024-11-12T04:25:09.736+0000] {subprocess.py:93} INFO - [0m04:25:09
[2024-11-12T04:25:09.736+0000] {subprocess.py:93} INFO - [0m04:25:09  [32mCompleted successfully[0m
[2024-11-12T04:25:09.737+0000] {subprocess.py:93} INFO - [0m04:25:09
[2024-11-12T04:25:09.737+0000] {subprocess.py:93} INFO - [0m04:25:09  Done. PASS=2 WARN=0 ERROR=0 SKIP=0 TOTAL=2
[2024-11-12T04:25:10.359+0000] {subprocess.py:97} INFO - Command exited with return code 0
[2024-11-12T04:25:10.360+0000] {taskinstance.py:441} INFO - ::group::Post task execution logs
[2024-11-12T04:25:10.384+0000] {taskinstance.py:1206} INFO - Marking task as SUCCESS. dag_id=BuildELT_dbt, task_id=dbt_run, run_id=manual__2024-11-12T04:25:02.296746+00:00, execution_date=20241112T042502, start_date=20241112T042502, end_date=20241112T042510
[2024-11-12T04:25:10.444+0000] {local_task_job_runner.py:240} INFO - Task exited with return code 0
[2024-11-12T04:25:10.463+0000] {taskinstance.py:3498} INFO - 1 downstream tasks scheduled from follow-on schedule check
[2024-11-12T04:25:10.463+0000] {local_task_job_runner.py:222} INFO - ::endgroup::
