[2024-10-17T17:57:02.538+0000] {local_task_job_runner.py:120} INFO - ::group::Pre task execution logs
[2024-10-17T17:57:02.549+0000] {taskinstance.py:2066} INFO - Dependencies not met for <TaskInstance: YfinanceToSnowflake.load manual__2024-10-17T00:00:00+00:00 [failed]>, dependency 'Task Instance State' FAILED: Task is in the 'failed' state.
[2024-10-17T17:57:02.550+0000] {local_task_job_runner.py:163} INFO - Task is not able to be run
[2024-10-17T18:24:59.992+0000] {local_task_job_runner.py:120} INFO - ::group::Pre task execution logs
[2024-10-17T18:25:00.008+0000] {taskinstance.py:2066} INFO - Dependencies not met for <TaskInstance: YfinanceToSnowflake.load manual__2024-10-17T00:00:00+00:00 [failed]>, dependency 'Task Instance State' FAILED: Task is in the 'failed' state.
[2024-10-17T18:25:00.009+0000] {local_task_job_runner.py:163} INFO - Task is not able to be run
[2024-10-17T18:33:38.821+0000] {local_task_job_runner.py:120} INFO - ::group::Pre task execution logs
[2024-10-17T18:33:38.840+0000] {taskinstance.py:2076} INFO - Dependencies all met for dep_context=non-requeueable deps ti=<TaskInstance: YfinanceToSnowflake.load manual__2024-10-17T00:00:00+00:00 [queued]>
[2024-10-17T18:33:38.847+0000] {taskinstance.py:2076} INFO - Dependencies all met for dep_context=requeueable deps ti=<TaskInstance: YfinanceToSnowflake.load manual__2024-10-17T00:00:00+00:00 [queued]>
[2024-10-17T18:33:38.847+0000] {taskinstance.py:2306} INFO - Starting attempt 1 of 1
[2024-10-17T18:33:38.857+0000] {taskinstance.py:2330} INFO - Executing <Task(_PythonDecoratedOperator): load> on 2024-10-17 00:00:00+00:00
[2024-10-17T18:33:38.869+0000] {standard_task_runner.py:90} INFO - Running: ['***', 'tasks', 'run', 'YfinanceToSnowflake', 'load', 'manual__2024-10-17T00:00:00+00:00', '--job-id', '12', '--raw', '--subdir', 'DAGS_FOLDER/yfinance_to_snowflake.py', '--cfg-path', '/tmp/tmpcxl05865']
[2024-10-17T18:33:38.870+0000] {logging_mixin.py:188} WARNING - /home/***/.local/lib/python3.12/site-packages/***/task/task_runner/standard_task_runner.py:61 DeprecationWarning: This process (pid=3749) is multi-threaded, use of fork() may lead to deadlocks in the child.
[2024-10-17T18:33:38.871+0000] {standard_task_runner.py:91} INFO - Job 12: Subtask load
[2024-10-17T18:33:38.871+0000] {standard_task_runner.py:63} INFO - Started process 3752 to run task
[2024-10-17T18:33:38.891+0000] {task_command.py:426} INFO - Running <TaskInstance: YfinanceToSnowflake.load manual__2024-10-17T00:00:00+00:00 [running]> on host 599a8e9540bd
[2024-10-17T18:33:38.934+0000] {taskinstance.py:2648} INFO - Exporting env vars: AIRFLOW_CTX_DAG_OWNER='***' AIRFLOW_CTX_DAG_ID='YfinanceToSnowflake' AIRFLOW_CTX_TASK_ID='load' AIRFLOW_CTX_EXECUTION_DATE='2024-10-17T00:00:00+00:00' AIRFLOW_CTX_TRY_NUMBER='1' AIRFLOW_CTX_DAG_RUN_ID='manual__2024-10-17T00:00:00+00:00'
[2024-10-17T18:33:38.935+0000] {taskinstance.py:430} INFO - ::endgroup::
[2024-10-17T18:33:38.939+0000] {base.py:84} INFO - Using connection ID 'snowflake_conn' for task execution.
[2024-10-17T18:33:38.939+0000] {connection.py:399} INFO - Snowflake Connector for Python Version: 3.10.0, Python Version: 3.12.3, Platform: Linux-6.10.4-linuxkit-aarch64-with-glibc2.36
[2024-10-17T18:33:38.939+0000] {connection.py:1239} INFO - This connection is in OCSP Fail Open Mode. TLS Certificates would be checked for validity and revocation status. Any other Certificate Revocation related exceptions or OCSP Responder failures would be disregarded in favor of connectivity.
[2024-10-17T18:33:39.357+0000] {cursor.py:1149} INFO - Number of results in first chunk: 1
[2024-10-17T18:33:39.501+0000] {cursor.py:1149} INFO - Number of results in first chunk: 1
[2024-10-17T18:33:39.932+0000] {logging_mixin.py:188} INFO - INSERT INTO dev.raw_data.stock_price (date, open, close, high, low, volume, symbol) VALUES (
          '2024-10-17', 233.44000244140625, 231.53729248046875, 233.85000610351562, 230.52999877929688, 17868109, 'AAPL[0]')
[2024-10-17T18:33:41.149+0000] {cursor.py:1149} INFO - Number of results in first chunk: 1
[2024-10-17T18:33:41.149+0000] {python.py:237} INFO - Done. Returned value was: None
[2024-10-17T18:33:41.149+0000] {taskinstance.py:441} INFO - ::group::Post task execution logs
[2024-10-17T18:33:41.157+0000] {taskinstance.py:1206} INFO - Marking task as SUCCESS. dag_id=YfinanceToSnowflake, task_id=load, run_id=manual__2024-10-17T00:00:00+00:00, execution_date=20241017T000000, start_date=20241017T183338, end_date=20241017T183341
[2024-10-17T18:33:41.193+0000] {local_task_job_runner.py:240} INFO - Task exited with return code 0
[2024-10-17T18:33:41.201+0000] {taskinstance.py:3498} INFO - 0 downstream tasks scheduled from follow-on schedule check
[2024-10-17T18:33:41.202+0000] {local_task_job_runner.py:222} INFO - ::endgroup::
