[2024-11-10T22:41:49.138+0000] {local_task_job_runner.py:120} INFO - ::group::Pre task execution logs
[2024-11-10T22:41:49.159+0000] {taskinstance.py:2076} INFO - Dependencies all met for dep_context=non-requeueable deps ti=<TaskInstance: Pipeline_STOCK_ETL.trigger_pipeline_continuation manual__2024-11-10T22:40:39.631488+00:00 [queued]>
[2024-11-10T22:41:49.162+0000] {taskinstance.py:2076} INFO - Dependencies all met for dep_context=requeueable deps ti=<TaskInstance: Pipeline_STOCK_ETL.trigger_pipeline_continuation manual__2024-11-10T22:40:39.631488+00:00 [queued]>
[2024-11-10T22:41:49.163+0000] {taskinstance.py:2306} INFO - Starting attempt 1 of 1
[2024-11-10T22:41:49.170+0000] {taskinstance.py:2330} INFO - Executing <Task(TriggerDagRunOperator): trigger_pipeline_continuation> on 2024-11-10 22:40:39.631488+00:00
[2024-11-10T22:41:49.178+0000] {standard_task_runner.py:90} INFO - Running: ['***', 'tasks', 'run', 'Pipeline_STOCK_ETL', 'trigger_pipeline_continuation', 'manual__2024-11-10T22:40:39.631488+00:00', '--job-id', '154', '--raw', '--subdir', 'DAGS_FOLDER/stock_pipeline_ETL_Lab2.py', '--cfg-path', '/tmp/tmp9c5z4yzc']
[2024-11-10T22:41:49.183+0000] {standard_task_runner.py:91} INFO - Job 154: Subtask trigger_pipeline_continuation
[2024-11-10T22:41:49.182+0000] {logging_mixin.py:188} WARNING - /home/***/.local/lib/python3.12/site-packages/***/task/task_runner/standard_task_runner.py:61 DeprecationWarning: This process (pid=364) is multi-threaded, use of fork() may lead to deadlocks in the child.
[2024-11-10T22:41:49.184+0000] {standard_task_runner.py:63} INFO - Started process 367 to run task
[2024-11-10T22:41:49.208+0000] {task_command.py:426} INFO - Running <TaskInstance: Pipeline_STOCK_ETL.trigger_pipeline_continuation manual__2024-11-10T22:40:39.631488+00:00 [running]> on host 599a8e9540bd
[2024-11-10T22:41:49.250+0000] {taskinstance.py:2648} INFO - Exporting env vars: AIRFLOW_CTX_DAG_OWNER='***' AIRFLOW_CTX_DAG_ID='Pipeline_STOCK_ETL' AIRFLOW_CTX_TASK_ID='trigger_pipeline_continuation' AIRFLOW_CTX_EXECUTION_DATE='2024-11-10T22:40:39.631488+00:00' AIRFLOW_CTX_TRY_NUMBER='1' AIRFLOW_CTX_DAG_RUN_ID='manual__2024-11-10T22:40:39.631488+00:00'
[2024-11-10T22:41:49.250+0000] {taskinstance.py:430} INFO - ::endgroup::
[2024-11-10T22:41:49.276+0000] {trigger_dagrun.py:222} INFO - Waiting for BuildELT_dbt on 2024-11-10 22:41:49.251123+00:00 to become allowed state ['success'] ...
[2024-11-10T22:42:49.322+0000] {taskinstance.py:441} INFO - ::group::Post task execution logs
[2024-11-10T22:42:49.338+0000] {taskinstance.py:2905} ERROR - Task failed with exception
Traceback (most recent call last):
  File "/home/airflow/.local/lib/python3.12/site-packages/airflow/models/taskinstance.py", line 465, in _execute_task
    result = _execute_callable(context=context, **execute_callable_kwargs)
             ^^^^^^^^^^^^^^^^^^^^^^^^^^^^^^^^^^^^^^^^^^^^^^^^^^^^^^^^^^^^^
  File "/home/airflow/.local/lib/python3.12/site-packages/airflow/models/taskinstance.py", line 432, in _execute_callable
    return execute_callable(context=context, **execute_callable_kwargs)
           ^^^^^^^^^^^^^^^^^^^^^^^^^^^^^^^^^^^^^^^^^^^^^^^^^^^^^^^^^^^^
  File "/home/airflow/.local/lib/python3.12/site-packages/airflow/models/baseoperator.py", line 400, in wrapper
    return func(self, *args, **kwargs)
           ^^^^^^^^^^^^^^^^^^^^^^^^^^^
  File "/home/airflow/.local/lib/python3.12/site-packages/airflow/operators/trigger_dagrun.py", line 233, in execute
    raise AirflowException(f"{self.trigger_dag_id} failed with failed states {state}")
airflow.exceptions.AirflowException: BuildELT_dbt failed with failed states failed
[2024-11-10T22:42:49.349+0000] {taskinstance.py:1206} INFO - Marking task as FAILED. dag_id=Pipeline_STOCK_ETL, task_id=trigger_pipeline_continuation, run_id=manual__2024-11-10T22:40:39.631488+00:00, execution_date=20241110T224039, start_date=20241110T224149, end_date=20241110T224249
[2024-11-10T22:42:49.361+0000] {standard_task_runner.py:110} ERROR - Failed to execute job 154 for task trigger_pipeline_continuation (BuildELT_dbt failed with failed states failed; 367)
[2024-11-10T22:42:49.407+0000] {local_task_job_runner.py:240} INFO - Task exited with return code 1
[2024-11-10T22:42:49.425+0000] {taskinstance.py:3498} INFO - 0 downstream tasks scheduled from follow-on schedule check
[2024-11-10T22:42:49.426+0000] {local_task_job_runner.py:222} INFO - ::endgroup::
