[2024-11-12T04:12:57.490+0000] {local_task_job_runner.py:120} INFO - ::group::Pre task execution logs
[2024-11-12T04:12:57.511+0000] {taskinstance.py:2076} INFO - Dependencies all met for dep_context=non-requeueable deps ti=<TaskInstance: BuildELT_dbt.dbt_run manual__2024-11-12T04:12:56.943103+00:00 [queued]>
[2024-11-12T04:12:57.515+0000] {taskinstance.py:2076} INFO - Dependencies all met for dep_context=requeueable deps ti=<TaskInstance: BuildELT_dbt.dbt_run manual__2024-11-12T04:12:56.943103+00:00 [queued]>
[2024-11-12T04:12:57.515+0000] {taskinstance.py:2306} INFO - Starting attempt 1 of 1
[2024-11-12T04:12:57.520+0000] {taskinstance.py:2330} INFO - Executing <Task(BashOperator): dbt_run> on 2024-11-12 04:12:56.943103+00:00
[2024-11-12T04:12:57.525+0000] {standard_task_runner.py:90} INFO - Running: ['***', 'tasks', 'run', 'BuildELT_dbt', 'dbt_run', 'manual__2024-11-12T04:12:56.943103+00:00', '--job-id', '241', '--raw', '--subdir', 'DAGS_FOLDER/build_elt_with_dbt.py', '--cfg-path', '/tmp/tmpkdjbrqr5']
[2024-11-12T04:12:57.528+0000] {logging_mixin.py:188} WARNING - /home/***/.local/lib/python3.12/site-packages/***/task/task_runner/standard_task_runner.py:61 DeprecationWarning: This process (pid=740) is multi-threaded, use of fork() may lead to deadlocks in the child.
[2024-11-12T04:12:57.528+0000] {standard_task_runner.py:91} INFO - Job 241: Subtask dbt_run
[2024-11-12T04:12:57.528+0000] {standard_task_runner.py:63} INFO - Started process 741 to run task
[2024-11-12T04:12:57.554+0000] {task_command.py:426} INFO - Running <TaskInstance: BuildELT_dbt.dbt_run manual__2024-11-12T04:12:56.943103+00:00 [running]> on host c4dbd180ae41
[2024-11-12T04:12:57.591+0000] {taskinstance.py:2648} INFO - Exporting env vars: AIRFLOW_CTX_DAG_OWNER='***' AIRFLOW_CTX_DAG_ID='BuildELT_dbt' AIRFLOW_CTX_TASK_ID='dbt_run' AIRFLOW_CTX_EXECUTION_DATE='2024-11-12T04:12:56.943103+00:00' AIRFLOW_CTX_TRY_NUMBER='1' AIRFLOW_CTX_DAG_RUN_ID='manual__2024-11-12T04:12:56.943103+00:00'
[2024-11-12T04:12:57.592+0000] {taskinstance.py:430} INFO - ::endgroup::
[2024-11-12T04:12:57.600+0000] {subprocess.py:63} INFO - Tmp dir root location: /tmp
[2024-11-12T04:12:57.600+0000] {subprocess.py:75} INFO - Running command: ['/usr/bin/bash', '-c', '/home/***/.local/bin/dbt run --profiles-dir /opt/***/lab --project-dir /opt/***/lab']
[2024-11-12T04:12:57.606+0000] {subprocess.py:86} INFO - Output:
[2024-11-12T04:12:58.670+0000] {subprocess.py:93} INFO - [0m04:12:58  Running with dbt=1.8.7
[2024-11-12T04:12:59.154+0000] {subprocess.py:93} INFO - [0m04:12:59  Registered adapter: snowflake=1.8.4
[2024-11-12T04:12:59.336+0000] {subprocess.py:93} INFO - [0m04:12:59  Found 3 models, 1 test, 1 snapshot, 2 sources, 459 macros
[2024-11-12T04:12:59.338+0000] {subprocess.py:93} INFO - [0m04:12:59
[2024-11-12T04:13:01.333+0000] {subprocess.py:93} INFO - [0m04:13:01  Concurrency: 1 threads (target='dev')
[2024-11-12T04:13:01.335+0000] {subprocess.py:93} INFO - [0m04:13:01
[2024-11-12T04:13:01.351+0000] {subprocess.py:93} INFO - [0m04:13:01  1 of 2 START sql table model stock.RSI_Calculation ............................. [RUN]
[2024-11-12T04:13:03.053+0000] {subprocess.py:93} INFO - [0m04:13:03  1 of 2 OK created sql table model stock.RSI_Calculation ........................ [[32mSUCCESS 1[0m in 1.70s]
[2024-11-12T04:13:03.066+0000] {subprocess.py:93} INFO - [0m04:13:03  2 of 2 START sql table model stock.macd_calculation ............................ [RUN]
[2024-11-12T04:13:04.567+0000] {subprocess.py:93} INFO - [0m04:13:04  2 of 2 OK created sql table model stock.macd_calculation ....................... [[32mSUCCESS 1[0m in 1.50s]
[2024-11-12T04:13:04.573+0000] {subprocess.py:93} INFO - [0m04:13:04
[2024-11-12T04:13:04.574+0000] {subprocess.py:93} INFO - [0m04:13:04  Finished running 2 table models in 0 hours 0 minutes and 5.23 seconds (5.23s).
[2024-11-12T04:13:04.610+0000] {subprocess.py:93} INFO - [0m04:13:04
[2024-11-12T04:13:04.611+0000] {subprocess.py:93} INFO - [0m04:13:04  [32mCompleted successfully[0m
[2024-11-12T04:13:04.611+0000] {subprocess.py:93} INFO - [0m04:13:04
[2024-11-12T04:13:04.611+0000] {subprocess.py:93} INFO - [0m04:13:04  Done. PASS=2 WARN=0 ERROR=0 SKIP=0 TOTAL=2
[2024-11-12T04:13:05.196+0000] {subprocess.py:97} INFO - Command exited with return code 0
[2024-11-12T04:13:05.197+0000] {taskinstance.py:441} INFO - ::group::Post task execution logs
[2024-11-12T04:13:05.228+0000] {taskinstance.py:1206} INFO - Marking task as SUCCESS. dag_id=BuildELT_dbt, task_id=dbt_run, run_id=manual__2024-11-12T04:12:56.943103+00:00, execution_date=20241112T041256, start_date=20241112T041257, end_date=20241112T041305
[2024-11-12T04:13:05.269+0000] {local_task_job_runner.py:240} INFO - Task exited with return code 0
[2024-11-12T04:13:05.295+0000] {taskinstance.py:3498} INFO - 0 downstream tasks scheduled from follow-on schedule check
[2024-11-12T04:13:05.295+0000] {local_task_job_runner.py:222} INFO - ::endgroup::
