[2024-11-12T04:29:58.319+0000] {local_task_job_runner.py:120} INFO - ::group::Pre task execution logs
[2024-11-12T04:29:58.344+0000] {taskinstance.py:2076} INFO - Dependencies all met for dep_context=non-requeueable deps ti=<TaskInstance: BuildELT_dbt.dbt_run manual__2024-11-12T04:29:57.223364+00:00 [queued]>
[2024-11-12T04:29:58.348+0000] {taskinstance.py:2076} INFO - Dependencies all met for dep_context=requeueable deps ti=<TaskInstance: BuildELT_dbt.dbt_run manual__2024-11-12T04:29:57.223364+00:00 [queued]>
[2024-11-12T04:29:58.348+0000] {taskinstance.py:2306} INFO - Starting attempt 1 of 1
[2024-11-12T04:29:58.353+0000] {taskinstance.py:2330} INFO - Executing <Task(BashOperator): dbt_run> on 2024-11-12 04:29:57.223364+00:00
[2024-11-12T04:29:58.360+0000] {logging_mixin.py:188} WARNING - /home/***/.local/lib/python3.12/site-packages/***/task/task_runner/standard_task_runner.py:61 DeprecationWarning: This process (pid=2434) is multi-threaded, use of fork() may lead to deadlocks in the child.
[2024-11-12T04:29:58.357+0000] {standard_task_runner.py:90} INFO - Running: ['***', 'tasks', 'run', 'BuildELT_dbt', 'dbt_run', 'manual__2024-11-12T04:29:57.223364+00:00', '--job-id', '259', '--raw', '--subdir', 'DAGS_FOLDER/build_elt_with_dbt.py', '--cfg-path', '/tmp/tmp025lqk6w']
[2024-11-12T04:29:58.361+0000] {standard_task_runner.py:91} INFO - Job 259: Subtask dbt_run
[2024-11-12T04:29:58.361+0000] {standard_task_runner.py:63} INFO - Started process 2435 to run task
[2024-11-12T04:29:58.388+0000] {task_command.py:426} INFO - Running <TaskInstance: BuildELT_dbt.dbt_run manual__2024-11-12T04:29:57.223364+00:00 [running]> on host c4dbd180ae41
[2024-11-12T04:29:58.422+0000] {taskinstance.py:2648} INFO - Exporting env vars: AIRFLOW_CTX_DAG_OWNER='***' AIRFLOW_CTX_DAG_ID='BuildELT_dbt' AIRFLOW_CTX_TASK_ID='dbt_run' AIRFLOW_CTX_EXECUTION_DATE='2024-11-12T04:29:57.223364+00:00' AIRFLOW_CTX_TRY_NUMBER='1' AIRFLOW_CTX_DAG_RUN_ID='manual__2024-11-12T04:29:57.223364+00:00'
[2024-11-12T04:29:58.422+0000] {taskinstance.py:430} INFO - ::endgroup::
[2024-11-12T04:29:58.430+0000] {subprocess.py:63} INFO - Tmp dir root location: /tmp
[2024-11-12T04:29:58.431+0000] {subprocess.py:75} INFO - Running command: ['/usr/bin/bash', '-c', '/home/***/.local/bin/dbt run --profiles-dir /opt/***/lab --project-dir /opt/***/lab']
[2024-11-12T04:29:58.436+0000] {subprocess.py:86} INFO - Output:
[2024-11-12T04:29:59.469+0000] {subprocess.py:93} INFO - [0m04:29:59  Running with dbt=1.8.7
[2024-11-12T04:29:59.960+0000] {subprocess.py:93} INFO - [0m04:29:59  Registered adapter: snowflake=1.8.4
[2024-11-12T04:30:00.233+0000] {subprocess.py:93} INFO - [0m04:30:00  Found 3 models, 1 test, 1 snapshot, 2 sources, 459 macros
[2024-11-12T04:30:00.234+0000] {subprocess.py:93} INFO - [0m04:30:00
[2024-11-12T04:30:02.325+0000] {subprocess.py:93} INFO - [0m04:30:02  Concurrency: 1 threads (target='dev')
[2024-11-12T04:30:02.327+0000] {subprocess.py:93} INFO - [0m04:30:02
[2024-11-12T04:30:02.341+0000] {subprocess.py:93} INFO - [0m04:30:02  1 of 2 START sql table model stock.RSI_Calculation ............................. [RUN]
[2024-11-12T04:30:03.829+0000] {subprocess.py:93} INFO - [0m04:30:03  1 of 2 OK created sql table model stock.RSI_Calculation ........................ [[32mSUCCESS 1[0m in 1.48s]
[2024-11-12T04:30:03.840+0000] {subprocess.py:93} INFO - [0m04:30:03  2 of 2 START sql table model stock.macd_calculation ............................ [RUN]
[2024-11-12T04:30:05.438+0000] {subprocess.py:93} INFO - [0m04:30:05  2 of 2 OK created sql table model stock.macd_calculation ....................... [[32mSUCCESS 1[0m in 1.59s]
[2024-11-12T04:30:05.444+0000] {subprocess.py:93} INFO - [0m04:30:05
[2024-11-12T04:30:05.445+0000] {subprocess.py:93} INFO - [0m04:30:05  Finished running 2 table models in 0 hours 0 minutes and 5.21 seconds (5.21s).
[2024-11-12T04:30:05.484+0000] {subprocess.py:93} INFO - [0m04:30:05
[2024-11-12T04:30:05.485+0000] {subprocess.py:93} INFO - [0m04:30:05  [32mCompleted successfully[0m
[2024-11-12T04:30:05.485+0000] {subprocess.py:93} INFO - [0m04:30:05
[2024-11-12T04:30:05.485+0000] {subprocess.py:93} INFO - [0m04:30:05  Done. PASS=2 WARN=0 ERROR=0 SKIP=0 TOTAL=2
[2024-11-12T04:30:06.092+0000] {subprocess.py:97} INFO - Command exited with return code 0
[2024-11-12T04:30:06.094+0000] {taskinstance.py:441} INFO - ::group::Post task execution logs
[2024-11-12T04:30:06.118+0000] {taskinstance.py:1206} INFO - Marking task as SUCCESS. dag_id=BuildELT_dbt, task_id=dbt_run, run_id=manual__2024-11-12T04:29:57.223364+00:00, execution_date=20241112T042957, start_date=20241112T042958, end_date=20241112T043006
[2024-11-12T04:30:06.160+0000] {local_task_job_runner.py:240} INFO - Task exited with return code 0
[2024-11-12T04:30:06.182+0000] {taskinstance.py:3498} INFO - 1 downstream tasks scheduled from follow-on schedule check
[2024-11-12T04:30:06.183+0000] {local_task_job_runner.py:222} INFO - ::endgroup::
