[2024-11-12T20:30:06.336+0000] {local_task_job_runner.py:120} INFO - ::group::Pre task execution logs
[2024-11-12T20:30:06.370+0000] {taskinstance.py:2076} INFO - Dependencies all met for dep_context=non-requeueable deps ti=<TaskInstance: BuildELT_dbt.dbt_snapshot manual__2024-11-12T20:29:50.353303+00:00 [queued]>
[2024-11-12T20:30:06.381+0000] {taskinstance.py:2076} INFO - Dependencies all met for dep_context=requeueable deps ti=<TaskInstance: BuildELT_dbt.dbt_snapshot manual__2024-11-12T20:29:50.353303+00:00 [queued]>
[2024-11-12T20:30:06.381+0000] {taskinstance.py:2306} INFO - Starting attempt 1 of 1
[2024-11-12T20:30:06.391+0000] {taskinstance.py:2330} INFO - Executing <Task(BashOperator): dbt_snapshot> on 2024-11-12 20:29:50.353303+00:00
[2024-11-12T20:30:06.397+0000] {standard_task_runner.py:90} INFO - Running: ['***', 'tasks', 'run', 'BuildELT_dbt', 'dbt_snapshot', 'manual__2024-11-12T20:29:50.353303+00:00', '--job-id', '307', '--raw', '--subdir', 'DAGS_FOLDER/build_elt_with_dbt.py', '--cfg-path', '/tmp/tmpgc6akvpo']
[2024-11-12T20:30:06.401+0000] {logging_mixin.py:188} WARNING - /home/***/.local/lib/python3.12/site-packages/***/task/task_runner/standard_task_runner.py:61 DeprecationWarning: This process (pid=3753) is multi-threaded, use of fork() may lead to deadlocks in the child.
[2024-11-12T20:30:06.401+0000] {standard_task_runner.py:91} INFO - Job 307: Subtask dbt_snapshot
[2024-11-12T20:30:06.402+0000] {standard_task_runner.py:63} INFO - Started process 3754 to run task
[2024-11-12T20:30:06.428+0000] {task_command.py:426} INFO - Running <TaskInstance: BuildELT_dbt.dbt_snapshot manual__2024-11-12T20:29:50.353303+00:00 [running]> on host ff1b9c31ae4f
[2024-11-12T20:30:06.484+0000] {taskinstance.py:2648} INFO - Exporting env vars: AIRFLOW_CTX_DAG_OWNER='***' AIRFLOW_CTX_DAG_ID='BuildELT_dbt' AIRFLOW_CTX_TASK_ID='dbt_snapshot' AIRFLOW_CTX_EXECUTION_DATE='2024-11-12T20:29:50.353303+00:00' AIRFLOW_CTX_TRY_NUMBER='1' AIRFLOW_CTX_DAG_RUN_ID='manual__2024-11-12T20:29:50.353303+00:00'
[2024-11-12T20:30:06.484+0000] {taskinstance.py:430} INFO - ::endgroup::
[2024-11-12T20:30:06.495+0000] {subprocess.py:63} INFO - Tmp dir root location: /tmp
[2024-11-12T20:30:06.496+0000] {subprocess.py:75} INFO - Running command: ['/usr/bin/bash', '-c', '/home/***/.local/bin/dbt snapshot --profiles-dir /opt/***/lab --project-dir /opt/***/lab']
[2024-11-12T20:30:06.500+0000] {subprocess.py:86} INFO - Output:
[2024-11-12T20:30:07.661+0000] {subprocess.py:93} INFO - [0m20:30:07  Running with dbt=1.8.7
[2024-11-12T20:30:08.196+0000] {subprocess.py:93} INFO - [0m20:30:08  Registered adapter: snowflake=1.8.4
[2024-11-12T20:30:08.385+0000] {subprocess.py:93} INFO - [0m20:30:08  Found 3 models, 1 test, 2 snapshots, 2 sources, 459 macros
[2024-11-12T20:30:08.387+0000] {subprocess.py:93} INFO - [0m20:30:08
[2024-11-12T20:30:11.810+0000] {subprocess.py:93} INFO - [0m20:30:11  Concurrency: 1 threads (target='dev')
[2024-11-12T20:30:11.812+0000] {subprocess.py:93} INFO - [0m20:30:11
[2024-11-12T20:30:11.825+0000] {subprocess.py:93} INFO - [0m20:30:11  1 of 2 START snapshot snapshot.snapshot_RSI_Calculation ........................ [RUN]
[2024-11-12T20:30:16.373+0000] {subprocess.py:93} INFO - [0m20:30:16  1 of 2 OK snapshotted snapshot.snapshot_RSI_Calculation ........................ [[32mSUCCESS 0[0m in 4.54s]
[2024-11-12T20:30:16.377+0000] {subprocess.py:93} INFO - [0m20:30:16  2 of 2 START snapshot snapshot.snapshot_macd_calculation ....................... [RUN]
[2024-11-12T20:30:20.559+0000] {subprocess.py:93} INFO - [0m20:30:20  2 of 2 OK snapshotted snapshot.snapshot_macd_calculation ....................... [[32mSUCCESS 0[0m in 4.18s]
[2024-11-12T20:30:20.566+0000] {subprocess.py:93} INFO - [0m20:30:20
[2024-11-12T20:30:20.566+0000] {subprocess.py:93} INFO - [0m20:30:20  Finished running 2 snapshots in 0 hours 0 minutes and 12.18 seconds (12.18s).
[2024-11-12T20:30:20.601+0000] {subprocess.py:93} INFO - [0m20:30:20
[2024-11-12T20:30:20.602+0000] {subprocess.py:93} INFO - [0m20:30:20  [32mCompleted successfully[0m
[2024-11-12T20:30:20.602+0000] {subprocess.py:93} INFO - [0m20:30:20
[2024-11-12T20:30:20.603+0000] {subprocess.py:93} INFO - [0m20:30:20  Done. PASS=2 WARN=0 ERROR=0 SKIP=0 TOTAL=2
[2024-11-12T20:30:21.212+0000] {subprocess.py:97} INFO - Command exited with return code 0
[2024-11-12T20:30:21.214+0000] {taskinstance.py:441} INFO - ::group::Post task execution logs
[2024-11-12T20:30:21.233+0000] {taskinstance.py:1206} INFO - Marking task as SUCCESS. dag_id=BuildELT_dbt, task_id=dbt_snapshot, run_id=manual__2024-11-12T20:29:50.353303+00:00, execution_date=20241112T202950, start_date=20241112T203006, end_date=20241112T203021
[2024-11-12T20:30:21.259+0000] {local_task_job_runner.py:240} INFO - Task exited with return code 0
[2024-11-12T20:30:21.271+0000] {taskinstance.py:3498} INFO - 0 downstream tasks scheduled from follow-on schedule check
[2024-11-12T20:30:21.272+0000] {local_task_job_runner.py:222} INFO - ::endgroup::
