[2024-11-10T20:37:17.701+0000] {local_task_job_runner.py:120} INFO - ::group::Pre task execution logs
[2024-11-10T20:37:17.732+0000] {taskinstance.py:2076} INFO - Dependencies all met for dep_context=non-requeueable deps ti=<TaskInstance: Pipeline_STOCK_ETL.create_load_incremental manual__2024-11-10T20:37:07.570890+00:00 [queued]>
[2024-11-10T20:37:17.736+0000] {taskinstance.py:2076} INFO - Dependencies all met for dep_context=requeueable deps ti=<TaskInstance: Pipeline_STOCK_ETL.create_load_incremental manual__2024-11-10T20:37:07.570890+00:00 [queued]>
[2024-11-10T20:37:17.736+0000] {taskinstance.py:2306} INFO - Starting attempt 1 of 1
[2024-11-10T20:37:17.744+0000] {taskinstance.py:2330} INFO - Executing <Task(_PythonDecoratedOperator): create_load_incremental> on 2024-11-10 20:37:07.570890+00:00
[2024-11-10T20:37:17.754+0000] {standard_task_runner.py:90} INFO - Running: ['***', 'tasks', 'run', 'Pipeline_STOCK_ETL', 'create_load_incremental', 'manual__2024-11-10T20:37:07.570890+00:00', '--job-id', '140', '--raw', '--subdir', 'DAGS_FOLDER/stock_pipeline_ETL_Lab2.py', '--cfg-path', '/tmp/tmpw_cz9qcj']
[2024-11-10T20:37:17.756+0000] {standard_task_runner.py:91} INFO - Job 140: Subtask create_load_incremental
[2024-11-10T20:37:17.756+0000] {logging_mixin.py:188} WARNING - /home/***/.local/lib/python3.12/site-packages/***/task/task_runner/standard_task_runner.py:61 DeprecationWarning: This process (pid=1579) is multi-threaded, use of fork() may lead to deadlocks in the child.
[2024-11-10T20:37:17.758+0000] {standard_task_runner.py:63} INFO - Started process 1582 to run task
[2024-11-10T20:37:17.794+0000] {task_command.py:426} INFO - Running <TaskInstance: Pipeline_STOCK_ETL.create_load_incremental manual__2024-11-10T20:37:07.570890+00:00 [running]> on host 599a8e9540bd
[2024-11-10T20:37:17.857+0000] {taskinstance.py:2648} INFO - Exporting env vars: AIRFLOW_CTX_DAG_OWNER='***' AIRFLOW_CTX_DAG_ID='Pipeline_STOCK_ETL' AIRFLOW_CTX_TASK_ID='create_load_incremental' AIRFLOW_CTX_EXECUTION_DATE='2024-11-10T20:37:07.570890+00:00' AIRFLOW_CTX_TRY_NUMBER='1' AIRFLOW_CTX_DAG_RUN_ID='manual__2024-11-10T20:37:07.570890+00:00'
[2024-11-10T20:37:17.858+0000] {taskinstance.py:430} INFO - ::endgroup::
[2024-11-10T20:37:17.863+0000] {base.py:84} INFO - Using connection ID 'snowflake_conn' for task execution.
[2024-11-10T20:37:17.865+0000] {connection.py:399} INFO - Snowflake Connector for Python Version: 3.10.0, Python Version: 3.12.3, Platform: Linux-6.10.4-linuxkit-aarch64-with-glibc2.36
[2024-11-10T20:37:17.866+0000] {connection.py:1239} INFO - This connection is in OCSP Fail Open Mode. TLS Certificates would be checked for validity and revocation status. Any other Certificate Revocation related exceptions or OCSP Responder failures would be disregarded in favor of connectivity.
[2024-11-10T20:37:18.841+0000] {cursor.py:1149} INFO - Number of results in first chunk: 1
[2024-11-10T20:37:18.842+0000] {logging_mixin.py:188} INFO - 002003 (02000): 01b848f5-0004-2ad4-0001-8e6b00063146: SQL compilation error:
Schema 'DEV.STOCK' does not exist or not authorized.
[2024-11-10T20:37:18.842+0000] {taskinstance.py:441} INFO - ::group::Post task execution logs
[2024-11-10T20:37:18.845+0000] {taskinstance.py:2905} ERROR - Task failed with exception
Traceback (most recent call last):
  File "/home/airflow/.local/lib/python3.12/site-packages/airflow/models/taskinstance.py", line 465, in _execute_task
    result = _execute_callable(context=context, **execute_callable_kwargs)
             ^^^^^^^^^^^^^^^^^^^^^^^^^^^^^^^^^^^^^^^^^^^^^^^^^^^^^^^^^^^^^
  File "/home/airflow/.local/lib/python3.12/site-packages/airflow/models/taskinstance.py", line 432, in _execute_callable
    return execute_callable(context=context, **execute_callable_kwargs)
           ^^^^^^^^^^^^^^^^^^^^^^^^^^^^^^^^^^^^^^^^^^^^^^^^^^^^^^^^^^^^
  File "/home/airflow/.local/lib/python3.12/site-packages/airflow/models/baseoperator.py", line 400, in wrapper
    return func(self, *args, **kwargs)
           ^^^^^^^^^^^^^^^^^^^^^^^^^^^
  File "/home/airflow/.local/lib/python3.12/site-packages/airflow/decorators/base.py", line 265, in execute
    return_value = super().execute(context)
                   ^^^^^^^^^^^^^^^^^^^^^^^^
  File "/home/airflow/.local/lib/python3.12/site-packages/airflow/models/baseoperator.py", line 400, in wrapper
    return func(self, *args, **kwargs)
           ^^^^^^^^^^^^^^^^^^^^^^^^^^^
  File "/home/airflow/.local/lib/python3.12/site-packages/airflow/operators/python.py", line 235, in execute
    return_value = self.execute_callable()
                   ^^^^^^^^^^^^^^^^^^^^^^^
  File "/home/airflow/.local/lib/python3.12/site-packages/airflow/operators/python.py", line 252, in execute_callable
    return self.python_callable(*self.op_args, **self.op_kwargs)
           ^^^^^^^^^^^^^^^^^^^^^^^^^^^^^^^^^^^^^^^^^^^^^^^^^^^^^
  File "/opt/airflow/dags/stock_pipeline_ETL_Lab2.py", line 130, in create_load_incremental
    raise e
  File "/opt/airflow/dags/stock_pipeline_ETL_Lab2.py", line 65, in create_load_incremental
    conn.execute(f"""
  File "/home/airflow/.local/lib/python3.12/site-packages/snowflake/connector/cursor.py", line 1080, in execute
    Error.errorhandler_wrapper(self.connection, self, error_class, errvalue)
  File "/home/airflow/.local/lib/python3.12/site-packages/snowflake/connector/errors.py", line 290, in errorhandler_wrapper
    handed_over = Error.hand_to_other_handler(
                  ^^^^^^^^^^^^^^^^^^^^^^^^^^^^
  File "/home/airflow/.local/lib/python3.12/site-packages/snowflake/connector/errors.py", line 345, in hand_to_other_handler
    cursor.errorhandler(connection, cursor, error_class, error_value)
  File "/home/airflow/.local/lib/python3.12/site-packages/snowflake/connector/errors.py", line 221, in default_errorhandler
    raise error_class(
snowflake.connector.errors.ProgrammingError: 002003 (02000): 01b848f5-0004-2ad4-0001-8e6b00063146: SQL compilation error:
Schema 'DEV.STOCK' does not exist or not authorized.
[2024-11-10T20:37:18.856+0000] {taskinstance.py:1206} INFO - Marking task as FAILED. dag_id=Pipeline_STOCK_ETL, task_id=create_load_incremental, run_id=manual__2024-11-10T20:37:07.570890+00:00, execution_date=20241110T203707, start_date=20241110T203717, end_date=20241110T203718
[2024-11-10T20:37:18.864+0000] {standard_task_runner.py:110} ERROR - Failed to execute job 140 for task create_load_incremental (002003 (02000): 01b848f5-0004-2ad4-0001-8e6b00063146: SQL compilation error:
Schema 'DEV.STOCK' does not exist or not authorized.; 1582)
[2024-11-10T20:37:18.872+0000] {local_task_job_runner.py:240} INFO - Task exited with return code 1
[2024-11-10T20:37:18.890+0000] {taskinstance.py:3498} INFO - 0 downstream tasks scheduled from follow-on schedule check
[2024-11-10T20:37:18.893+0000] {local_task_job_runner.py:222} INFO - ::endgroup::
