[2024-11-12T04:29:21.884+0000] {local_task_job_runner.py:120} INFO - ::group::Pre task execution logs
[2024-11-12T04:29:21.898+0000] {taskinstance.py:2076} INFO - Dependencies all met for dep_context=non-requeueable deps ti=<TaskInstance: BuildELT_dbt.dbt_snapshot manual__2024-11-12T04:29:06.675653+00:00 [queued]>
[2024-11-12T04:29:21.902+0000] {taskinstance.py:2076} INFO - Dependencies all met for dep_context=requeueable deps ti=<TaskInstance: BuildELT_dbt.dbt_snapshot manual__2024-11-12T04:29:06.675653+00:00 [queued]>
[2024-11-12T04:29:21.902+0000] {taskinstance.py:2306} INFO - Starting attempt 1 of 1
[2024-11-12T04:29:21.906+0000] {taskinstance.py:2330} INFO - Executing <Task(BashOperator): dbt_snapshot> on 2024-11-12 04:29:06.675653+00:00
[2024-11-12T04:29:21.910+0000] {standard_task_runner.py:90} INFO - Running: ['***', 'tasks', 'run', 'BuildELT_dbt', 'dbt_snapshot', 'manual__2024-11-12T04:29:06.675653+00:00', '--job-id', '258', '--raw', '--subdir', 'DAGS_FOLDER/build_elt_with_dbt.py', '--cfg-path', '/tmp/tmp3xkb3043']
[2024-11-12T04:29:21.911+0000] {standard_task_runner.py:91} INFO - Job 258: Subtask dbt_snapshot
[2024-11-12T04:29:21.911+0000] {logging_mixin.py:188} WARNING - /home/***/.local/lib/python3.12/site-packages/***/task/task_runner/standard_task_runner.py:61 DeprecationWarning: This process (pid=2368) is multi-threaded, use of fork() may lead to deadlocks in the child.
[2024-11-12T04:29:21.912+0000] {standard_task_runner.py:63} INFO - Started process 2375 to run task
[2024-11-12T04:29:21.931+0000] {task_command.py:426} INFO - Running <TaskInstance: BuildELT_dbt.dbt_snapshot manual__2024-11-12T04:29:06.675653+00:00 [running]> on host c4dbd180ae41
[2024-11-12T04:29:21.960+0000] {taskinstance.py:2648} INFO - Exporting env vars: AIRFLOW_CTX_DAG_OWNER='***' AIRFLOW_CTX_DAG_ID='BuildELT_dbt' AIRFLOW_CTX_TASK_ID='dbt_snapshot' AIRFLOW_CTX_EXECUTION_DATE='2024-11-12T04:29:06.675653+00:00' AIRFLOW_CTX_TRY_NUMBER='1' AIRFLOW_CTX_DAG_RUN_ID='manual__2024-11-12T04:29:06.675653+00:00'
[2024-11-12T04:29:21.960+0000] {taskinstance.py:430} INFO - ::endgroup::
[2024-11-12T04:29:21.967+0000] {subprocess.py:63} INFO - Tmp dir root location: /tmp
[2024-11-12T04:29:21.967+0000] {subprocess.py:75} INFO - Running command: ['/usr/bin/bash', '-c', '/home/***/.local/bin/dbt snapshot --profiles-dir /opt/***/lab --project-dir /opt/***/lab']
[2024-11-12T04:29:21.971+0000] {subprocess.py:86} INFO - Output:
[2024-11-12T04:29:22.936+0000] {subprocess.py:93} INFO - [0m04:29:22  Running with dbt=1.8.7
[2024-11-12T04:29:23.365+0000] {subprocess.py:93} INFO - [0m04:29:23  Registered adapter: snowflake=1.8.4
[2024-11-12T04:29:23.546+0000] {subprocess.py:93} INFO - [0m04:29:23  Found 3 models, 1 test, 1 snapshot, 2 sources, 459 macros
[2024-11-12T04:29:23.547+0000] {subprocess.py:93} INFO - [0m04:29:23
[2024-11-12T04:29:25.431+0000] {subprocess.py:93} INFO - [0m04:29:25  Concurrency: 1 threads (target='dev')
[2024-11-12T04:29:25.431+0000] {subprocess.py:93} INFO - [0m04:29:25
[2024-11-12T04:29:25.438+0000] {subprocess.py:93} INFO - [0m04:29:25  1 of 1 START snapshot snapshot.snapshot_macd_calculation ....................... [RUN]
[2024-11-12T04:29:25.466+0000] {subprocess.py:93} INFO - [0m04:29:25  1 of 1 ERROR snapshotting snapshot.snapshot_macd_calculation ................... [[31mERROR[0m in 0.03s]
[2024-11-12T04:29:25.469+0000] {subprocess.py:93} INFO - [0m04:29:25
[2024-11-12T04:29:25.469+0000] {subprocess.py:93} INFO - [0m04:29:25  Finished running 1 snapshot in 0 hours 0 minutes and 1.92 seconds (1.92s).
[2024-11-12T04:29:25.488+0000] {subprocess.py:93} INFO - [0m04:29:25
[2024-11-12T04:29:25.488+0000] {subprocess.py:93} INFO - [0m04:29:25  [31mCompleted with 1 error and 0 warnings:[0m
[2024-11-12T04:29:25.489+0000] {subprocess.py:93} INFO - [0m04:29:25
[2024-11-12T04:29:25.489+0000] {subprocess.py:93} INFO - [0m04:29:25    Compilation Error in snapshot snapshot_macd_calculation (snapshots/snapshot.macd_calculation.sql)
[2024-11-12T04:29:25.489+0000] {subprocess.py:93} INFO -   The specified strategy macro 'date' was not found in package 'None'
[2024-11-12T04:29:25.489+0000] {subprocess.py:93} INFO - 
[2024-11-12T04:29:25.490+0000] {subprocess.py:93} INFO -   > in macro strategy_dispatch (macros/materializations/snapshots/strategies.sql)
[2024-11-12T04:29:25.490+0000] {subprocess.py:93} INFO -   > called by macro materialization_snapshot_default (macros/materializations/snapshots/snapshot.sql)
[2024-11-12T04:29:25.490+0000] {subprocess.py:93} INFO -   > called by macro materialization_snapshot_snowflake (macros/materializations/snapshot.sql)
[2024-11-12T04:29:25.490+0000] {subprocess.py:93} INFO -   > called by snapshot snapshot_macd_calculation (snapshots/snapshot.macd_calculation.sql)
[2024-11-12T04:29:25.490+0000] {subprocess.py:93} INFO - [0m04:29:25
[2024-11-12T04:29:25.490+0000] {subprocess.py:93} INFO - [0m04:29:25  Done. PASS=0 WARN=0 ERROR=1 SKIP=0 TOTAL=1
[2024-11-12T04:29:26.068+0000] {subprocess.py:97} INFO - Command exited with return code 1
[2024-11-12T04:29:26.069+0000] {taskinstance.py:441} INFO - ::group::Post task execution logs
[2024-11-12T04:29:26.075+0000] {taskinstance.py:2905} ERROR - Task failed with exception
Traceback (most recent call last):
  File "/home/airflow/.local/lib/python3.12/site-packages/airflow/models/taskinstance.py", line 465, in _execute_task
    result = _execute_callable(context=context, **execute_callable_kwargs)
             ^^^^^^^^^^^^^^^^^^^^^^^^^^^^^^^^^^^^^^^^^^^^^^^^^^^^^^^^^^^^^
  File "/home/airflow/.local/lib/python3.12/site-packages/airflow/models/taskinstance.py", line 432, in _execute_callable
    return execute_callable(context=context, **execute_callable_kwargs)
           ^^^^^^^^^^^^^^^^^^^^^^^^^^^^^^^^^^^^^^^^^^^^^^^^^^^^^^^^^^^^
  File "/home/airflow/.local/lib/python3.12/site-packages/airflow/models/baseoperator.py", line 400, in wrapper
    return func(self, *args, **kwargs)
           ^^^^^^^^^^^^^^^^^^^^^^^^^^^
  File "/home/airflow/.local/lib/python3.12/site-packages/airflow/operators/bash.py", line 243, in execute
    raise AirflowException(
airflow.exceptions.AirflowException: Bash command failed. The command returned a non-zero exit code 1.
[2024-11-12T04:29:26.077+0000] {taskinstance.py:1206} INFO - Marking task as FAILED. dag_id=BuildELT_dbt, task_id=dbt_snapshot, run_id=manual__2024-11-12T04:29:06.675653+00:00, execution_date=20241112T042906, start_date=20241112T042921, end_date=20241112T042926
[2024-11-12T04:29:26.083+0000] {standard_task_runner.py:110} ERROR - Failed to execute job 258 for task dbt_snapshot (Bash command failed. The command returned a non-zero exit code 1.; 2375)
[2024-11-12T04:29:26.105+0000] {local_task_job_runner.py:240} INFO - Task exited with return code 1
[2024-11-12T04:29:26.113+0000] {taskinstance.py:3498} INFO - 0 downstream tasks scheduled from follow-on schedule check
[2024-11-12T04:29:26.113+0000] {local_task_job_runner.py:222} INFO - ::endgroup::
