[2024-10-24T20:53:03.813+0000] {local_task_job_runner.py:120} INFO - ::group::Pre task execution logs
[2024-10-24T20:53:33.385+0000] {taskinstance.py:2076} INFO - Dependencies all met for dep_context=non-requeueable deps ti=<TaskInstance: SetupETLtables.createTable manual__2024-10-24T20:51:21.689949+00:00 [queued]>
[2024-10-24T20:53:39.995+0000] {taskinstance.py:2076} INFO - Dependencies all met for dep_context=requeueable deps ti=<TaskInstance: SetupETLtables.createTable manual__2024-10-24T20:51:21.689949+00:00 [queued]>
[2024-10-24T20:53:42.417+0000] {taskinstance.py:2306} INFO - Starting attempt 1 of 1
[2024-10-24T20:53:45.200+0000] {taskinstance.py:2330} INFO - Executing <Task(_PythonDecoratedOperator): createTable> on 2024-10-24 20:51:21.689949+00:00
[2024-10-24T20:53:45.343+0000] {warnings.py:110} WARNING - /home/***/.local/lib/python3.12/site-packages/***/task/task_runner/standard_task_runner.py:61: DeprecationWarning: This process (pid=938) is multi-threaded, use of fork() may lead to deadlocks in the child.
  pid = os.fork()

[2024-10-24T20:53:45.299+0000] {standard_task_runner.py:90} INFO - Running: ['***', 'tasks', 'run', 'SetupETLtables', 'createTable', 'manual__2024-10-24T20:51:21.689949+00:00', '--job-id', '38', '--raw', '--subdir', 'DAGS_FOLDER/etl_table_snowflake.py', '--cfg-path', '/tmp/tmpdi4xys70']
[2024-10-24T20:53:45.354+0000] {standard_task_runner.py:63} INFO - Started process 958 to run task
[2024-10-24T20:53:45.364+0000] {standard_task_runner.py:91} INFO - Job 38: Subtask createTable
[2024-10-24T20:53:49.011+0000] {task_command.py:426} INFO - Running <TaskInstance: SetupETLtables.createTable manual__2024-10-24T20:51:21.689949+00:00 [running]> on host 64c676815d01
[2024-10-24T20:53:51.306+0000] {taskinstance.py:2648} INFO - Exporting env vars: AIRFLOW_CTX_DAG_OWNER='***' AIRFLOW_CTX_DAG_ID='SetupETLtables' AIRFLOW_CTX_TASK_ID='createTable' AIRFLOW_CTX_EXECUTION_DATE='2024-10-24T20:51:21.689949+00:00' AIRFLOW_CTX_TRY_NUMBER='1' AIRFLOW_CTX_DAG_RUN_ID='manual__2024-10-24T20:51:21.689949+00:00'
[2024-10-24T20:53:51.331+0000] {taskinstance.py:430} INFO - ::endgroup::
[2024-10-24T20:53:51.418+0000] {base.py:84} INFO - Using connection ID 'snowflake_conn' for task execution.
[2024-10-24T20:53:51.430+0000] {connection.py:399} INFO - Snowflake Connector for Python Version: 3.10.0, Python Version: 3.12.3, Platform: Linux-6.10.4-linuxkit-aarch64-with-glibc2.36
[2024-10-24T20:53:51.438+0000] {connection.py:1239} INFO - This connection is in OCSP Fail Open Mode. TLS Certificates would be checked for validity and revocation status. Any other Certificate Revocation related exceptions or OCSP Responder failures would be disregarded in favor of connectivity.
[2024-10-24T20:53:53.921+0000] {cursor.py:1149} INFO - Number of results in first chunk: 1
[2024-10-24T20:53:54.047+0000] {cursor.py:1149} INFO - Number of results in first chunk: 1
[2024-10-24T20:53:54.060+0000] {python.py:237} INFO - Done. Returned value was: None
[2024-10-24T20:53:54.062+0000] {taskinstance.py:441} INFO - ::group::Post task execution logs
[2024-10-24T20:53:54.144+0000] {taskinstance.py:1206} INFO - Marking task as SUCCESS. dag_id=SetupETLtables, task_id=createTable, run_id=manual__2024-10-24T20:51:21.689949+00:00, execution_date=20241024T205121, start_date=20241024T205333, end_date=20241024T205354
[2024-10-24T20:53:54.272+0000] {local_task_job_runner.py:240} INFO - Task exited with return code 0
[2024-10-24T20:53:54.312+0000] {local_task_job_runner.py:222} INFO - ::endgroup::
