[2024-11-12T04:04:28.005+0000] {local_task_job_runner.py:120} INFO - ::group::Pre task execution logs
[2024-11-12T04:04:28.018+0000] {taskinstance.py:2076} INFO - Dependencies all met for dep_context=non-requeueable deps ti=<TaskInstance: BuildELT_dbt.dbt_snapshot manual__2024-11-12T04:04:12.525337+00:00 [queued]>
[2024-11-12T04:04:28.021+0000] {taskinstance.py:2076} INFO - Dependencies all met for dep_context=requeueable deps ti=<TaskInstance: BuildELT_dbt.dbt_snapshot manual__2024-11-12T04:04:12.525337+00:00 [queued]>
[2024-11-12T04:04:28.021+0000] {taskinstance.py:2306} INFO - Starting attempt 1 of 1
[2024-11-12T04:04:28.025+0000] {taskinstance.py:2330} INFO - Executing <Task(BashOperator): dbt_snapshot> on 2024-11-12 04:04:12.525337+00:00
[2024-11-12T04:04:28.029+0000] {standard_task_runner.py:90} INFO - Running: ['***', 'tasks', 'run', 'BuildELT_dbt', 'dbt_snapshot', 'manual__2024-11-12T04:04:12.525337+00:00', '--job-id', '229', '--raw', '--subdir', 'DAGS_FOLDER/build_elt_with_dbt.py', '--cfg-path', '/tmp/tmprormaqf9']
[2024-11-12T04:04:28.030+0000] {standard_task_runner.py:91} INFO - Job 229: Subtask dbt_snapshot
[2024-11-12T04:04:28.030+0000] {logging_mixin.py:188} WARNING - /home/***/.local/lib/python3.12/site-packages/***/task/task_runner/standard_task_runner.py:61 DeprecationWarning: This process (pid=796) is multi-threaded, use of fork() may lead to deadlocks in the child.
[2024-11-12T04:04:28.031+0000] {standard_task_runner.py:63} INFO - Started process 797 to run task
[2024-11-12T04:04:28.049+0000] {task_command.py:426} INFO - Running <TaskInstance: BuildELT_dbt.dbt_snapshot manual__2024-11-12T04:04:12.525337+00:00 [running]> on host 3c3574b86276
[2024-11-12T04:04:28.076+0000] {taskinstance.py:2648} INFO - Exporting env vars: AIRFLOW_CTX_DAG_OWNER='***' AIRFLOW_CTX_DAG_ID='BuildELT_dbt' AIRFLOW_CTX_TASK_ID='dbt_snapshot' AIRFLOW_CTX_EXECUTION_DATE='2024-11-12T04:04:12.525337+00:00' AIRFLOW_CTX_TRY_NUMBER='1' AIRFLOW_CTX_DAG_RUN_ID='manual__2024-11-12T04:04:12.525337+00:00'
[2024-11-12T04:04:28.076+0000] {taskinstance.py:430} INFO - ::endgroup::
[2024-11-12T04:04:28.082+0000] {subprocess.py:63} INFO - Tmp dir root location: /tmp
[2024-11-12T04:04:28.082+0000] {subprocess.py:75} INFO - Running command: ['/usr/bin/bash', '-c', '/home/***/.local/bin/dbt snapshot --profiles-dir /opt/***/lab --project-dir /opt/***/lab']
[2024-11-12T04:04:28.086+0000] {subprocess.py:86} INFO - Output:
[2024-11-12T04:04:29.013+0000] {subprocess.py:93} INFO - [0m04:04:29  Running with dbt=1.8.7
[2024-11-12T04:04:29.415+0000] {subprocess.py:93} INFO - [0m04:04:29  Registered adapter: snowflake=1.8.4
[2024-11-12T04:04:29.607+0000] {subprocess.py:93} INFO - [0m04:04:29  Found 3 models, 1 snapshot, 1 test, 2 sources, 459 macros
[2024-11-12T04:04:29.608+0000] {subprocess.py:93} INFO - [0m04:04:29
[2024-11-12T04:04:31.614+0000] {subprocess.py:93} INFO - [0m04:04:31  Concurrency: 1 threads (target='dev')
[2024-11-12T04:04:31.616+0000] {subprocess.py:93} INFO - [0m04:04:31
[2024-11-12T04:04:31.631+0000] {subprocess.py:93} INFO - [0m04:04:31  1 of 1 START snapshot snapshot.snapshot_session_summary ........................ [RUN]
[2024-11-12T04:04:32.320+0000] {subprocess.py:93} INFO - [0m04:04:32  1 of 1 ERROR snapshotting snapshot.snapshot_session_summary .................... [[31mERROR[0m in 0.68s]
[2024-11-12T04:04:32.327+0000] {subprocess.py:93} INFO - [0m04:04:32
[2024-11-12T04:04:32.328+0000] {subprocess.py:93} INFO - [0m04:04:32  Finished running 1 snapshot in 0 hours 0 minutes and 2.72 seconds (2.72s).
[2024-11-12T04:04:32.361+0000] {subprocess.py:93} INFO - [0m04:04:32
[2024-11-12T04:04:32.362+0000] {subprocess.py:93} INFO - [0m04:04:32  [31mCompleted with 1 error and 0 warnings:[0m
[2024-11-12T04:04:32.362+0000] {subprocess.py:93} INFO - [0m04:04:32
[2024-11-12T04:04:32.362+0000] {subprocess.py:93} INFO - [0m04:04:32    Database Error in snapshot snapshot_session_summary (snapshots/snapshot.macd_calculation.sql)
[2024-11-12T04:04:32.363+0000] {subprocess.py:93} INFO -   000904 (42000): SQL compilation error: error line 7 at position 33
[2024-11-12T04:04:32.363+0000] {subprocess.py:93} INFO -   invalid identifier 'TS'
[2024-11-12T04:04:32.363+0000] {subprocess.py:93} INFO - [0m04:04:32
[2024-11-12T04:04:32.363+0000] {subprocess.py:93} INFO - [0m04:04:32  Done. PASS=0 WARN=0 ERROR=1 SKIP=0 TOTAL=1
[2024-11-12T04:04:32.996+0000] {subprocess.py:97} INFO - Command exited with return code 1
[2024-11-12T04:04:32.997+0000] {taskinstance.py:441} INFO - ::group::Post task execution logs
[2024-11-12T04:04:33.008+0000] {taskinstance.py:2905} ERROR - Task failed with exception
Traceback (most recent call last):
  File "/home/airflow/.local/lib/python3.12/site-packages/airflow/models/taskinstance.py", line 465, in _execute_task
    result = _execute_callable(context=context, **execute_callable_kwargs)
             ^^^^^^^^^^^^^^^^^^^^^^^^^^^^^^^^^^^^^^^^^^^^^^^^^^^^^^^^^^^^^
  File "/home/airflow/.local/lib/python3.12/site-packages/airflow/models/taskinstance.py", line 432, in _execute_callable
    return execute_callable(context=context, **execute_callable_kwargs)
           ^^^^^^^^^^^^^^^^^^^^^^^^^^^^^^^^^^^^^^^^^^^^^^^^^^^^^^^^^^^^
  File "/home/airflow/.local/lib/python3.12/site-packages/airflow/models/baseoperator.py", line 400, in wrapper
    return func(self, *args, **kwargs)
           ^^^^^^^^^^^^^^^^^^^^^^^^^^^
  File "/home/airflow/.local/lib/python3.12/site-packages/airflow/operators/bash.py", line 243, in execute
    raise AirflowException(
airflow.exceptions.AirflowException: Bash command failed. The command returned a non-zero exit code 1.
[2024-11-12T04:04:33.010+0000] {taskinstance.py:1206} INFO - Marking task as FAILED. dag_id=BuildELT_dbt, task_id=dbt_snapshot, run_id=manual__2024-11-12T04:04:12.525337+00:00, execution_date=20241112T040412, start_date=20241112T040428, end_date=20241112T040433
[2024-11-12T04:04:33.016+0000] {standard_task_runner.py:110} ERROR - Failed to execute job 229 for task dbt_snapshot (Bash command failed. The command returned a non-zero exit code 1.; 797)
[2024-11-12T04:04:33.028+0000] {local_task_job_runner.py:240} INFO - Task exited with return code 1
[2024-11-12T04:04:33.044+0000] {taskinstance.py:3498} INFO - 0 downstream tasks scheduled from follow-on schedule check
[2024-11-12T04:04:33.045+0000] {local_task_job_runner.py:222} INFO - ::endgroup::
