[2024-11-12T19:53:05.994+0000] {local_task_job_runner.py:120} INFO - ::group::Pre task execution logs
[2024-11-12T19:53:06.010+0000] {taskinstance.py:2076} INFO - Dependencies all met for dep_context=non-requeueable deps ti=<TaskInstance: BuildELT_dbt.dbt_run manual__2024-11-12T19:53:05.530203+00:00 [queued]>
[2024-11-12T19:53:06.014+0000] {taskinstance.py:2076} INFO - Dependencies all met for dep_context=requeueable deps ti=<TaskInstance: BuildELT_dbt.dbt_run manual__2024-11-12T19:53:05.530203+00:00 [queued]>
[2024-11-12T19:53:06.014+0000] {taskinstance.py:2306} INFO - Starting attempt 1 of 1
[2024-11-12T19:53:06.019+0000] {taskinstance.py:2330} INFO - Executing <Task(BashOperator): dbt_run> on 2024-11-12 19:53:05.530203+00:00
[2024-11-12T19:53:06.025+0000] {logging_mixin.py:188} WARNING - /home/***/.local/lib/python3.12/site-packages/***/task/task_runner/standard_task_runner.py:61 DeprecationWarning: This process (pid=465) is multi-threaded, use of fork() may lead to deadlocks in the child.
[2024-11-12T19:53:06.023+0000] {standard_task_runner.py:90} INFO - Running: ['***', 'tasks', 'run', 'BuildELT_dbt', 'dbt_run', 'manual__2024-11-12T19:53:05.530203+00:00', '--job-id', '286', '--raw', '--subdir', 'DAGS_FOLDER/build_elt_with_dbt.py', '--cfg-path', '/tmp/tmp8u7gowdq']
[2024-11-12T19:53:06.026+0000] {standard_task_runner.py:91} INFO - Job 286: Subtask dbt_run
[2024-11-12T19:53:06.026+0000] {standard_task_runner.py:63} INFO - Started process 466 to run task
[2024-11-12T19:53:06.049+0000] {task_command.py:426} INFO - Running <TaskInstance: BuildELT_dbt.dbt_run manual__2024-11-12T19:53:05.530203+00:00 [running]> on host ff1b9c31ae4f
[2024-11-12T19:53:06.088+0000] {taskinstance.py:2648} INFO - Exporting env vars: AIRFLOW_CTX_DAG_OWNER='***' AIRFLOW_CTX_DAG_ID='BuildELT_dbt' AIRFLOW_CTX_TASK_ID='dbt_run' AIRFLOW_CTX_EXECUTION_DATE='2024-11-12T19:53:05.530203+00:00' AIRFLOW_CTX_TRY_NUMBER='1' AIRFLOW_CTX_DAG_RUN_ID='manual__2024-11-12T19:53:05.530203+00:00'
[2024-11-12T19:53:06.089+0000] {taskinstance.py:430} INFO - ::endgroup::
[2024-11-12T19:53:06.097+0000] {subprocess.py:63} INFO - Tmp dir root location: /tmp
[2024-11-12T19:53:06.097+0000] {subprocess.py:75} INFO - Running command: ['/usr/bin/bash', '-c', '/home/***/.local/bin/dbt run --profiles-dir /opt/***/lab --project-dir /opt/***/lab']
[2024-11-12T19:53:06.101+0000] {subprocess.py:86} INFO - Output:
[2024-11-12T19:53:07.157+0000] {subprocess.py:93} INFO - [0m19:53:07  Running with dbt=1.8.7
[2024-11-12T19:53:07.697+0000] {subprocess.py:93} INFO - [0m19:53:07  Registered adapter: snowflake=1.8.4
[2024-11-12T19:53:07.882+0000] {subprocess.py:93} INFO - [0m19:53:07  Found 3 models, 1 test, 1 snapshot, 2 sources, 459 macros
[2024-11-12T19:53:07.883+0000] {subprocess.py:93} INFO - [0m19:53:07
[2024-11-12T19:53:10.197+0000] {subprocess.py:93} INFO - [0m19:53:10  Concurrency: 1 threads (target='dev')
[2024-11-12T19:53:10.199+0000] {subprocess.py:93} INFO - [0m19:53:10
[2024-11-12T19:53:10.207+0000] {subprocess.py:93} INFO - [0m19:53:10  1 of 2 START sql table model stock.RSI_Calculation ............................. [RUN]
[2024-11-12T19:53:12.209+0000] {subprocess.py:93} INFO - [0m19:53:12  1 of 2 OK created sql table model stock.RSI_Calculation ........................ [[32mSUCCESS 1[0m in 2.00s]
[2024-11-12T19:53:12.222+0000] {subprocess.py:93} INFO - [0m19:53:12  2 of 2 START sql table model stock.macd_calculation ............................ [RUN]
[2024-11-12T19:53:13.935+0000] {subprocess.py:93} INFO - [0m19:53:13  2 of 2 OK created sql table model stock.macd_calculation ....................... [[32mSUCCESS 1[0m in 1.71s]
[2024-11-12T19:53:13.943+0000] {subprocess.py:93} INFO - [0m19:53:13
[2024-11-12T19:53:13.944+0000] {subprocess.py:93} INFO - [0m19:53:13  Finished running 2 table models in 0 hours 0 minutes and 6.06 seconds (6.06s).
[2024-11-12T19:53:13.981+0000] {subprocess.py:93} INFO - [0m19:53:13
[2024-11-12T19:53:13.982+0000] {subprocess.py:93} INFO - [0m19:53:13  [32mCompleted successfully[0m
[2024-11-12T19:53:13.982+0000] {subprocess.py:93} INFO - [0m19:53:13
[2024-11-12T19:53:13.982+0000] {subprocess.py:93} INFO - [0m19:53:13  Done. PASS=2 WARN=0 ERROR=0 SKIP=0 TOTAL=2
[2024-11-12T19:53:14.621+0000] {subprocess.py:97} INFO - Command exited with return code 0
[2024-11-12T19:53:14.622+0000] {taskinstance.py:441} INFO - ::group::Post task execution logs
[2024-11-12T19:53:14.645+0000] {taskinstance.py:1206} INFO - Marking task as SUCCESS. dag_id=BuildELT_dbt, task_id=dbt_run, run_id=manual__2024-11-12T19:53:05.530203+00:00, execution_date=20241112T195305, start_date=20241112T195306, end_date=20241112T195314
[2024-11-12T19:53:14.699+0000] {local_task_job_runner.py:240} INFO - Task exited with return code 0
[2024-11-12T19:53:14.719+0000] {taskinstance.py:3498} INFO - 1 downstream tasks scheduled from follow-on schedule check
[2024-11-12T19:53:14.720+0000] {local_task_job_runner.py:222} INFO - ::endgroup::
