[2024-11-12T04:04:12.956+0000] {local_task_job_runner.py:120} INFO - ::group::Pre task execution logs
[2024-11-12T04:04:12.979+0000] {taskinstance.py:2076} INFO - Dependencies all met for dep_context=non-requeueable deps ti=<TaskInstance: BuildELT_dbt.dbt_run manual__2024-11-12T04:04:12.525337+00:00 [queued]>
[2024-11-12T04:04:12.983+0000] {taskinstance.py:2076} INFO - Dependencies all met for dep_context=requeueable deps ti=<TaskInstance: BuildELT_dbt.dbt_run manual__2024-11-12T04:04:12.525337+00:00 [queued]>
[2024-11-12T04:04:12.983+0000] {taskinstance.py:2306} INFO - Starting attempt 1 of 1
[2024-11-12T04:04:12.989+0000] {taskinstance.py:2330} INFO - Executing <Task(BashOperator): dbt_run> on 2024-11-12 04:04:12.525337+00:00
[2024-11-12T04:04:12.994+0000] {standard_task_runner.py:90} INFO - Running: ['***', 'tasks', 'run', 'BuildELT_dbt', 'dbt_run', 'manual__2024-11-12T04:04:12.525337+00:00', '--job-id', '227', '--raw', '--subdir', 'DAGS_FOLDER/build_elt_with_dbt.py', '--cfg-path', '/tmp/tmp32qyjuuc']
[2024-11-12T04:04:12.996+0000] {logging_mixin.py:188} WARNING - /home/***/.local/lib/python3.12/site-packages/***/task/task_runner/standard_task_runner.py:61 DeprecationWarning: This process (pid=753) is multi-threaded, use of fork() may lead to deadlocks in the child.
[2024-11-12T04:04:12.996+0000] {standard_task_runner.py:91} INFO - Job 227: Subtask dbt_run
[2024-11-12T04:04:12.996+0000] {standard_task_runner.py:63} INFO - Started process 754 to run task
[2024-11-12T04:04:13.028+0000] {task_command.py:426} INFO - Running <TaskInstance: BuildELT_dbt.dbt_run manual__2024-11-12T04:04:12.525337+00:00 [running]> on host 3c3574b86276
[2024-11-12T04:04:13.067+0000] {taskinstance.py:2648} INFO - Exporting env vars: AIRFLOW_CTX_DAG_OWNER='***' AIRFLOW_CTX_DAG_ID='BuildELT_dbt' AIRFLOW_CTX_TASK_ID='dbt_run' AIRFLOW_CTX_EXECUTION_DATE='2024-11-12T04:04:12.525337+00:00' AIRFLOW_CTX_TRY_NUMBER='1' AIRFLOW_CTX_DAG_RUN_ID='manual__2024-11-12T04:04:12.525337+00:00'
[2024-11-12T04:04:13.067+0000] {taskinstance.py:430} INFO - ::endgroup::
[2024-11-12T04:04:13.078+0000] {subprocess.py:63} INFO - Tmp dir root location: /tmp
[2024-11-12T04:04:13.079+0000] {subprocess.py:75} INFO - Running command: ['/usr/bin/bash', '-c', '/home/***/.local/bin/dbt run --profiles-dir /opt/***/lab --project-dir /opt/***/lab']
[2024-11-12T04:04:13.084+0000] {subprocess.py:86} INFO - Output:
[2024-11-12T04:04:14.181+0000] {subprocess.py:93} INFO - [0m04:04:14  Running with dbt=1.8.7
[2024-11-12T04:04:14.703+0000] {subprocess.py:93} INFO - [0m04:04:14  Registered adapter: snowflake=1.8.4
[2024-11-12T04:04:14.892+0000] {subprocess.py:93} INFO - [0m04:04:14  Found 3 models, 1 snapshot, 1 test, 2 sources, 459 macros
[2024-11-12T04:04:14.893+0000] {subprocess.py:93} INFO - [0m04:04:14
[2024-11-12T04:04:17.313+0000] {subprocess.py:93} INFO - [0m04:04:17  Concurrency: 1 threads (target='dev')
[2024-11-12T04:04:17.315+0000] {subprocess.py:93} INFO - [0m04:04:17
[2024-11-12T04:04:17.330+0000] {subprocess.py:93} INFO - [0m04:04:17  1 of 2 START sql table model stock.RSI_Calculation ............................. [RUN]
[2024-11-12T04:04:19.585+0000] {subprocess.py:93} INFO - [0m04:04:19  1 of 2 OK created sql table model stock.RSI_Calculation ........................ [[32mSUCCESS 1[0m in 2.25s]
[2024-11-12T04:04:19.597+0000] {subprocess.py:93} INFO - [0m04:04:19  2 of 2 START sql table model stock.macd_calculation ............................ [RUN]
[2024-11-12T04:04:21.813+0000] {subprocess.py:93} INFO - [0m04:04:21  2 of 2 OK created sql table model stock.macd_calculation ....................... [[32mSUCCESS 1[0m in 2.21s]
[2024-11-12T04:04:21.822+0000] {subprocess.py:93} INFO - [0m04:04:21
[2024-11-12T04:04:21.823+0000] {subprocess.py:93} INFO - [0m04:04:21  Finished running 2 table models in 0 hours 0 minutes and 6.93 seconds (6.93s).
[2024-11-12T04:04:21.855+0000] {subprocess.py:93} INFO - [0m04:04:21
[2024-11-12T04:04:21.856+0000] {subprocess.py:93} INFO - [0m04:04:21  [32mCompleted successfully[0m
[2024-11-12T04:04:21.856+0000] {subprocess.py:93} INFO - [0m04:04:21
[2024-11-12T04:04:21.857+0000] {subprocess.py:93} INFO - [0m04:04:21  Done. PASS=2 WARN=0 ERROR=0 SKIP=0 TOTAL=2
[2024-11-12T04:04:22.573+0000] {subprocess.py:97} INFO - Command exited with return code 0
[2024-11-12T04:04:22.574+0000] {taskinstance.py:441} INFO - ::group::Post task execution logs
[2024-11-12T04:04:22.608+0000] {taskinstance.py:1206} INFO - Marking task as SUCCESS. dag_id=BuildELT_dbt, task_id=dbt_run, run_id=manual__2024-11-12T04:04:12.525337+00:00, execution_date=20241112T040412, start_date=20241112T040412, end_date=20241112T040422
[2024-11-12T04:04:22.626+0000] {local_task_job_runner.py:240} INFO - Task exited with return code 0
[2024-11-12T04:04:22.652+0000] {taskinstance.py:3498} INFO - 1 downstream tasks scheduled from follow-on schedule check
[2024-11-12T04:04:22.652+0000] {local_task_job_runner.py:222} INFO - ::endgroup::
