[2024-11-12T20:29:50.854+0000] {local_task_job_runner.py:120} INFO - ::group::Pre task execution logs
[2024-11-12T20:29:50.868+0000] {taskinstance.py:2076} INFO - Dependencies all met for dep_context=non-requeueable deps ti=<TaskInstance: BuildELT_dbt.dbt_run manual__2024-11-12T20:29:50.353303+00:00 [queued]>
[2024-11-12T20:29:50.871+0000] {taskinstance.py:2076} INFO - Dependencies all met for dep_context=requeueable deps ti=<TaskInstance: BuildELT_dbt.dbt_run manual__2024-11-12T20:29:50.353303+00:00 [queued]>
[2024-11-12T20:29:50.871+0000] {taskinstance.py:2306} INFO - Starting attempt 1 of 1
[2024-11-12T20:29:50.876+0000] {taskinstance.py:2330} INFO - Executing <Task(BashOperator): dbt_run> on 2024-11-12 20:29:50.353303+00:00
[2024-11-12T20:29:50.879+0000] {standard_task_runner.py:90} INFO - Running: ['***', 'tasks', 'run', 'BuildELT_dbt', 'dbt_run', 'manual__2024-11-12T20:29:50.353303+00:00', '--job-id', '305', '--raw', '--subdir', 'DAGS_FOLDER/build_elt_with_dbt.py', '--cfg-path', '/tmp/tmp1fuh60dv']
[2024-11-12T20:29:50.881+0000] {standard_task_runner.py:91} INFO - Job 305: Subtask dbt_run
[2024-11-12T20:29:50.882+0000] {logging_mixin.py:188} WARNING - /home/***/.local/lib/python3.12/site-packages/***/task/task_runner/standard_task_runner.py:61 DeprecationWarning: This process (pid=3691) is multi-threaded, use of fork() may lead to deadlocks in the child.
[2024-11-12T20:29:50.882+0000] {standard_task_runner.py:63} INFO - Started process 3692 to run task
[2024-11-12T20:29:50.897+0000] {task_command.py:426} INFO - Running <TaskInstance: BuildELT_dbt.dbt_run manual__2024-11-12T20:29:50.353303+00:00 [running]> on host ff1b9c31ae4f
[2024-11-12T20:29:50.927+0000] {taskinstance.py:2648} INFO - Exporting env vars: AIRFLOW_CTX_DAG_OWNER='***' AIRFLOW_CTX_DAG_ID='BuildELT_dbt' AIRFLOW_CTX_TASK_ID='dbt_run' AIRFLOW_CTX_EXECUTION_DATE='2024-11-12T20:29:50.353303+00:00' AIRFLOW_CTX_TRY_NUMBER='1' AIRFLOW_CTX_DAG_RUN_ID='manual__2024-11-12T20:29:50.353303+00:00'
[2024-11-12T20:29:50.928+0000] {taskinstance.py:430} INFO - ::endgroup::
[2024-11-12T20:29:50.934+0000] {subprocess.py:63} INFO - Tmp dir root location: /tmp
[2024-11-12T20:29:50.934+0000] {subprocess.py:75} INFO - Running command: ['/usr/bin/bash', '-c', '/home/***/.local/bin/dbt run --profiles-dir /opt/***/lab --project-dir /opt/***/lab']
[2024-11-12T20:29:50.938+0000] {subprocess.py:86} INFO - Output:
[2024-11-12T20:29:51.990+0000] {subprocess.py:93} INFO - [0m20:29:51  Running with dbt=1.8.7
[2024-11-12T20:29:52.477+0000] {subprocess.py:93} INFO - [0m20:29:52  Registered adapter: snowflake=1.8.4
[2024-11-12T20:29:52.671+0000] {subprocess.py:93} INFO - [0m20:29:52  Found 3 models, 1 test, 2 snapshots, 2 sources, 459 macros
[2024-11-12T20:29:52.672+0000] {subprocess.py:93} INFO - [0m20:29:52
[2024-11-12T20:29:54.833+0000] {subprocess.py:93} INFO - [0m20:29:54  Concurrency: 1 threads (target='dev')
[2024-11-12T20:29:54.836+0000] {subprocess.py:93} INFO - [0m20:29:54
[2024-11-12T20:29:54.853+0000] {subprocess.py:93} INFO - [0m20:29:54  1 of 2 START sql table model stock.RSI_Calculation ............................. [RUN]
[2024-11-12T20:29:56.311+0000] {subprocess.py:93} INFO - [0m20:29:56  1 of 2 OK created sql table model stock.RSI_Calculation ........................ [[32mSUCCESS 1[0m in 1.45s]
[2024-11-12T20:29:56.325+0000] {subprocess.py:93} INFO - [0m20:29:56  2 of 2 START sql table model stock.macd_calculation ............................ [RUN]
[2024-11-12T20:29:58.229+0000] {subprocess.py:93} INFO - [0m20:29:58  2 of 2 OK created sql table model stock.macd_calculation ....................... [[32mSUCCESS 1[0m in 1.90s]
[2024-11-12T20:29:58.234+0000] {subprocess.py:93} INFO - [0m20:29:58
[2024-11-12T20:29:58.235+0000] {subprocess.py:93} INFO - [0m20:29:58  Finished running 2 table models in 0 hours 0 minutes and 5.56 seconds (5.56s).
[2024-11-12T20:29:58.277+0000] {subprocess.py:93} INFO - [0m20:29:58
[2024-11-12T20:29:58.278+0000] {subprocess.py:93} INFO - [0m20:29:58  [32mCompleted successfully[0m
[2024-11-12T20:29:58.278+0000] {subprocess.py:93} INFO - [0m20:29:58
[2024-11-12T20:29:58.278+0000] {subprocess.py:93} INFO - [0m20:29:58  Done. PASS=2 WARN=0 ERROR=0 SKIP=0 TOTAL=2
[2024-11-12T20:29:58.978+0000] {subprocess.py:97} INFO - Command exited with return code 0
[2024-11-12T20:29:58.982+0000] {taskinstance.py:441} INFO - ::group::Post task execution logs
[2024-11-12T20:29:59.007+0000] {taskinstance.py:1206} INFO - Marking task as SUCCESS. dag_id=BuildELT_dbt, task_id=dbt_run, run_id=manual__2024-11-12T20:29:50.353303+00:00, execution_date=20241112T202950, start_date=20241112T202950, end_date=20241112T202959
[2024-11-12T20:29:59.037+0000] {local_task_job_runner.py:240} INFO - Task exited with return code 0
[2024-11-12T20:29:59.056+0000] {taskinstance.py:3498} INFO - 1 downstream tasks scheduled from follow-on schedule check
[2024-11-12T20:29:59.056+0000] {local_task_job_runner.py:222} INFO - ::endgroup::
