[2024-11-12T20:14:25.449+0000] {local_task_job_runner.py:120} INFO - ::group::Pre task execution logs
[2024-11-12T20:14:25.465+0000] {taskinstance.py:2076} INFO - Dependencies all met for dep_context=non-requeueable deps ti=<TaskInstance: BuildELT_dbt.dbt_snapshot manual__2024-11-12T20:14:09.882640+00:00 [queued]>
[2024-11-12T20:14:25.469+0000] {taskinstance.py:2076} INFO - Dependencies all met for dep_context=requeueable deps ti=<TaskInstance: BuildELT_dbt.dbt_snapshot manual__2024-11-12T20:14:09.882640+00:00 [queued]>
[2024-11-12T20:14:25.469+0000] {taskinstance.py:2306} INFO - Starting attempt 1 of 1
[2024-11-12T20:14:25.474+0000] {taskinstance.py:2330} INFO - Executing <Task(BashOperator): dbt_snapshot> on 2024-11-12 20:14:09.882640+00:00
[2024-11-12T20:14:25.478+0000] {standard_task_runner.py:90} INFO - Running: ['***', 'tasks', 'run', 'BuildELT_dbt', 'dbt_snapshot', 'manual__2024-11-12T20:14:09.882640+00:00', '--job-id', '295', '--raw', '--subdir', 'DAGS_FOLDER/build_elt_with_dbt.py', '--cfg-path', '/tmp/tmpo8tanohb']
[2024-11-12T20:14:25.480+0000] {standard_task_runner.py:91} INFO - Job 295: Subtask dbt_snapshot
[2024-11-12T20:14:25.479+0000] {logging_mixin.py:188} WARNING - /home/***/.local/lib/python3.12/site-packages/***/task/task_runner/standard_task_runner.py:61 DeprecationWarning: This process (pid=2346) is multi-threaded, use of fork() may lead to deadlocks in the child.
[2024-11-12T20:14:25.481+0000] {standard_task_runner.py:63} INFO - Started process 2347 to run task
[2024-11-12T20:14:25.499+0000] {task_command.py:426} INFO - Running <TaskInstance: BuildELT_dbt.dbt_snapshot manual__2024-11-12T20:14:09.882640+00:00 [running]> on host ff1b9c31ae4f
[2024-11-12T20:14:25.533+0000] {taskinstance.py:2648} INFO - Exporting env vars: AIRFLOW_CTX_DAG_OWNER='***' AIRFLOW_CTX_DAG_ID='BuildELT_dbt' AIRFLOW_CTX_TASK_ID='dbt_snapshot' AIRFLOW_CTX_EXECUTION_DATE='2024-11-12T20:14:09.882640+00:00' AIRFLOW_CTX_TRY_NUMBER='1' AIRFLOW_CTX_DAG_RUN_ID='manual__2024-11-12T20:14:09.882640+00:00'
[2024-11-12T20:14:25.533+0000] {taskinstance.py:430} INFO - ::endgroup::
[2024-11-12T20:14:25.540+0000] {subprocess.py:63} INFO - Tmp dir root location: /tmp
[2024-11-12T20:14:25.540+0000] {subprocess.py:75} INFO - Running command: ['/usr/bin/bash', '-c', '/home/***/.local/bin/dbt snapshot --profiles-dir /opt/***/lab --project-dir /opt/***/lab']
[2024-11-12T20:14:25.544+0000] {subprocess.py:86} INFO - Output:
[2024-11-12T20:14:26.464+0000] {subprocess.py:93} INFO - [0m20:14:26  Running with dbt=1.8.7
[2024-11-12T20:14:26.925+0000] {subprocess.py:93} INFO - [0m20:14:26  Registered adapter: snowflake=1.8.4
[2024-11-12T20:14:27.105+0000] {subprocess.py:93} INFO - [0m20:14:27  Found 3 models, 1 test, 2 snapshots, 2 sources, 459 macros
[2024-11-12T20:14:27.106+0000] {subprocess.py:93} INFO - [0m20:14:27
[2024-11-12T20:14:29.002+0000] {subprocess.py:93} INFO - [0m20:14:29  Concurrency: 1 threads (target='dev')
[2024-11-12T20:14:29.004+0000] {subprocess.py:93} INFO - [0m20:14:29
[2024-11-12T20:14:29.023+0000] {subprocess.py:93} INFO - [0m20:14:29  1 of 2 START snapshot snapshot.snapshot_RSI_Calculation ........................ [RUN]
[2024-11-12T20:14:31.438+0000] {subprocess.py:93} INFO - [0m20:14:31  1 of 2 OK snapshotted snapshot.snapshot_RSI_Calculation ........................ [[32mSUCCESS 1[0m in 2.41s]
[2024-11-12T20:14:31.442+0000] {subprocess.py:93} INFO - [0m20:14:31  2 of 2 START snapshot snapshot.snapshot_macd_calculation ....................... [RUN]
[2024-11-12T20:14:35.948+0000] {subprocess.py:93} INFO - [0m20:14:35  2 of 2 OK snapshotted snapshot.snapshot_macd_calculation ....................... [[32mSUCCESS 0[0m in 4.50s]
[2024-11-12T20:14:35.957+0000] {subprocess.py:93} INFO - [0m20:14:35
[2024-11-12T20:14:35.957+0000] {subprocess.py:93} INFO - [0m20:14:35  Finished running 2 snapshots in 0 hours 0 minutes and 8.85 seconds (8.85s).
[2024-11-12T20:14:35.997+0000] {subprocess.py:93} INFO - [0m20:14:35
[2024-11-12T20:14:35.998+0000] {subprocess.py:93} INFO - [0m20:14:35  [32mCompleted successfully[0m
[2024-11-12T20:14:35.998+0000] {subprocess.py:93} INFO - [0m20:14:35
[2024-11-12T20:14:35.999+0000] {subprocess.py:93} INFO - [0m20:14:35  Done. PASS=2 WARN=0 ERROR=0 SKIP=0 TOTAL=2
[2024-11-12T20:14:36.654+0000] {subprocess.py:97} INFO - Command exited with return code 0
[2024-11-12T20:14:36.657+0000] {taskinstance.py:441} INFO - ::group::Post task execution logs
[2024-11-12T20:14:36.676+0000] {taskinstance.py:1206} INFO - Marking task as SUCCESS. dag_id=BuildELT_dbt, task_id=dbt_snapshot, run_id=manual__2024-11-12T20:14:09.882640+00:00, execution_date=20241112T201409, start_date=20241112T201425, end_date=20241112T201436
[2024-11-12T20:14:36.691+0000] {local_task_job_runner.py:240} INFO - Task exited with return code 0
[2024-11-12T20:14:36.701+0000] {taskinstance.py:3498} INFO - 0 downstream tasks scheduled from follow-on schedule check
[2024-11-12T20:14:36.701+0000] {local_task_job_runner.py:222} INFO - ::endgroup::
