[2024-11-12T19:53:20.571+0000] {local_task_job_runner.py:120} INFO - ::group::Pre task execution logs
[2024-11-12T19:53:20.583+0000] {taskinstance.py:2076} INFO - Dependencies all met for dep_context=non-requeueable deps ti=<TaskInstance: BuildELT_dbt.dbt_snapshot manual__2024-11-12T19:53:05.530203+00:00 [queued]>
[2024-11-12T19:53:20.586+0000] {taskinstance.py:2076} INFO - Dependencies all met for dep_context=requeueable deps ti=<TaskInstance: BuildELT_dbt.dbt_snapshot manual__2024-11-12T19:53:05.530203+00:00 [queued]>
[2024-11-12T19:53:20.586+0000] {taskinstance.py:2306} INFO - Starting attempt 1 of 1
[2024-11-12T19:53:20.591+0000] {taskinstance.py:2330} INFO - Executing <Task(BashOperator): dbt_snapshot> on 2024-11-12 19:53:05.530203+00:00
[2024-11-12T19:53:20.594+0000] {standard_task_runner.py:90} INFO - Running: ['***', 'tasks', 'run', 'BuildELT_dbt', 'dbt_snapshot', 'manual__2024-11-12T19:53:05.530203+00:00', '--job-id', '288', '--raw', '--subdir', 'DAGS_FOLDER/build_elt_with_dbt.py', '--cfg-path', '/tmp/tmp2bza_sgt']
[2024-11-12T19:53:20.595+0000] {standard_task_runner.py:91} INFO - Job 288: Subtask dbt_snapshot
[2024-11-12T19:53:20.595+0000] {logging_mixin.py:188} WARNING - /home/***/.local/lib/python3.12/site-packages/***/task/task_runner/standard_task_runner.py:61 DeprecationWarning: This process (pid=543) is multi-threaded, use of fork() may lead to deadlocks in the child.
[2024-11-12T19:53:20.596+0000] {standard_task_runner.py:63} INFO - Started process 544 to run task
[2024-11-12T19:53:20.611+0000] {task_command.py:426} INFO - Running <TaskInstance: BuildELT_dbt.dbt_snapshot manual__2024-11-12T19:53:05.530203+00:00 [running]> on host ff1b9c31ae4f
[2024-11-12T19:53:20.641+0000] {taskinstance.py:2648} INFO - Exporting env vars: AIRFLOW_CTX_DAG_OWNER='***' AIRFLOW_CTX_DAG_ID='BuildELT_dbt' AIRFLOW_CTX_TASK_ID='dbt_snapshot' AIRFLOW_CTX_EXECUTION_DATE='2024-11-12T19:53:05.530203+00:00' AIRFLOW_CTX_TRY_NUMBER='1' AIRFLOW_CTX_DAG_RUN_ID='manual__2024-11-12T19:53:05.530203+00:00'
[2024-11-12T19:53:20.641+0000] {taskinstance.py:430} INFO - ::endgroup::
[2024-11-12T19:53:20.647+0000] {subprocess.py:63} INFO - Tmp dir root location: /tmp
[2024-11-12T19:53:20.647+0000] {subprocess.py:75} INFO - Running command: ['/usr/bin/bash', '-c', '/home/***/.local/bin/dbt snapshot --profiles-dir /opt/***/lab --project-dir /opt/***/lab']
[2024-11-12T19:53:20.651+0000] {subprocess.py:86} INFO - Output:
[2024-11-12T19:53:21.592+0000] {subprocess.py:93} INFO - [0m19:53:21  Running with dbt=1.8.7
[2024-11-12T19:53:22.002+0000] {subprocess.py:93} INFO - [0m19:53:22  Registered adapter: snowflake=1.8.4
[2024-11-12T19:53:22.183+0000] {subprocess.py:93} INFO - [0m19:53:22  Found 3 models, 1 test, 1 snapshot, 2 sources, 459 macros
[2024-11-12T19:53:22.184+0000] {subprocess.py:93} INFO - [0m19:53:22
[2024-11-12T19:53:24.127+0000] {subprocess.py:93} INFO - [0m19:53:24  Concurrency: 1 threads (target='dev')
[2024-11-12T19:53:24.128+0000] {subprocess.py:93} INFO - [0m19:53:24
[2024-11-12T19:53:24.153+0000] {subprocess.py:93} INFO - [0m19:53:24  1 of 1 START snapshot snapshot.snapshot_macd_calculation ....................... [RUN]
[2024-11-12T19:53:28.694+0000] {subprocess.py:93} INFO - [0m19:53:28  1 of 1 OK snapshotted snapshot.snapshot_macd_calculation ....................... [[32mSUCCESS 0[0m in 4.54s]
[2024-11-12T19:53:28.701+0000] {subprocess.py:93} INFO - [0m19:53:28
[2024-11-12T19:53:28.703+0000] {subprocess.py:93} INFO - [0m19:53:28  Finished running 1 snapshot in 0 hours 0 minutes and 6.52 seconds (6.52s).
[2024-11-12T19:53:28.738+0000] {subprocess.py:93} INFO - [0m19:53:28
[2024-11-12T19:53:28.738+0000] {subprocess.py:93} INFO - [0m19:53:28  [32mCompleted successfully[0m
[2024-11-12T19:53:28.739+0000] {subprocess.py:93} INFO - [0m19:53:28
[2024-11-12T19:53:28.739+0000] {subprocess.py:93} INFO - [0m19:53:28  Done. PASS=1 WARN=0 ERROR=0 SKIP=0 TOTAL=1
[2024-11-12T19:53:29.324+0000] {subprocess.py:97} INFO - Command exited with return code 0
[2024-11-12T19:53:29.325+0000] {taskinstance.py:441} INFO - ::group::Post task execution logs
[2024-11-12T19:53:29.337+0000] {taskinstance.py:1206} INFO - Marking task as SUCCESS. dag_id=BuildELT_dbt, task_id=dbt_snapshot, run_id=manual__2024-11-12T19:53:05.530203+00:00, execution_date=20241112T195305, start_date=20241112T195320, end_date=20241112T195329
[2024-11-12T19:53:29.357+0000] {local_task_job_runner.py:240} INFO - Task exited with return code 0
[2024-11-12T19:53:29.365+0000] {taskinstance.py:3498} INFO - 0 downstream tasks scheduled from follow-on schedule check
[2024-11-12T19:53:29.366+0000] {local_task_job_runner.py:222} INFO - ::endgroup::
