[2024-10-24T22:50:07.893+0000] {local_task_job_runner.py:120} INFO - ::group::Pre task execution logs
[2024-10-24T22:50:07.919+0000] {taskinstance.py:2076} INFO - Dependencies all met for dep_context=non-requeueable deps ti=<TaskInstance: SetupETLtables.load manual__2024-10-24T22:50:06.260261+00:00 [queued]>
[2024-10-24T22:50:07.923+0000] {taskinstance.py:2076} INFO - Dependencies all met for dep_context=requeueable deps ti=<TaskInstance: SetupETLtables.load manual__2024-10-24T22:50:06.260261+00:00 [queued]>
[2024-10-24T22:50:07.923+0000] {taskinstance.py:2306} INFO - Starting attempt 1 of 1
[2024-10-24T22:50:07.931+0000] {taskinstance.py:2330} INFO - Executing <Task(_PythonDecoratedOperator): load> on 2024-10-24 22:50:06.260261+00:00
[2024-10-24T22:50:07.945+0000] {standard_task_runner.py:90} INFO - Running: ['***', 'tasks', 'run', 'SetupETLtables', 'load', 'manual__2024-10-24T22:50:06.260261+00:00', '--job-id', '71', '--raw', '--subdir', 'DAGS_FOLDER/etl_table_snowflake.py', '--cfg-path', '/tmp/tmpwd469pb2']
[2024-10-24T22:50:07.947+0000] {logging_mixin.py:188} WARNING - /home/***/.local/lib/python3.12/site-packages/***/task/task_runner/standard_task_runner.py:61 DeprecationWarning: This process (pid=342) is multi-threaded, use of fork() may lead to deadlocks in the child.
[2024-10-24T22:50:07.948+0000] {standard_task_runner.py:91} INFO - Job 71: Subtask load
[2024-10-24T22:50:07.948+0000] {standard_task_runner.py:63} INFO - Started process 347 to run task
[2024-10-24T22:50:07.990+0000] {task_command.py:426} INFO - Running <TaskInstance: SetupETLtables.load manual__2024-10-24T22:50:06.260261+00:00 [running]> on host 599a8e9540bd
[2024-10-24T22:50:08.065+0000] {taskinstance.py:2648} INFO - Exporting env vars: AIRFLOW_CTX_DAG_OWNER='***' AIRFLOW_CTX_DAG_ID='SetupETLtables' AIRFLOW_CTX_TASK_ID='load' AIRFLOW_CTX_EXECUTION_DATE='2024-10-24T22:50:06.260261+00:00' AIRFLOW_CTX_TRY_NUMBER='1' AIRFLOW_CTX_DAG_RUN_ID='manual__2024-10-24T22:50:06.260261+00:00'
[2024-10-24T22:50:08.067+0000] {taskinstance.py:430} INFO - ::endgroup::
[2024-10-24T22:50:08.074+0000] {base.py:84} INFO - Using connection ID 'snowflake_conn' for task execution.
[2024-10-24T22:50:08.077+0000] {connection.py:399} INFO - Snowflake Connector for Python Version: 3.10.0, Python Version: 3.12.3, Platform: Linux-6.10.4-linuxkit-aarch64-with-glibc2.36
[2024-10-24T22:50:08.078+0000] {connection.py:1239} INFO - This connection is in OCSP Fail Open Mode. TLS Certificates would be checked for validity and revocation status. Any other Certificate Revocation related exceptions or OCSP Responder failures would be disregarded in favor of connectivity.
[2024-10-24T22:50:08.745+0000] {cursor.py:1149} INFO - Number of results in first chunk: 1
[2024-10-24T22:50:08.869+0000] {logging_mixin.py:188} INFO - 001757 (42601): 01b7e9da-0004-0d75-0001-8e6b00037252: SQL compilation error:
Table 'DEV.RAW_DATA.USER_SESSION_CHANNEL' does not exist
[2024-10-24T22:50:08.873+0000] {taskinstance.py:441} INFO - ::group::Post task execution logs
[2024-10-24T22:50:08.875+0000] {taskinstance.py:2905} ERROR - Task failed with exception
Traceback (most recent call last):
  File "/home/airflow/.local/lib/python3.12/site-packages/airflow/models/taskinstance.py", line 465, in _execute_task
    result = _execute_callable(context=context, **execute_callable_kwargs)
             ^^^^^^^^^^^^^^^^^^^^^^^^^^^^^^^^^^^^^^^^^^^^^^^^^^^^^^^^^^^^^
  File "/home/airflow/.local/lib/python3.12/site-packages/airflow/models/taskinstance.py", line 432, in _execute_callable
    return execute_callable(context=context, **execute_callable_kwargs)
           ^^^^^^^^^^^^^^^^^^^^^^^^^^^^^^^^^^^^^^^^^^^^^^^^^^^^^^^^^^^^
  File "/home/airflow/.local/lib/python3.12/site-packages/airflow/models/baseoperator.py", line 400, in wrapper
    return func(self, *args, **kwargs)
           ^^^^^^^^^^^^^^^^^^^^^^^^^^^
  File "/home/airflow/.local/lib/python3.12/site-packages/airflow/decorators/base.py", line 265, in execute
    return_value = super().execute(context)
                   ^^^^^^^^^^^^^^^^^^^^^^^^
  File "/home/airflow/.local/lib/python3.12/site-packages/airflow/models/baseoperator.py", line 400, in wrapper
    return func(self, *args, **kwargs)
           ^^^^^^^^^^^^^^^^^^^^^^^^^^^
  File "/home/airflow/.local/lib/python3.12/site-packages/airflow/operators/python.py", line 235, in execute
    return_value = self.execute_callable()
                   ^^^^^^^^^^^^^^^^^^^^^^^
  File "/home/airflow/.local/lib/python3.12/site-packages/airflow/operators/python.py", line 252, in execute_callable
    return self.python_callable(*self.op_args, **self.op_kwargs)
           ^^^^^^^^^^^^^^^^^^^^^^^^^^^^^^^^^^^^^^^^^^^^^^^^^^^^^
  File "/opt/airflow/dags/etl_table_snowflake.py", line 53, in load
    raise e
  File "/opt/airflow/dags/etl_table_snowflake.py", line 47, in load
    cur.execute(sql_userchannel)
  File "/home/airflow/.local/lib/python3.12/site-packages/snowflake/connector/cursor.py", line 1080, in execute
    Error.errorhandler_wrapper(self.connection, self, error_class, errvalue)
  File "/home/airflow/.local/lib/python3.12/site-packages/snowflake/connector/errors.py", line 290, in errorhandler_wrapper
    handed_over = Error.hand_to_other_handler(
                  ^^^^^^^^^^^^^^^^^^^^^^^^^^^^
  File "/home/airflow/.local/lib/python3.12/site-packages/snowflake/connector/errors.py", line 345, in hand_to_other_handler
    cursor.errorhandler(connection, cursor, error_class, error_value)
  File "/home/airflow/.local/lib/python3.12/site-packages/snowflake/connector/errors.py", line 221, in default_errorhandler
    raise error_class(
snowflake.connector.errors.ProgrammingError: 001757 (42601): 01b7e9da-0004-0d75-0001-8e6b00037252: SQL compilation error:
Table 'DEV.RAW_DATA.USER_SESSION_CHANNEL' does not exist
[2024-10-24T22:50:08.948+0000] {taskinstance.py:1206} INFO - Marking task as FAILED. dag_id=SetupETLtables, task_id=load, run_id=manual__2024-10-24T22:50:06.260261+00:00, execution_date=20241024T225006, start_date=20241024T225007, end_date=20241024T225008
[2024-10-24T22:50:08.966+0000] {standard_task_runner.py:110} ERROR - Failed to execute job 71 for task load (001757 (42601): 01b7e9da-0004-0d75-0001-8e6b00037252: SQL compilation error:
Table 'DEV.RAW_DATA.USER_SESSION_CHANNEL' does not exist; 347)
[2024-10-24T22:50:08.994+0000] {local_task_job_runner.py:240} INFO - Task exited with return code 1
[2024-10-24T22:50:09.027+0000] {taskinstance.py:3498} INFO - 0 downstream tasks scheduled from follow-on schedule check
[2024-10-24T22:50:09.029+0000] {local_task_job_runner.py:222} INFO - ::endgroup::
