[2024-10-24T20:33:15.946+0000] {local_task_job_runner.py:120} INFO - ::group::Pre task execution logs
[2024-10-24T20:33:15.991+0000] {taskinstance.py:2076} INFO - Dependencies all met for dep_context=non-requeueable deps ti=<TaskInstance: SetupETLtables.createTable__1 manual__2024-10-24T20:33:13.838747+00:00 [queued]>
[2024-10-24T20:33:15.995+0000] {taskinstance.py:2076} INFO - Dependencies all met for dep_context=requeueable deps ti=<TaskInstance: SetupETLtables.createTable__1 manual__2024-10-24T20:33:13.838747+00:00 [queued]>
[2024-10-24T20:33:15.996+0000] {taskinstance.py:2306} INFO - Starting attempt 1 of 1
[2024-10-24T20:33:16.004+0000] {taskinstance.py:2330} INFO - Executing <Task(_PythonDecoratedOperator): createTable__1> on 2024-10-24 20:33:13.838747+00:00
[2024-10-24T20:33:16.020+0000] {standard_task_runner.py:90} INFO - Running: ['***', 'tasks', 'run', 'SetupETLtables', 'createTable__1', 'manual__2024-10-24T20:33:13.838747+00:00', '--job-id', '36', '--raw', '--subdir', 'DAGS_FOLDER/etl_table_snowflake.py', '--cfg-path', '/tmp/tmp2qdrhrrj']
[2024-10-24T20:33:16.023+0000] {standard_task_runner.py:91} INFO - Job 36: Subtask createTable__1
[2024-10-24T20:33:16.023+0000] {logging_mixin.py:188} WARNING - /home/***/.local/lib/python3.12/site-packages/***/task/task_runner/standard_task_runner.py:61 DeprecationWarning: This process (pid=395) is multi-threaded, use of fork() may lead to deadlocks in the child.
[2024-10-24T20:33:16.024+0000] {standard_task_runner.py:63} INFO - Started process 405 to run task
[2024-10-24T20:33:16.199+0000] {task_command.py:426} INFO - Running <TaskInstance: SetupETLtables.createTable__1 manual__2024-10-24T20:33:13.838747+00:00 [running]> on host 599a8e9540bd
[2024-10-24T20:33:17.769+0000] {taskinstance.py:2648} INFO - Exporting env vars: AIRFLOW_CTX_DAG_OWNER='***' AIRFLOW_CTX_DAG_ID='SetupETLtables' AIRFLOW_CTX_TASK_ID='createTable__1' AIRFLOW_CTX_EXECUTION_DATE='2024-10-24T20:33:13.838747+00:00' AIRFLOW_CTX_TRY_NUMBER='1' AIRFLOW_CTX_DAG_RUN_ID='manual__2024-10-24T20:33:13.838747+00:00'
[2024-10-24T20:33:17.775+0000] {taskinstance.py:430} INFO - ::endgroup::
[2024-10-24T20:33:17.861+0000] {base.py:84} INFO - Using connection ID 'snowflake_conn' for task execution.
[2024-10-24T20:33:17.887+0000] {connection.py:399} INFO - Snowflake Connector for Python Version: 3.10.0, Python Version: 3.12.3, Platform: Linux-6.10.4-linuxkit-aarch64-with-glibc2.36
[2024-10-24T20:33:17.890+0000] {connection.py:1239} INFO - This connection is in OCSP Fail Open Mode. TLS Certificates would be checked for validity and revocation status. Any other Certificate Revocation related exceptions or OCSP Responder failures would be disregarded in favor of connectivity.
[2024-10-24T20:33:30.234+0000] {cursor.py:1149} INFO - Number of results in first chunk: 1
[2024-10-24T20:33:31.718+0000] {cursor.py:1149} INFO - Number of results in first chunk: 1
[2024-10-24T20:33:31.737+0000] {python.py:237} INFO - Done. Returned value was: None
[2024-10-24T20:33:31.807+0000] {taskinstance.py:441} INFO - ::group::Post task execution logs
[2024-10-24T20:33:44.329+0000] {taskinstance.py:1206} INFO - Marking task as SUCCESS. dag_id=SetupETLtables, task_id=createTable__1, run_id=manual__2024-10-24T20:33:13.838747+00:00, execution_date=20241024T203313, start_date=20241024T203315, end_date=20241024T203344
[2024-10-24T20:34:04.803+0000] {local_task_job_runner.py:240} INFO - Task exited with return code 0
[2024-10-24T20:34:05.076+0000] {local_task_job_runner.py:222} INFO - ::endgroup::
