[2024-11-12T03:43:15.087+0000] {local_task_job_runner.py:120} INFO - ::group::Pre task execution logs
[2024-11-12T03:43:15.107+0000] {taskinstance.py:2076} INFO - Dependencies all met for dep_context=non-requeueable deps ti=<TaskInstance: BuildELT_dbt.dbt_run manual__2024-11-12T03:43:14.039386+00:00 [queued]>
[2024-11-12T03:43:15.110+0000] {taskinstance.py:2076} INFO - Dependencies all met for dep_context=requeueable deps ti=<TaskInstance: BuildELT_dbt.dbt_run manual__2024-11-12T03:43:14.039386+00:00 [queued]>
[2024-11-12T03:43:15.110+0000] {taskinstance.py:2306} INFO - Starting attempt 1 of 1
[2024-11-12T03:43:15.115+0000] {taskinstance.py:2330} INFO - Executing <Task(BashOperator): dbt_run> on 2024-11-12 03:43:14.039386+00:00
[2024-11-12T03:43:15.125+0000] {logging_mixin.py:188} WARNING - /home/***/.local/lib/python3.12/site-packages/***/task/task_runner/standard_task_runner.py:61 DeprecationWarning: This process (pid=1668) is multi-threaded, use of fork() may lead to deadlocks in the child.
[2024-11-12T03:43:15.120+0000] {standard_task_runner.py:90} INFO - Running: ['***', 'tasks', 'run', 'BuildELT_dbt', 'dbt_run', 'manual__2024-11-12T03:43:14.039386+00:00', '--job-id', '217', '--raw', '--subdir', 'DAGS_FOLDER/build_elt_with_dbt.py', '--cfg-path', '/tmp/tmpvw_r9__k']
[2024-11-12T03:43:15.126+0000] {standard_task_runner.py:91} INFO - Job 217: Subtask dbt_run
[2024-11-12T03:43:15.126+0000] {standard_task_runner.py:63} INFO - Started process 1669 to run task
[2024-11-12T03:43:15.148+0000] {task_command.py:426} INFO - Running <TaskInstance: BuildELT_dbt.dbt_run manual__2024-11-12T03:43:14.039386+00:00 [running]> on host 9e7793b7ec1a
[2024-11-12T03:43:15.188+0000] {taskinstance.py:2648} INFO - Exporting env vars: AIRFLOW_CTX_DAG_OWNER='***' AIRFLOW_CTX_DAG_ID='BuildELT_dbt' AIRFLOW_CTX_TASK_ID='dbt_run' AIRFLOW_CTX_EXECUTION_DATE='2024-11-12T03:43:14.039386+00:00' AIRFLOW_CTX_TRY_NUMBER='1' AIRFLOW_CTX_DAG_RUN_ID='manual__2024-11-12T03:43:14.039386+00:00'
[2024-11-12T03:43:15.188+0000] {taskinstance.py:430} INFO - ::endgroup::
[2024-11-12T03:43:15.196+0000] {subprocess.py:63} INFO - Tmp dir root location: /tmp
[2024-11-12T03:43:15.197+0000] {subprocess.py:75} INFO - Running command: ['/usr/bin/bash', '-c', '/home/***/.local/bin/dbt run --profiles-dir /opt/***/lab --project-dir /opt/***/lab']
[2024-11-12T03:43:15.201+0000] {subprocess.py:86} INFO - Output:
[2024-11-12T03:43:16.338+0000] {subprocess.py:93} INFO - [0m03:43:16  Running with dbt=1.8.7
[2024-11-12T03:43:16.989+0000] {subprocess.py:93} INFO - [0m03:43:16  Registered adapter: snowflake=1.8.4
[2024-11-12T03:43:17.103+0000] {subprocess.py:93} INFO - [0m03:43:17  Unable to do partial parsing because profile has changed
[2024-11-12T03:43:17.103+0000] {subprocess.py:93} INFO - [0m03:43:17  Unable to do partial parsing because a project dependency has been added
[2024-11-12T03:43:17.788+0000] {subprocess.py:93} INFO - [0m03:43:17  Found 3 models, 1 snapshot, 1 test, 2 sources, 459 macros
[2024-11-12T03:43:17.791+0000] {subprocess.py:93} INFO - [0m03:43:17
[2024-11-12T03:43:20.106+0000] {subprocess.py:93} INFO - [0m03:43:20  Concurrency: 1 threads (target='dev')
[2024-11-12T03:43:20.108+0000] {subprocess.py:93} INFO - [0m03:43:20
[2024-11-12T03:43:20.124+0000] {subprocess.py:93} INFO - [0m03:43:20  1 of 2 START sql table model stock.RSI_Calculation ............................. [RUN]
[2024-11-12T03:43:22.215+0000] {subprocess.py:93} INFO - [0m03:43:22  1 of 2 OK created sql table model stock.RSI_Calculation ........................ [[32mSUCCESS 1[0m in 2.08s]
[2024-11-12T03:43:22.231+0000] {subprocess.py:93} INFO - [0m03:43:22  2 of 2 START sql table model stock.macd_calculation ............................ [RUN]
[2024-11-12T03:43:24.096+0000] {subprocess.py:93} INFO - [0m03:43:24  2 of 2 OK created sql table model stock.macd_calculation ....................... [[32mSUCCESS 1[0m in 1.86s]
[2024-11-12T03:43:24.104+0000] {subprocess.py:93} INFO - [0m03:43:24
[2024-11-12T03:43:24.105+0000] {subprocess.py:93} INFO - [0m03:43:24  Finished running 2 table models in 0 hours 0 minutes and 6.31 seconds (6.31s).
[2024-11-12T03:43:24.145+0000] {subprocess.py:93} INFO - [0m03:43:24
[2024-11-12T03:43:24.145+0000] {subprocess.py:93} INFO - [0m03:43:24  [32mCompleted successfully[0m
[2024-11-12T03:43:24.145+0000] {subprocess.py:93} INFO - [0m03:43:24
[2024-11-12T03:43:24.146+0000] {subprocess.py:93} INFO - [0m03:43:24  Done. PASS=2 WARN=0 ERROR=0 SKIP=0 TOTAL=2
[2024-11-12T03:43:24.892+0000] {subprocess.py:97} INFO - Command exited with return code 0
[2024-11-12T03:43:24.893+0000] {taskinstance.py:441} INFO - ::group::Post task execution logs
[2024-11-12T03:43:24.919+0000] {taskinstance.py:1206} INFO - Marking task as SUCCESS. dag_id=BuildELT_dbt, task_id=dbt_run, run_id=manual__2024-11-12T03:43:14.039386+00:00, execution_date=20241112T034314, start_date=20241112T034315, end_date=20241112T034324
[2024-11-12T03:43:24.975+0000] {local_task_job_runner.py:240} INFO - Task exited with return code 0
[2024-11-12T03:43:24.997+0000] {taskinstance.py:3498} INFO - 1 downstream tasks scheduled from follow-on schedule check
[2024-11-12T03:43:24.997+0000] {local_task_job_runner.py:222} INFO - ::endgroup::
