[2024-10-18T00:54:15.558+0000] {processor.py:161} INFO - Started process (PID=10477) to work on /opt/airflow/dags/helloWorld.py
[2024-10-18T00:54:15.559+0000] {processor.py:830} INFO - Processing file /opt/airflow/dags/helloWorld.py for tasks to queue
[2024-10-18T00:54:15.561+0000] {logging_mixin.py:188} INFO - [2024-10-18T00:54:15.561+0000] {dagbag.py:545} INFO - Filling up the DagBag from /opt/airflow/dags/helloWorld.py
[2024-10-18T00:54:15.576+0000] {processor.py:840} INFO - DAG(s) 'HelloWorld' retrieved from /opt/airflow/dags/helloWorld.py
[2024-10-18T00:54:15.600+0000] {logging_mixin.py:188} INFO - [2024-10-18T00:54:15.600+0000] {dag.py:3096} INFO - Sync 1 DAGs
[2024-10-18T00:54:15.616+0000] {logging_mixin.py:188} INFO - [2024-10-18T00:54:15.615+0000] {dag.py:3954} INFO - Setting next_dagrun for HelloWorld to 2024-10-17 02:00:00+00:00, run_after=2024-10-18 02:00:00+00:00
[2024-10-18T00:54:15.628+0000] {processor.py:183} INFO - Processing /opt/airflow/dags/helloWorld.py took 0.077 seconds
[2024-10-18T01:58:48.633+0000] {processor.py:161} INFO - Started process (PID=10493) to work on /opt/airflow/dags/helloWorld.py
[2024-10-18T01:58:48.635+0000] {processor.py:830} INFO - Processing file /opt/airflow/dags/helloWorld.py for tasks to queue
[2024-10-18T01:58:48.642+0000] {logging_mixin.py:188} INFO - [2024-10-18T01:58:48.639+0000] {dagbag.py:545} INFO - Filling up the DagBag from /opt/airflow/dags/helloWorld.py
[2024-10-18T01:58:48.664+0000] {processor.py:840} INFO - DAG(s) 'HelloWorld' retrieved from /opt/airflow/dags/helloWorld.py
[2024-10-18T01:58:48.697+0000] {logging_mixin.py:188} INFO - [2024-10-18T01:58:48.697+0000] {dag.py:3096} INFO - Sync 1 DAGs
[2024-10-18T01:58:48.718+0000] {logging_mixin.py:188} INFO - [2024-10-18T01:58:48.718+0000] {dag.py:3954} INFO - Setting next_dagrun for HelloWorld to 2024-10-17 02:00:00+00:00, run_after=2024-10-18 02:00:00+00:00
[2024-10-18T01:58:48.733+0000] {processor.py:183} INFO - Processing /opt/airflow/dags/helloWorld.py took 0.110 seconds
[2024-10-18T03:27:05.806+0000] {processor.py:161} INFO - Started process (PID=10512) to work on /opt/airflow/dags/helloWorld.py
[2024-10-18T03:27:05.809+0000] {processor.py:830} INFO - Processing file /opt/airflow/dags/helloWorld.py for tasks to queue
[2024-10-18T03:27:05.812+0000] {logging_mixin.py:188} INFO - [2024-10-18T03:27:05.812+0000] {dagbag.py:545} INFO - Filling up the DagBag from /opt/airflow/dags/helloWorld.py
[2024-10-18T03:27:05.837+0000] {processor.py:840} INFO - DAG(s) 'HelloWorld' retrieved from /opt/airflow/dags/helloWorld.py
[2024-10-18T03:27:05.870+0000] {logging_mixin.py:188} INFO - [2024-10-18T03:27:05.870+0000] {dag.py:3096} INFO - Sync 1 DAGs
[2024-10-18T03:27:05.896+0000] {logging_mixin.py:188} INFO - [2024-10-18T03:27:05.896+0000] {dag.py:3954} INFO - Setting next_dagrun for HelloWorld to 2024-10-18 02:00:00+00:00, run_after=2024-10-19 02:00:00+00:00
[2024-10-18T03:27:05.915+0000] {processor.py:183} INFO - Processing /opt/airflow/dags/helloWorld.py took 0.124 seconds
[2024-10-18T03:49:22.622+0000] {processor.py:161} INFO - Started process (PID=10539) to work on /opt/airflow/dags/helloWorld.py
[2024-10-18T03:49:22.625+0000] {processor.py:830} INFO - Processing file /opt/airflow/dags/helloWorld.py for tasks to queue
[2024-10-18T03:49:22.631+0000] {logging_mixin.py:188} INFO - [2024-10-18T03:49:22.631+0000] {dagbag.py:545} INFO - Filling up the DagBag from /opt/airflow/dags/helloWorld.py
[2024-10-18T03:49:22.647+0000] {processor.py:840} INFO - DAG(s) 'HelloWorld' retrieved from /opt/airflow/dags/helloWorld.py
[2024-10-18T03:49:22.677+0000] {logging_mixin.py:188} INFO - [2024-10-18T03:49:22.676+0000] {dag.py:3096} INFO - Sync 1 DAGs
[2024-10-18T03:49:22.702+0000] {logging_mixin.py:188} INFO - [2024-10-18T03:49:22.702+0000] {dag.py:3954} INFO - Setting next_dagrun for HelloWorld to 2024-10-18 02:00:00+00:00, run_after=2024-10-19 02:00:00+00:00
[2024-10-18T03:49:22.713+0000] {processor.py:183} INFO - Processing /opt/airflow/dags/helloWorld.py took 0.108 seconds
[2024-10-18T03:49:53.101+0000] {processor.py:161} INFO - Started process (PID=10555) to work on /opt/airflow/dags/helloWorld.py
[2024-10-18T03:49:53.106+0000] {processor.py:830} INFO - Processing file /opt/airflow/dags/helloWorld.py for tasks to queue
[2024-10-18T03:49:53.108+0000] {logging_mixin.py:188} INFO - [2024-10-18T03:49:53.107+0000] {dagbag.py:545} INFO - Filling up the DagBag from /opt/airflow/dags/helloWorld.py
[2024-10-18T03:49:53.123+0000] {processor.py:840} INFO - DAG(s) 'HelloWorld' retrieved from /opt/airflow/dags/helloWorld.py
[2024-10-18T03:49:53.159+0000] {logging_mixin.py:188} INFO - [2024-10-18T03:49:53.158+0000] {dag.py:3096} INFO - Sync 1 DAGs
[2024-10-18T03:49:53.178+0000] {logging_mixin.py:188} INFO - [2024-10-18T03:49:53.178+0000] {dag.py:3954} INFO - Setting next_dagrun for HelloWorld to 2024-10-18 02:00:00+00:00, run_after=2024-10-19 02:00:00+00:00
[2024-10-18T03:49:53.192+0000] {processor.py:183} INFO - Processing /opt/airflow/dags/helloWorld.py took 0.096 seconds
[2024-10-18T03:50:23.569+0000] {processor.py:161} INFO - Started process (PID=10571) to work on /opt/airflow/dags/helloWorld.py
[2024-10-18T03:50:23.570+0000] {processor.py:830} INFO - Processing file /opt/airflow/dags/helloWorld.py for tasks to queue
[2024-10-18T03:50:23.571+0000] {logging_mixin.py:188} INFO - [2024-10-18T03:50:23.571+0000] {dagbag.py:545} INFO - Filling up the DagBag from /opt/airflow/dags/helloWorld.py
[2024-10-18T03:50:23.583+0000] {processor.py:840} INFO - DAG(s) 'HelloWorld' retrieved from /opt/airflow/dags/helloWorld.py
[2024-10-18T03:50:23.617+0000] {logging_mixin.py:188} INFO - [2024-10-18T03:50:23.617+0000] {dag.py:3096} INFO - Sync 1 DAGs
[2024-10-18T03:50:23.632+0000] {logging_mixin.py:188} INFO - [2024-10-18T03:50:23.632+0000] {dag.py:3954} INFO - Setting next_dagrun for HelloWorld to 2024-10-18 02:00:00+00:00, run_after=2024-10-19 02:00:00+00:00
[2024-10-18T03:50:23.641+0000] {processor.py:183} INFO - Processing /opt/airflow/dags/helloWorld.py took 0.077 seconds
[2024-10-18T03:50:54.048+0000] {processor.py:161} INFO - Started process (PID=10587) to work on /opt/airflow/dags/helloWorld.py
[2024-10-18T03:50:54.050+0000] {processor.py:830} INFO - Processing file /opt/airflow/dags/helloWorld.py for tasks to queue
[2024-10-18T03:50:54.055+0000] {logging_mixin.py:188} INFO - [2024-10-18T03:50:54.055+0000] {dagbag.py:545} INFO - Filling up the DagBag from /opt/airflow/dags/helloWorld.py
[2024-10-18T03:50:54.075+0000] {processor.py:840} INFO - DAG(s) 'HelloWorld' retrieved from /opt/airflow/dags/helloWorld.py
[2024-10-18T03:50:54.108+0000] {logging_mixin.py:188} INFO - [2024-10-18T03:50:54.107+0000] {dag.py:3096} INFO - Sync 1 DAGs
[2024-10-18T03:50:54.134+0000] {logging_mixin.py:188} INFO - [2024-10-18T03:50:54.134+0000] {dag.py:3954} INFO - Setting next_dagrun for HelloWorld to 2024-10-18 02:00:00+00:00, run_after=2024-10-19 02:00:00+00:00
[2024-10-18T03:50:54.147+0000] {processor.py:183} INFO - Processing /opt/airflow/dags/helloWorld.py took 0.109 seconds
[2024-10-18T03:51:24.498+0000] {processor.py:161} INFO - Started process (PID=10603) to work on /opt/airflow/dags/helloWorld.py
[2024-10-18T03:51:24.500+0000] {processor.py:830} INFO - Processing file /opt/airflow/dags/helloWorld.py for tasks to queue
[2024-10-18T03:51:24.501+0000] {logging_mixin.py:188} INFO - [2024-10-18T03:51:24.501+0000] {dagbag.py:545} INFO - Filling up the DagBag from /opt/airflow/dags/helloWorld.py
[2024-10-18T03:51:24.517+0000] {processor.py:840} INFO - DAG(s) 'HelloWorld' retrieved from /opt/airflow/dags/helloWorld.py
[2024-10-18T03:51:24.534+0000] {logging_mixin.py:188} INFO - [2024-10-18T03:51:24.534+0000] {dag.py:3096} INFO - Sync 1 DAGs
[2024-10-18T03:51:24.548+0000] {logging_mixin.py:188} INFO - [2024-10-18T03:51:24.548+0000] {dag.py:3954} INFO - Setting next_dagrun for HelloWorld to 2024-10-18 02:00:00+00:00, run_after=2024-10-19 02:00:00+00:00
[2024-10-18T03:51:24.557+0000] {processor.py:183} INFO - Processing /opt/airflow/dags/helloWorld.py took 0.065 seconds
[2024-10-18T04:07:48.474+0000] {processor.py:161} INFO - Started process (PID=10619) to work on /opt/airflow/dags/helloWorld.py
[2024-10-18T04:07:48.474+0000] {processor.py:830} INFO - Processing file /opt/airflow/dags/helloWorld.py for tasks to queue
[2024-10-18T04:07:48.477+0000] {logging_mixin.py:188} INFO - [2024-10-18T04:07:48.477+0000] {dagbag.py:545} INFO - Filling up the DagBag from /opt/airflow/dags/helloWorld.py
[2024-10-18T04:07:48.491+0000] {processor.py:840} INFO - DAG(s) 'HelloWorld' retrieved from /opt/airflow/dags/helloWorld.py
[2024-10-18T04:07:48.511+0000] {logging_mixin.py:188} INFO - [2024-10-18T04:07:48.511+0000] {dag.py:3096} INFO - Sync 1 DAGs
[2024-10-18T04:07:48.528+0000] {logging_mixin.py:188} INFO - [2024-10-18T04:07:48.528+0000] {dag.py:3954} INFO - Setting next_dagrun for HelloWorld to 2024-10-18 02:00:00+00:00, run_after=2024-10-19 02:00:00+00:00
[2024-10-18T04:07:48.537+0000] {processor.py:183} INFO - Processing /opt/airflow/dags/helloWorld.py took 0.069 seconds
[2024-10-18T04:58:06.388+0000] {processor.py:161} INFO - Started process (PID=10635) to work on /opt/airflow/dags/helloWorld.py
[2024-10-18T04:58:06.391+0000] {processor.py:830} INFO - Processing file /opt/airflow/dags/helloWorld.py for tasks to queue
[2024-10-18T04:58:06.399+0000] {logging_mixin.py:188} INFO - [2024-10-18T04:58:06.398+0000] {dagbag.py:545} INFO - Filling up the DagBag from /opt/airflow/dags/helloWorld.py
[2024-10-18T04:58:06.430+0000] {processor.py:840} INFO - DAG(s) 'HelloWorld' retrieved from /opt/airflow/dags/helloWorld.py
[2024-10-18T04:58:06.458+0000] {logging_mixin.py:188} INFO - [2024-10-18T04:58:06.457+0000] {dag.py:3096} INFO - Sync 1 DAGs
[2024-10-18T04:58:06.481+0000] {logging_mixin.py:188} INFO - [2024-10-18T04:58:06.481+0000] {dag.py:3954} INFO - Setting next_dagrun for HelloWorld to 2024-10-18 02:00:00+00:00, run_after=2024-10-19 02:00:00+00:00
[2024-10-18T04:58:06.494+0000] {processor.py:183} INFO - Processing /opt/airflow/dags/helloWorld.py took 0.114 seconds
[2024-10-18T04:58:36.820+0000] {processor.py:161} INFO - Started process (PID=10651) to work on /opt/airflow/dags/helloWorld.py
[2024-10-18T04:58:36.821+0000] {processor.py:830} INFO - Processing file /opt/airflow/dags/helloWorld.py for tasks to queue
[2024-10-18T04:58:36.825+0000] {logging_mixin.py:188} INFO - [2024-10-18T04:58:36.824+0000] {dagbag.py:545} INFO - Filling up the DagBag from /opt/airflow/dags/helloWorld.py
[2024-10-18T04:58:36.834+0000] {processor.py:840} INFO - DAG(s) 'HelloWorld' retrieved from /opt/airflow/dags/helloWorld.py
[2024-10-18T04:58:36.847+0000] {logging_mixin.py:188} INFO - [2024-10-18T04:58:36.847+0000] {dag.py:3096} INFO - Sync 1 DAGs
[2024-10-18T04:58:36.858+0000] {logging_mixin.py:188} INFO - [2024-10-18T04:58:36.858+0000] {dag.py:3954} INFO - Setting next_dagrun for HelloWorld to 2024-10-18 02:00:00+00:00, run_after=2024-10-19 02:00:00+00:00
[2024-10-18T04:58:36.869+0000] {processor.py:183} INFO - Processing /opt/airflow/dags/helloWorld.py took 0.055 seconds
[2024-10-18T04:59:07.232+0000] {processor.py:161} INFO - Started process (PID=10667) to work on /opt/airflow/dags/helloWorld.py
[2024-10-18T04:59:07.239+0000] {processor.py:830} INFO - Processing file /opt/airflow/dags/helloWorld.py for tasks to queue
[2024-10-18T04:59:07.243+0000] {logging_mixin.py:188} INFO - [2024-10-18T04:59:07.242+0000] {dagbag.py:545} INFO - Filling up the DagBag from /opt/airflow/dags/helloWorld.py
[2024-10-18T04:59:07.252+0000] {processor.py:840} INFO - DAG(s) 'HelloWorld' retrieved from /opt/airflow/dags/helloWorld.py
[2024-10-18T04:59:07.268+0000] {logging_mixin.py:188} INFO - [2024-10-18T04:59:07.268+0000] {dag.py:3096} INFO - Sync 1 DAGs
[2024-10-18T04:59:07.278+0000] {logging_mixin.py:188} INFO - [2024-10-18T04:59:07.278+0000] {dag.py:3954} INFO - Setting next_dagrun for HelloWorld to 2024-10-18 02:00:00+00:00, run_after=2024-10-19 02:00:00+00:00
[2024-10-18T04:59:07.286+0000] {processor.py:183} INFO - Processing /opt/airflow/dags/helloWorld.py took 0.060 seconds
[2024-10-18T04:59:37.645+0000] {processor.py:161} INFO - Started process (PID=10683) to work on /opt/airflow/dags/helloWorld.py
[2024-10-18T04:59:37.646+0000] {processor.py:830} INFO - Processing file /opt/airflow/dags/helloWorld.py for tasks to queue
[2024-10-18T04:59:37.648+0000] {logging_mixin.py:188} INFO - [2024-10-18T04:59:37.648+0000] {dagbag.py:545} INFO - Filling up the DagBag from /opt/airflow/dags/helloWorld.py
[2024-10-18T04:59:37.661+0000] {processor.py:840} INFO - DAG(s) 'HelloWorld' retrieved from /opt/airflow/dags/helloWorld.py
[2024-10-18T04:59:37.678+0000] {logging_mixin.py:188} INFO - [2024-10-18T04:59:37.677+0000] {dag.py:3096} INFO - Sync 1 DAGs
[2024-10-18T04:59:37.688+0000] {logging_mixin.py:188} INFO - [2024-10-18T04:59:37.688+0000] {dag.py:3954} INFO - Setting next_dagrun for HelloWorld to 2024-10-18 02:00:00+00:00, run_after=2024-10-19 02:00:00+00:00
[2024-10-18T04:59:37.697+0000] {processor.py:183} INFO - Processing /opt/airflow/dags/helloWorld.py took 0.057 seconds
[2024-10-18T05:00:08.054+0000] {processor.py:161} INFO - Started process (PID=10699) to work on /opt/airflow/dags/helloWorld.py
[2024-10-18T05:00:08.055+0000] {processor.py:830} INFO - Processing file /opt/airflow/dags/helloWorld.py for tasks to queue
[2024-10-18T05:00:08.058+0000] {logging_mixin.py:188} INFO - [2024-10-18T05:00:08.058+0000] {dagbag.py:545} INFO - Filling up the DagBag from /opt/airflow/dags/helloWorld.py
[2024-10-18T05:00:08.068+0000] {processor.py:840} INFO - DAG(s) 'HelloWorld' retrieved from /opt/airflow/dags/helloWorld.py
[2024-10-18T05:00:08.084+0000] {logging_mixin.py:188} INFO - [2024-10-18T05:00:08.084+0000] {dag.py:3096} INFO - Sync 1 DAGs
[2024-10-18T05:00:08.095+0000] {logging_mixin.py:188} INFO - [2024-10-18T05:00:08.095+0000] {dag.py:3954} INFO - Setting next_dagrun for HelloWorld to 2024-10-18 02:00:00+00:00, run_after=2024-10-19 02:00:00+00:00
[2024-10-18T05:00:08.105+0000] {processor.py:183} INFO - Processing /opt/airflow/dags/helloWorld.py took 0.057 seconds
[2024-10-18T05:46:54.018+0000] {processor.py:161} INFO - Started process (PID=10715) to work on /opt/airflow/dags/helloWorld.py
[2024-10-18T05:46:54.023+0000] {processor.py:830} INFO - Processing file /opt/airflow/dags/helloWorld.py for tasks to queue
[2024-10-18T05:46:54.030+0000] {logging_mixin.py:188} INFO - [2024-10-18T05:46:54.030+0000] {dagbag.py:545} INFO - Filling up the DagBag from /opt/airflow/dags/helloWorld.py
[2024-10-18T05:46:54.054+0000] {processor.py:840} INFO - DAG(s) 'HelloWorld' retrieved from /opt/airflow/dags/helloWorld.py
[2024-10-18T05:46:54.085+0000] {logging_mixin.py:188} INFO - [2024-10-18T05:46:54.084+0000] {dag.py:3096} INFO - Sync 1 DAGs
[2024-10-18T05:46:54.113+0000] {logging_mixin.py:188} INFO - [2024-10-18T05:46:54.112+0000] {dag.py:3954} INFO - Setting next_dagrun for HelloWorld to 2024-10-18 02:00:00+00:00, run_after=2024-10-19 02:00:00+00:00
[2024-10-18T05:46:54.124+0000] {processor.py:183} INFO - Processing /opt/airflow/dags/helloWorld.py took 0.124 seconds
[2024-10-18T05:47:24.482+0000] {processor.py:161} INFO - Started process (PID=10730) to work on /opt/airflow/dags/helloWorld.py
[2024-10-18T05:47:24.484+0000] {processor.py:830} INFO - Processing file /opt/airflow/dags/helloWorld.py for tasks to queue
[2024-10-18T05:47:24.487+0000] {logging_mixin.py:188} INFO - [2024-10-18T05:47:24.486+0000] {dagbag.py:545} INFO - Filling up the DagBag from /opt/airflow/dags/helloWorld.py
[2024-10-18T05:47:24.508+0000] {processor.py:840} INFO - DAG(s) 'HelloWorld' retrieved from /opt/airflow/dags/helloWorld.py
[2024-10-18T05:47:24.554+0000] {logging_mixin.py:188} INFO - [2024-10-18T05:47:24.554+0000] {dag.py:3096} INFO - Sync 1 DAGs
[2024-10-18T05:47:24.576+0000] {logging_mixin.py:188} INFO - [2024-10-18T05:47:24.576+0000] {dag.py:3954} INFO - Setting next_dagrun for HelloWorld to 2024-10-18 02:00:00+00:00, run_after=2024-10-19 02:00:00+00:00
[2024-10-18T05:47:24.598+0000] {processor.py:183} INFO - Processing /opt/airflow/dags/helloWorld.py took 0.135 seconds
