[2024-11-12T19:33:53.522+0000] {local_task_job_runner.py:120} INFO - ::group::Pre task execution logs
[2024-11-12T19:33:53.543+0000] {taskinstance.py:2076} INFO - Dependencies all met for dep_context=non-requeueable deps ti=<TaskInstance: BuildELT_dbt.dbt_run manual__2024-11-12T19:33:52.386301+00:00 [queued]>
[2024-11-12T19:33:53.546+0000] {taskinstance.py:2076} INFO - Dependencies all met for dep_context=requeueable deps ti=<TaskInstance: BuildELT_dbt.dbt_run manual__2024-11-12T19:33:52.386301+00:00 [queued]>
[2024-11-12T19:33:53.547+0000] {taskinstance.py:2306} INFO - Starting attempt 1 of 1
[2024-11-12T19:33:53.551+0000] {taskinstance.py:2330} INFO - Executing <Task(BashOperator): dbt_run> on 2024-11-12 19:33:52.386301+00:00
[2024-11-12T19:33:53.559+0000] {logging_mixin.py:188} WARNING - /home/***/.local/lib/python3.12/site-packages/***/task/task_runner/standard_task_runner.py:61 DeprecationWarning: This process (pid=423) is multi-threaded, use of fork() may lead to deadlocks in the child.
[2024-11-12T19:33:53.557+0000] {standard_task_runner.py:90} INFO - Running: ['***', 'tasks', 'run', 'BuildELT_dbt', 'dbt_run', 'manual__2024-11-12T19:33:52.386301+00:00', '--job-id', '272', '--raw', '--subdir', 'DAGS_FOLDER/build_elt_with_dbt.py', '--cfg-path', '/tmp/tmple42w6va']
[2024-11-12T19:33:53.560+0000] {standard_task_runner.py:91} INFO - Job 272: Subtask dbt_run
[2024-11-12T19:33:53.560+0000] {standard_task_runner.py:63} INFO - Started process 424 to run task
[2024-11-12T19:33:53.585+0000] {task_command.py:426} INFO - Running <TaskInstance: BuildELT_dbt.dbt_run manual__2024-11-12T19:33:52.386301+00:00 [running]> on host 1d275d47a176
[2024-11-12T19:33:53.622+0000] {taskinstance.py:2648} INFO - Exporting env vars: AIRFLOW_CTX_DAG_OWNER='***' AIRFLOW_CTX_DAG_ID='BuildELT_dbt' AIRFLOW_CTX_TASK_ID='dbt_run' AIRFLOW_CTX_EXECUTION_DATE='2024-11-12T19:33:52.386301+00:00' AIRFLOW_CTX_TRY_NUMBER='1' AIRFLOW_CTX_DAG_RUN_ID='manual__2024-11-12T19:33:52.386301+00:00'
[2024-11-12T19:33:53.622+0000] {taskinstance.py:430} INFO - ::endgroup::
[2024-11-12T19:33:53.630+0000] {subprocess.py:63} INFO - Tmp dir root location: /tmp
[2024-11-12T19:33:53.630+0000] {subprocess.py:75} INFO - Running command: ['/usr/bin/bash', '-c', '/home/***/.local/bin/dbt run --profiles-dir /opt/***/lab --project-dir /opt/***/lab']
[2024-11-12T19:33:53.634+0000] {subprocess.py:86} INFO - Output:
[2024-11-12T19:33:54.708+0000] {subprocess.py:93} INFO - [0m19:33:54  Running with dbt=1.8.7
[2024-11-12T19:33:55.191+0000] {subprocess.py:93} INFO - [0m19:33:55  Registered adapter: snowflake=1.8.4
[2024-11-12T19:33:55.383+0000] {subprocess.py:93} INFO - [0m19:33:55  Found 3 models, 1 test, 1 snapshot, 2 sources, 459 macros
[2024-11-12T19:33:55.385+0000] {subprocess.py:93} INFO - [0m19:33:55
[2024-11-12T19:33:57.841+0000] {subprocess.py:93} INFO - [0m19:33:57  Concurrency: 1 threads (target='dev')
[2024-11-12T19:33:57.843+0000] {subprocess.py:93} INFO - [0m19:33:57
[2024-11-12T19:33:57.856+0000] {subprocess.py:93} INFO - [0m19:33:57  1 of 2 START sql table model stock.RSI_Calculation ............................. [RUN]
[2024-11-12T19:33:59.516+0000] {subprocess.py:93} INFO - [0m19:33:59  1 of 2 OK created sql table model stock.RSI_Calculation ........................ [[32mSUCCESS 1[0m in 1.66s]
[2024-11-12T19:33:59.529+0000] {subprocess.py:93} INFO - [0m19:33:59  2 of 2 START sql table model stock.macd_calculation ............................ [RUN]
[2024-11-12T19:34:01.345+0000] {subprocess.py:93} INFO - [0m19:34:01  2 of 2 OK created sql table model stock.macd_calculation ....................... [[32mSUCCESS 1[0m in 1.81s]
[2024-11-12T19:34:01.349+0000] {subprocess.py:93} INFO - [0m19:34:01
[2024-11-12T19:34:01.350+0000] {subprocess.py:93} INFO - [0m19:34:01  Finished running 2 table models in 0 hours 0 minutes and 5.96 seconds (5.96s).
[2024-11-12T19:34:01.380+0000] {subprocess.py:93} INFO - [0m19:34:01
[2024-11-12T19:34:01.380+0000] {subprocess.py:93} INFO - [0m19:34:01  [32mCompleted successfully[0m
[2024-11-12T19:34:01.381+0000] {subprocess.py:93} INFO - [0m19:34:01
[2024-11-12T19:34:01.381+0000] {subprocess.py:93} INFO - [0m19:34:01  Done. PASS=2 WARN=0 ERROR=0 SKIP=0 TOTAL=2
[2024-11-12T19:34:02.009+0000] {subprocess.py:97} INFO - Command exited with return code 0
[2024-11-12T19:34:02.010+0000] {taskinstance.py:441} INFO - ::group::Post task execution logs
[2024-11-12T19:34:02.024+0000] {taskinstance.py:1206} INFO - Marking task as SUCCESS. dag_id=BuildELT_dbt, task_id=dbt_run, run_id=manual__2024-11-12T19:33:52.386301+00:00, execution_date=20241112T193352, start_date=20241112T193353, end_date=20241112T193402
[2024-11-12T19:34:02.060+0000] {local_task_job_runner.py:240} INFO - Task exited with return code 0
[2024-11-12T19:34:02.071+0000] {taskinstance.py:3498} INFO - 1 downstream tasks scheduled from follow-on schedule check
[2024-11-12T19:34:02.072+0000] {local_task_job_runner.py:222} INFO - ::endgroup::
