[2024-11-12T19:22:21.433+0000] {local_task_job_runner.py:120} INFO - ::group::Pre task execution logs
[2024-11-12T19:22:21.451+0000] {taskinstance.py:2076} INFO - Dependencies all met for dep_context=non-requeueable deps ti=<TaskInstance: BuildELT_dbt.dbt_snapshot manual__2024-11-12T19:22:01.846566+00:00 [queued]>
[2024-11-12T19:22:21.455+0000] {taskinstance.py:2076} INFO - Dependencies all met for dep_context=requeueable deps ti=<TaskInstance: BuildELT_dbt.dbt_snapshot manual__2024-11-12T19:22:01.846566+00:00 [queued]>
[2024-11-12T19:22:21.455+0000] {taskinstance.py:2306} INFO - Starting attempt 1 of 1
[2024-11-12T19:22:21.461+0000] {taskinstance.py:2330} INFO - Executing <Task(BashOperator): dbt_snapshot> on 2024-11-12 19:22:01.846566+00:00
[2024-11-12T19:22:21.466+0000] {standard_task_runner.py:90} INFO - Running: ['***', 'tasks', 'run', 'BuildELT_dbt', 'dbt_snapshot', 'manual__2024-11-12T19:22:01.846566+00:00', '--job-id', '268', '--raw', '--subdir', 'DAGS_FOLDER/build_elt_with_dbt.py', '--cfg-path', '/tmp/tmpmkm5zqso']
[2024-11-12T19:22:21.468+0000] {standard_task_runner.py:91} INFO - Job 268: Subtask dbt_snapshot
[2024-11-12T19:22:21.467+0000] {logging_mixin.py:188} WARNING - /home/***/.local/lib/python3.12/site-packages/***/task/task_runner/standard_task_runner.py:61 DeprecationWarning: This process (pid=501) is multi-threaded, use of fork() may lead to deadlocks in the child.
[2024-11-12T19:22:21.468+0000] {standard_task_runner.py:63} INFO - Started process 502 to run task
[2024-11-12T19:22:21.484+0000] {task_command.py:426} INFO - Running <TaskInstance: BuildELT_dbt.dbt_snapshot manual__2024-11-12T19:22:01.846566+00:00 [running]> on host 7e37cfc765ee
[2024-11-12T19:22:21.520+0000] {taskinstance.py:2648} INFO - Exporting env vars: AIRFLOW_CTX_DAG_OWNER='***' AIRFLOW_CTX_DAG_ID='BuildELT_dbt' AIRFLOW_CTX_TASK_ID='dbt_snapshot' AIRFLOW_CTX_EXECUTION_DATE='2024-11-12T19:22:01.846566+00:00' AIRFLOW_CTX_TRY_NUMBER='1' AIRFLOW_CTX_DAG_RUN_ID='manual__2024-11-12T19:22:01.846566+00:00'
[2024-11-12T19:22:21.521+0000] {taskinstance.py:430} INFO - ::endgroup::
[2024-11-12T19:22:21.528+0000] {subprocess.py:63} INFO - Tmp dir root location: /tmp
[2024-11-12T19:22:21.528+0000] {subprocess.py:75} INFO - Running command: ['/usr/bin/bash', '-c', '/home/***/.local/bin/dbt snapshot --profiles-dir /opt/***/lab --project-dir /opt/***/lab']
[2024-11-12T19:22:21.531+0000] {subprocess.py:86} INFO - Output:
[2024-11-12T19:22:22.551+0000] {subprocess.py:93} INFO - [0m19:22:22  Running with dbt=1.8.7
[2024-11-12T19:22:23.052+0000] {subprocess.py:93} INFO - [0m19:22:23  Registered adapter: snowflake=1.8.4
[2024-11-12T19:22:23.247+0000] {subprocess.py:93} INFO - [0m19:22:23  Found 3 models, 1 test, 1 snapshot, 2 sources, 459 macros
[2024-11-12T19:22:23.248+0000] {subprocess.py:93} INFO - [0m19:22:23
[2024-11-12T19:22:25.567+0000] {subprocess.py:93} INFO - [0m19:22:25  Concurrency: 1 threads (target='dev')
[2024-11-12T19:22:25.573+0000] {subprocess.py:93} INFO - [0m19:22:25
[2024-11-12T19:22:25.589+0000] {subprocess.py:93} INFO - [0m19:22:25  1 of 1 START snapshot snapshot.snapshot_macd_calculation ....................... [RUN]
[2024-11-12T19:22:30.539+0000] {subprocess.py:93} INFO - [0m19:22:30  1 of 1 OK snapshotted snapshot.snapshot_macd_calculation ....................... [[32mSUCCESS 0[0m in 4.94s]
[2024-11-12T19:22:30.548+0000] {subprocess.py:93} INFO - [0m19:22:30
[2024-11-12T19:22:30.549+0000] {subprocess.py:93} INFO - [0m19:22:30  Finished running 1 snapshot in 0 hours 0 minutes and 7.30 seconds (7.30s).
[2024-11-12T19:22:30.583+0000] {subprocess.py:93} INFO - [0m19:22:30
[2024-11-12T19:22:30.584+0000] {subprocess.py:93} INFO - [0m19:22:30  [32mCompleted successfully[0m
[2024-11-12T19:22:30.584+0000] {subprocess.py:93} INFO - [0m19:22:30
[2024-11-12T19:22:30.585+0000] {subprocess.py:93} INFO - [0m19:22:30  Done. PASS=1 WARN=0 ERROR=0 SKIP=0 TOTAL=1
[2024-11-12T19:22:31.197+0000] {subprocess.py:97} INFO - Command exited with return code 0
[2024-11-12T19:22:31.198+0000] {taskinstance.py:441} INFO - ::group::Post task execution logs
[2024-11-12T19:22:31.224+0000] {taskinstance.py:1206} INFO - Marking task as SUCCESS. dag_id=BuildELT_dbt, task_id=dbt_snapshot, run_id=manual__2024-11-12T19:22:01.846566+00:00, execution_date=20241112T192201, start_date=20241112T192221, end_date=20241112T192231
[2024-11-12T19:22:31.251+0000] {local_task_job_runner.py:240} INFO - Task exited with return code 0
[2024-11-12T19:22:31.262+0000] {taskinstance.py:3498} INFO - 0 downstream tasks scheduled from follow-on schedule check
[2024-11-12T19:22:31.262+0000] {local_task_job_runner.py:222} INFO - ::endgroup::
