[2024-11-10T23:05:13.031+0000] {local_task_job_runner.py:120} INFO - ::group::Pre task execution logs
[2024-11-10T23:05:13.152+0000] {taskinstance.py:2076} INFO - Dependencies all met for dep_context=non-requeueable deps ti=<TaskInstance: Pipeline_STOCK_ETL.create_load_incremental manual__2024-11-10T23:04:46.676805+00:00 [queued]>
[2024-11-10T23:05:13.170+0000] {taskinstance.py:2076} INFO - Dependencies all met for dep_context=requeueable deps ti=<TaskInstance: Pipeline_STOCK_ETL.create_load_incremental manual__2024-11-10T23:04:46.676805+00:00 [queued]>
[2024-11-10T23:05:13.171+0000] {taskinstance.py:2306} INFO - Starting attempt 1 of 1
[2024-11-10T23:05:13.184+0000] {taskinstance.py:2330} INFO - Executing <Task(_PythonDecoratedOperator): create_load_incremental> on 2024-11-10 23:04:46.676805+00:00
[2024-11-10T23:05:13.202+0000] {logging_mixin.py:188} WARNING - /home/***/.local/lib/python3.12/site-packages/***/task/task_runner/standard_task_runner.py:61 DeprecationWarning: This process (pid=1996) is multi-threaded, use of fork() may lead to deadlocks in the child.
[2024-11-10T23:05:13.199+0000] {standard_task_runner.py:90} INFO - Running: ['***', 'tasks', 'run', 'Pipeline_STOCK_ETL', 'create_load_incremental', 'manual__2024-11-10T23:04:46.676805+00:00', '--job-id', '157', '--raw', '--subdir', 'DAGS_FOLDER/stock_pipeline_ETL_Lab2.py', '--cfg-path', '/tmp/tmpyyjtq15e']
[2024-11-10T23:05:13.205+0000] {standard_task_runner.py:91} INFO - Job 157: Subtask create_load_incremental
[2024-11-10T23:05:13.205+0000] {standard_task_runner.py:63} INFO - Started process 2015 to run task
[2024-11-10T23:05:13.270+0000] {task_command.py:426} INFO - Running <TaskInstance: Pipeline_STOCK_ETL.create_load_incremental manual__2024-11-10T23:04:46.676805+00:00 [running]> on host 599a8e9540bd
[2024-11-10T23:05:13.479+0000] {taskinstance.py:2648} INFO - Exporting env vars: AIRFLOW_CTX_DAG_OWNER='***' AIRFLOW_CTX_DAG_ID='Pipeline_STOCK_ETL' AIRFLOW_CTX_TASK_ID='create_load_incremental' AIRFLOW_CTX_EXECUTION_DATE='2024-11-10T23:04:46.676805+00:00' AIRFLOW_CTX_TRY_NUMBER='1' AIRFLOW_CTX_DAG_RUN_ID='manual__2024-11-10T23:04:46.676805+00:00'
[2024-11-10T23:05:13.480+0000] {taskinstance.py:430} INFO - ::endgroup::
[2024-11-10T23:05:13.495+0000] {base.py:84} INFO - Using connection ID 'snowflake_conn' for task execution.
[2024-11-10T23:05:13.500+0000] {connection.py:399} INFO - Snowflake Connector for Python Version: 3.10.0, Python Version: 3.12.3, Platform: Linux-6.10.4-linuxkit-aarch64-with-glibc2.36
[2024-11-10T23:05:13.501+0000] {connection.py:1239} INFO - This connection is in OCSP Fail Open Mode. TLS Certificates would be checked for validity and revocation status. Any other Certificate Revocation related exceptions or OCSP Responder failures would be disregarded in favor of connectivity.
[2024-11-10T23:05:14.295+0000] {cursor.py:1149} INFO - Number of results in first chunk: 1
[2024-11-10T23:05:14.641+0000] {cursor.py:1149} INFO - Number of results in first chunk: 1
[2024-11-10T23:06:28.538+0000] {cursor.py:1149} INFO - Number of results in first chunk: 1
[2024-11-10T23:06:29.239+0000] {cursor.py:1149} INFO - Number of results in first chunk: 1
[2024-11-10T23:06:29.240+0000] {logging_mixin.py:188} INFO - Stage Table dev.stock.stock_price_stage, Target table create 'dev.stock.stock_price_analysis', Data loaded successfully in both the tables using Incremental Load 
[2024-11-10T23:06:29.242+0000] {python.py:237} INFO - Done. Returned value was: None
[2024-11-10T23:06:29.244+0000] {taskinstance.py:441} INFO - ::group::Post task execution logs
[2024-11-10T23:06:29.277+0000] {taskinstance.py:1206} INFO - Marking task as SUCCESS. dag_id=Pipeline_STOCK_ETL, task_id=create_load_incremental, run_id=manual__2024-11-10T23:04:46.676805+00:00, execution_date=20241110T230446, start_date=20241110T230513, end_date=20241110T230629
[2024-11-10T23:06:29.314+0000] {local_task_job_runner.py:240} INFO - Task exited with return code 0
[2024-11-10T23:06:29.348+0000] {taskinstance.py:3498} INFO - 1 downstream tasks scheduled from follow-on schedule check
[2024-11-10T23:06:29.351+0000] {local_task_job_runner.py:222} INFO - ::endgroup::
