[2024-11-12T04:10:03.850+0000] {local_task_job_runner.py:120} INFO - ::group::Pre task execution logs
[2024-11-12T04:10:03.876+0000] {taskinstance.py:2076} INFO - Dependencies all met for dep_context=non-requeueable deps ti=<TaskInstance: BuildELT_dbt.dbt_run manual__2024-11-12T04:10:03.168915+00:00 [queued]>
[2024-11-12T04:10:03.882+0000] {taskinstance.py:2076} INFO - Dependencies all met for dep_context=requeueable deps ti=<TaskInstance: BuildELT_dbt.dbt_run manual__2024-11-12T04:10:03.168915+00:00 [queued]>
[2024-11-12T04:10:03.883+0000] {taskinstance.py:2306} INFO - Starting attempt 1 of 1
[2024-11-12T04:10:03.907+0000] {taskinstance.py:2330} INFO - Executing <Task(BashOperator): dbt_run> on 2024-11-12 04:10:03.168915+00:00
[2024-11-12T04:10:03.916+0000] {logging_mixin.py:188} WARNING - /home/***/.local/lib/python3.12/site-packages/***/task/task_runner/standard_task_runner.py:61 DeprecationWarning: This process (pid=382) is multi-threaded, use of fork() may lead to deadlocks in the child.
[2024-11-12T04:10:03.915+0000] {standard_task_runner.py:90} INFO - Running: ['***', 'tasks', 'run', 'BuildELT_dbt', 'dbt_run', 'manual__2024-11-12T04:10:03.168915+00:00', '--job-id', '235', '--raw', '--subdir', 'DAGS_FOLDER/build_elt_with_dbt.py', '--cfg-path', '/tmp/tmp2atqbg2w']
[2024-11-12T04:10:03.917+0000] {standard_task_runner.py:91} INFO - Job 235: Subtask dbt_run
[2024-11-12T04:10:03.916+0000] {standard_task_runner.py:63} INFO - Started process 383 to run task
[2024-11-12T04:10:03.947+0000] {task_command.py:426} INFO - Running <TaskInstance: BuildELT_dbt.dbt_run manual__2024-11-12T04:10:03.168915+00:00 [running]> on host c4dbd180ae41
[2024-11-12T04:10:04.001+0000] {taskinstance.py:2648} INFO - Exporting env vars: AIRFLOW_CTX_DAG_OWNER='***' AIRFLOW_CTX_DAG_ID='BuildELT_dbt' AIRFLOW_CTX_TASK_ID='dbt_run' AIRFLOW_CTX_EXECUTION_DATE='2024-11-12T04:10:03.168915+00:00' AIRFLOW_CTX_TRY_NUMBER='1' AIRFLOW_CTX_DAG_RUN_ID='manual__2024-11-12T04:10:03.168915+00:00'
[2024-11-12T04:10:04.001+0000] {taskinstance.py:430} INFO - ::endgroup::
[2024-11-12T04:10:04.016+0000] {subprocess.py:63} INFO - Tmp dir root location: /tmp
[2024-11-12T04:10:04.016+0000] {subprocess.py:75} INFO - Running command: ['/usr/bin/bash', '-c', '/home/***/.local/bin/dbt run --profiles-dir /opt/***/lab --project-dir /opt/***/lab']
[2024-11-12T04:10:04.021+0000] {subprocess.py:86} INFO - Output:
[2024-11-12T04:10:05.134+0000] {subprocess.py:93} INFO - [0m04:10:05  Running with dbt=1.8.7
[2024-11-12T04:10:05.657+0000] {subprocess.py:93} INFO - [0m04:10:05  Registered adapter: snowflake=1.8.4
[2024-11-12T04:10:05.847+0000] {subprocess.py:93} INFO - [0m04:10:05  Found 3 models, 1 snapshot, 1 test, 2 sources, 459 macros
[2024-11-12T04:10:05.849+0000] {subprocess.py:93} INFO - [0m04:10:05
[2024-11-12T04:10:08.386+0000] {subprocess.py:93} INFO - [0m04:10:08  Concurrency: 1 threads (target='dev')
[2024-11-12T04:10:08.388+0000] {subprocess.py:93} INFO - [0m04:10:08
[2024-11-12T04:10:08.406+0000] {subprocess.py:93} INFO - [0m04:10:08  1 of 2 START sql table model stock.RSI_Calculation ............................. [RUN]
[2024-11-12T04:10:10.384+0000] {subprocess.py:93} INFO - [0m04:10:10  1 of 2 OK created sql table model stock.RSI_Calculation ........................ [[32mSUCCESS 1[0m in 1.97s]
[2024-11-12T04:10:10.397+0000] {subprocess.py:93} INFO - [0m04:10:10  2 of 2 START sql table model stock.macd_calculation ............................ [RUN]
[2024-11-12T04:10:12.434+0000] {subprocess.py:93} INFO - [0m04:10:12  2 of 2 OK created sql table model stock.macd_calculation ....................... [[32mSUCCESS 1[0m in 2.03s]
[2024-11-12T04:10:12.443+0000] {subprocess.py:93} INFO - [0m04:10:12
[2024-11-12T04:10:12.443+0000] {subprocess.py:93} INFO - [0m04:10:12  Finished running 2 table models in 0 hours 0 minutes and 6.59 seconds (6.59s).
[2024-11-12T04:10:12.481+0000] {subprocess.py:93} INFO - [0m04:10:12
[2024-11-12T04:10:12.482+0000] {subprocess.py:93} INFO - [0m04:10:12  [32mCompleted successfully[0m
[2024-11-12T04:10:12.482+0000] {subprocess.py:93} INFO - [0m04:10:12
[2024-11-12T04:10:12.483+0000] {subprocess.py:93} INFO - [0m04:10:12  Done. PASS=2 WARN=0 ERROR=0 SKIP=0 TOTAL=2
[2024-11-12T04:10:13.136+0000] {subprocess.py:97} INFO - Command exited with return code 0
[2024-11-12T04:10:13.137+0000] {taskinstance.py:441} INFO - ::group::Post task execution logs
[2024-11-12T04:10:13.151+0000] {taskinstance.py:1206} INFO - Marking task as SUCCESS. dag_id=BuildELT_dbt, task_id=dbt_run, run_id=manual__2024-11-12T04:10:03.168915+00:00, execution_date=20241112T041003, start_date=20241112T041003, end_date=20241112T041013
[2024-11-12T04:10:13.166+0000] {local_task_job_runner.py:240} INFO - Task exited with return code 0
[2024-11-12T04:10:13.179+0000] {taskinstance.py:3498} INFO - 1 downstream tasks scheduled from follow-on schedule check
[2024-11-12T04:10:13.179+0000] {local_task_job_runner.py:222} INFO - ::endgroup::
